<html>
<head>
<title>TestNG:  Default test</title>
<link href="../testng.css" rel="stylesheet" type="text/css" />
<link href="../my-testng.css" rel="stylesheet" type="text/css" />

<style type="text/css">
.log { display: none;} 
.stack-trace { display: none;} 
</style>
<script type="text/javascript">
<!--
function flip(e) {
  current = e.style.display;
  if (current == 'block') {
    e.style.display = 'none';
    return 0;
  }
  else {
    e.style.display = 'block';
    return 1;
  }
}

function toggleBox(szDivId, elem, msg1, msg2)
{
  var res = -1;  if (document.getElementById) {
    res = flip(document.getElementById(szDivId));
  }
  else if (document.all) {
    // this is the way old msie versions work
    res = flip(document.all[szDivId]);
  }
  if(elem) {
    if(res == 0) elem.innerHTML = msg1; else elem.innerHTML = msg2;
  }

}

function toggleAllBoxes() {
  if (document.getElementsByTagName) {
    d = document.getElementsByTagName('div');
    for (i = 0; i < d.length; i++) {
      if (d[i].className == 'log') {
        flip(d[i]);
      }
    }
  }
}

// -->
</script>

</head>
<body>
<h2 align='center'>Default test</h2><table border='1' align="center">
<tr>
<<<<<<< Updated upstream
<<<<<<< HEAD
<td>Tests passed/Failed/Skipped:</td><td>14/2/0</td>
</tr><tr>
<td>Started on:</td><td>Tue May 21 16:52:59 IST 2019</td>
</tr>
<tr><td>Total time:</td><td>292 seconds (292131 ms)</td>
=======
<td>Tests passed/Failed/Skipped:</td><td>8/1/0</td>
=======
<td>Tests passed/Failed/Skipped:</td><td>8/14/0</td>
>>>>>>> Stashed changes
</tr><tr>
<td>Started on:</td><td>Tue May 21 17:03:35 IST 2019</td>
</tr>
<<<<<<< Updated upstream
<tr><td>Total time:</td><td>161 seconds (161198 ms)</td>
>>>>>>> d431cf34496f5e28fcc3fbc057b2d6c3c2319536
=======
<tr><td>Total time:</td><td>399 seconds (399356 ms)</td>
>>>>>>> Stashed changes
</tr><tr>
<td>Included groups:</td><td></td>
</tr><tr>
<td>Excluded groups:</td><td></td>
</tr>
</table><p/>
<small><i>(Hover the method name to see the test class name)</i></small><p/>
<table width='100%' border='1' class='invocation-failed'>
<tr><td colspan='4' align='center'><b>FAILED TESTS</b></td></tr>
<tr><td><b>Test method</b></td>
<td width="30%"><b>Exception</b></td>
<td width="10%"><b>Time (seconds)</b></td>
<td><b>Instance</b></td>
</tr>
<tr>
<<<<<<< Updated upstream
<<<<<<< HEAD
<td title='com.ghana.app.qa.testcases.PartiallyFilledApplicatlionTest.AlreadySubmittedPartiallyFilledTest()'><b>AlreadySubmittedPartiallyFilledTest</b><br>Test class: com.ghana.app.qa.testcases.PartiallyFilledApplicatlionTest<br/>
<a href="#Output-103433239" onClick='toggleBox("Output-103433239", this, "Show output", "Hide output");'>Show output</a>

<a href="#Output-103433239" onClick="toggleAllBoxes();">Show all outputs</a>
<div class='log' id="Output-103433239">
About to begin executing following method : PartiallyFilledApplicatlionTest.AlreadySubmittedPartiallyFilledTest<br/>
Completed executing following method : PartiallyFilledApplicatlionTest.AlreadySubmittedPartiallyFilledTest<br/>
</div>
</td>
<td><div><pre>org.openqa.selenium.NoSuchElementException: no such element: Unable to locate element: {&quot;method&quot;:&quot;xpath&quot;,&quot;selector&quot;:&quot;//button[contains(text(),&apos;Partially/Filled Application&apos;)]&quot;}
  (Session info: chrome=74.0.3729.157)
  (Driver info: chromedriver=74.0.3729.6 (255758eccf3d244491b8a1317aa76e1ce10d57e9-refs/branch-heads/3729@{#29}),platform=Windows NT 6.1.7601 SP1 x86_64) (WARNING: The server did not provide any stacktrace information)
=======
<td title='com.ghana.app.qa.testcases.ConsulatePageFlagTest.verifyApplicaInRejectApplicationBucket()'><b>verifyApplicaInRejectApplicationBucket</b><br>Test class: com.ghana.app.qa.testcases.ConsulatePageFlagTest<br>Test method: This test will verify whether application is sent to HCD side<br/>
<a href="#Output-1456464145" onClick='toggleBox("Output-1456464145", this, "Show output", "Hide output");'>Show output</a>
=======
<td title='com.ghana.app.qa.testcases.HighCommissionPageApproveTest.approveApplication()'><b>approveApplication</b><br>Test class: com.ghana.app.qa.testcases.HighCommissionPageApproveTest<br>Test method: Click On Approve And Verify Pop Text and then click on Cancel, Verify that on which page navigated<br/>
<a href="#Output-382788897" onClick='toggleBox("Output-382788897", this, "Show output", "Hide output");'>Show output</a>
>>>>>>> Stashed changes

<a href="#Output-382788897" onClick="toggleAllBoxes();">Show all outputs</a>
<div class='log' id="Output-382788897">
About to begin executing following method : HighCommissionPageApproveTest.approveApplication<br/>
Completed executing following method : HighCommissionPageApproveTest.approveApplication<br/>
</div>
</td>
<td><div><pre>java.lang.AssertionError: The following asserts failed:
	Provided and Get Landmark are not matched 2 expected [77436 Fairview Trail, Sekondi-Takoradi,Kumasi,Ashanti[4],Ghana,GA015] but found [77436 Fairview Trail, Sekondi-Takoradi]
	at org.testng.asserts.SoftAssert.assertAll(SoftAssert.java:43)
	at com.ghana.app.qa.testcases.HighCommissionPageApproveTest.approveApplication(HighCommissionPageApproveTest.java:346)
	at sun.reflect.NativeMethodAccessorImpl.invoke0(Native Method)
	at sun.reflect.NativeMethodAccessorImpl.invoke(Unknown Source)
	at sun.reflect.DelegatingMethodAccessorImpl.invoke(Unknown Source)
	at java.lang.reflect.Method.invoke(Unknown Source)
	at org.testng.internal.MethodInvocationHelper.invokeMethod(MethodInvocationHelper.java:124)
	at org.testng.internal.Invoker.invokeMethod(Invoker.java:580)
	at org.testng.internal.Invoker.invokeTestMethod(Invoker.java:716)
	at org.testng.internal.Invoker.invokeTestMethods(Invoker.java:988)
	at org.testng.internal.TestMethodWorker.invokeTestMethods(TestMethodWorker.java:125)
	at org.testng.internal.TestMethodWorker.run(TestMethodWorker.java:109)
	at org.testng.TestRunner.privateRun(TestRunner.java:648)
	at org.testng.TestRunner.run(TestRunner.java:505)
	at org.testng.SuiteRunner.runTest(SuiteRunner.java:455)
	at org.testng.SuiteRunner.runSequentially(SuiteRunner.java:450)
	at org.testng.SuiteRunner.privateRun(SuiteRunner.java:415)
	at org.testng.SuiteRunner.run(SuiteRunner.java:364)
	at org.testng.SuiteRunnerWorker.runSuite(SuiteRunnerWorker.java:52)
	at org.testng.SuiteRunnerWorker.run(SuiteRunnerWorker.java:84)
	at org.testng.TestNG.runSuitesSequentially(TestNG.java:1208)
	at org.testng.TestNG.runSuitesLocally(TestNG.java:1137)
	at org.testng.TestNG.runSuites(TestNG.java:1049)
	at org.testng.TestNG.run(TestNG.java:1017)
	at org.testng.remote.AbstractRemoteTestNG.run(AbstractRemoteTestNG.java:114)
	at org.testng.remote.RemoteTestNG.initAndRun(RemoteTestNG.java:251)
	at org.testng.remote.RemoteTestNG.main(RemoteTestNG.java:77)
</pre></div><a href='#' onClick='toggleBox("stack-trace382788897", this, "Click to show all stack frames", "Click to hide stack frames")'>Click to show all stack frames</a>
<div class='stack-trace' id='stack-trace382788897'><pre>java.lang.AssertionError: The following asserts failed:
	Provided and Get Landmark are not matched 2 expected [77436 Fairview Trail, Sekondi-Takoradi,Kumasi,Ashanti[4],Ghana,GA015] but found [77436 Fairview Trail, Sekondi-Takoradi]
	at org.testng.asserts.SoftAssert.assertAll(SoftAssert.java:43)
	at com.ghana.app.qa.testcases.HighCommissionPageApproveTest.approveApplication(HighCommissionPageApproveTest.java:346)
	at sun.reflect.NativeMethodAccessorImpl.invoke0(Native Method)
	at sun.reflect.NativeMethodAccessorImpl.invoke(Unknown Source)
	at sun.reflect.DelegatingMethodAccessorImpl.invoke(Unknown Source)
	at java.lang.reflect.Method.invoke(Unknown Source)
	at org.testng.internal.MethodInvocationHelper.invokeMethod(MethodInvocationHelper.java:124)
	at org.testng.internal.Invoker.invokeMethod(Invoker.java:580)
	at org.testng.internal.Invoker.invokeTestMethod(Invoker.java:716)
	at org.testng.internal.Invoker.invokeTestMethods(Invoker.java:988)
	at org.testng.internal.TestMethodWorker.invokeTestMethods(TestMethodWorker.java:125)
	at org.testng.internal.TestMethodWorker.run(TestMethodWorker.java:109)
	at org.testng.TestRunner.privateRun(TestRunner.java:648)
	at org.testng.TestRunner.run(TestRunner.java:505)
	at org.testng.SuiteRunner.runTest(SuiteRunner.java:455)
	at org.testng.SuiteRunner.runSequentially(SuiteRunner.java:450)
	at org.testng.SuiteRunner.privateRun(SuiteRunner.java:415)
	at org.testng.SuiteRunner.run(SuiteRunner.java:364)
	at org.testng.SuiteRunnerWorker.runSuite(SuiteRunnerWorker.java:52)
	at org.testng.SuiteRunnerWorker.run(SuiteRunnerWorker.java:84)
	at org.testng.TestNG.runSuitesSequentially(TestNG.java:1208)
	at org.testng.TestNG.runSuitesLocally(TestNG.java:1137)
	at org.testng.TestNG.runSuites(TestNG.java:1049)
	at org.testng.TestNG.run(TestNG.java:1017)
	at org.testng.remote.AbstractRemoteTestNG.run(AbstractRemoteTestNG.java:114)
	at org.testng.remote.RemoteTestNG.initAndRun(RemoteTestNG.java:251)
	at org.testng.remote.RemoteTestNG.main(RemoteTestNG.java:77)
</pre></div></td>
<td>8</td>
<td>com.ghana.app.qa.testcases.HighCommissionPageApproveTest@64485a47</td></tr>
<tr>
<td title='com.ghana.app.qa.testcases.HighCommissionPageApproveTest.clickOnApproveAndVerifyPopText()'><b>clickOnApproveAndVerifyPopText</b><br>Test class: com.ghana.app.qa.testcases.HighCommissionPageApproveTest<br>Test method: Click On Approve And Verify Pop Text and then click on Cancel, Verify that on which page navigated<br/>
<a href="#Output-1492325929" onClick='toggleBox("Output-1492325929", this, "Show output", "Hide output");'>Show output</a>

<a href="#Output-1492325929" onClick="toggleAllBoxes();">Show all outputs</a>
<div class='log' id="Output-1492325929">
About to begin executing following method : HighCommissionPageApproveTest.clickOnApproveAndVerifyPopText<br/>
Completed executing following method : HighCommissionPageApproveTest.clickOnApproveAndVerifyPopText<br/>
</div>
</td>
<td><div><pre>java.lang.AssertionError: The following asserts failed:
	Provided and Get Landmark are not matched 2 expected [77436 Fairview Trail, Sekondi-Takoradi,Kumasi,Ashanti[4],Ghana,GA015] but found [77436 Fairview Trail, Sekondi-Takoradi]
	at org.testng.asserts.SoftAssert.assertAll(SoftAssert.java:43)
	at com.ghana.app.qa.testcases.HighCommissionPageApproveTest.clickOnApproveAndVerifyPopText(HighCommissionPageApproveTest.java:309)
	at sun.reflect.NativeMethodAccessorImpl.invoke0(Native Method)
	at sun.reflect.NativeMethodAccessorImpl.invoke(Unknown Source)
	at sun.reflect.DelegatingMethodAccessorImpl.invoke(Unknown Source)
	at java.lang.reflect.Method.invoke(Unknown Source)
	at org.testng.internal.MethodInvocationHelper.invokeMethod(MethodInvocationHelper.java:124)
	at org.testng.internal.Invoker.invokeMethod(Invoker.java:580)
	at org.testng.internal.Invoker.invokeTestMethod(Invoker.java:716)
	at org.testng.internal.Invoker.invokeTestMethods(Invoker.java:988)
	at org.testng.internal.TestMethodWorker.invokeTestMethods(TestMethodWorker.java:125)
	at org.testng.internal.TestMethodWorker.run(TestMethodWorker.java:109)
	at org.testng.TestRunner.privateRun(TestRunner.java:648)
	at org.testng.TestRunner.run(TestRunner.java:505)
	at org.testng.SuiteRunner.runTest(SuiteRunner.java:455)
	at org.testng.SuiteRunner.runSequentially(SuiteRunner.java:450)
	at org.testng.SuiteRunner.privateRun(SuiteRunner.java:415)
	at org.testng.SuiteRunner.run(SuiteRunner.java:364)
	at org.testng.SuiteRunnerWorker.runSuite(SuiteRunnerWorker.java:52)
	at org.testng.SuiteRunnerWorker.run(SuiteRunnerWorker.java:84)
	at org.testng.TestNG.runSuitesSequentially(TestNG.java:1208)
	at org.testng.TestNG.runSuitesLocally(TestNG.java:1137)
	at org.testng.TestNG.runSuites(TestNG.java:1049)
	at org.testng.TestNG.run(TestNG.java:1017)
	at org.testng.remote.AbstractRemoteTestNG.run(AbstractRemoteTestNG.java:114)
	at org.testng.remote.RemoteTestNG.initAndRun(RemoteTestNG.java:251)
	at org.testng.remote.RemoteTestNG.main(RemoteTestNG.java:77)
</pre></div><a href='#' onClick='toggleBox("stack-trace1492325929", this, "Click to show all stack frames", "Click to hide stack frames")'>Click to show all stack frames</a>
<div class='stack-trace' id='stack-trace1492325929'><pre>java.lang.AssertionError: The following asserts failed:
	Provided and Get Landmark are not matched 2 expected [77436 Fairview Trail, Sekondi-Takoradi,Kumasi,Ashanti[4],Ghana,GA015] but found [77436 Fairview Trail, Sekondi-Takoradi]
	at org.testng.asserts.SoftAssert.assertAll(SoftAssert.java:43)
	at com.ghana.app.qa.testcases.HighCommissionPageApproveTest.clickOnApproveAndVerifyPopText(HighCommissionPageApproveTest.java:309)
	at sun.reflect.NativeMethodAccessorImpl.invoke0(Native Method)
	at sun.reflect.NativeMethodAccessorImpl.invoke(Unknown Source)
	at sun.reflect.DelegatingMethodAccessorImpl.invoke(Unknown Source)
	at java.lang.reflect.Method.invoke(Unknown Source)
	at org.testng.internal.MethodInvocationHelper.invokeMethod(MethodInvocationHelper.java:124)
	at org.testng.internal.Invoker.invokeMethod(Invoker.java:580)
	at org.testng.internal.Invoker.invokeTestMethod(Invoker.java:716)
	at org.testng.internal.Invoker.invokeTestMethods(Invoker.java:988)
	at org.testng.internal.TestMethodWorker.invokeTestMethods(TestMethodWorker.java:125)
	at org.testng.internal.TestMethodWorker.run(TestMethodWorker.java:109)
	at org.testng.TestRunner.privateRun(TestRunner.java:648)
	at org.testng.TestRunner.run(TestRunner.java:505)
	at org.testng.SuiteRunner.runTest(SuiteRunner.java:455)
	at org.testng.SuiteRunner.runSequentially(SuiteRunner.java:450)
	at org.testng.SuiteRunner.privateRun(SuiteRunner.java:415)
	at org.testng.SuiteRunner.run(SuiteRunner.java:364)
	at org.testng.SuiteRunnerWorker.runSuite(SuiteRunnerWorker.java:52)
	at org.testng.SuiteRunnerWorker.run(SuiteRunnerWorker.java:84)
	at org.testng.TestNG.runSuitesSequentially(TestNG.java:1208)
	at org.testng.TestNG.runSuitesLocally(TestNG.java:1137)
	at org.testng.TestNG.runSuites(TestNG.java:1049)
	at org.testng.TestNG.run(TestNG.java:1017)
	at org.testng.remote.AbstractRemoteTestNG.run(AbstractRemoteTestNG.java:114)
	at org.testng.remote.RemoteTestNG.initAndRun(RemoteTestNG.java:251)
	at org.testng.remote.RemoteTestNG.main(RemoteTestNG.java:77)
</pre></div></td>
<td>0</td>
<td>com.ghana.app.qa.testcases.HighCommissionPageApproveTest@64485a47</td></tr>
<tr>
<td title='com.ghana.app.qa.testcases.HighCommissionPageApproveTest.clickOnApproveAndVerifyPopText1()'><b>clickOnApproveAndVerifyPopText1</b><br>Test class: com.ghana.app.qa.testcases.HighCommissionPageApproveTest<br>Test method: Click On Approve And Verify Pop Text and then click on Cross, Verify that on which page navigated<br/>
<a href="#Output-289333710" onClick='toggleBox("Output-289333710", this, "Show output", "Hide output");'>Show output</a>

<a href="#Output-289333710" onClick="toggleAllBoxes();">Show all outputs</a>
<div class='log' id="Output-289333710">
About to begin executing following method : HighCommissionPageApproveTest.clickOnApproveAndVerifyPopText1<br/>
Completed executing following method : HighCommissionPageApproveTest.clickOnApproveAndVerifyPopText1<br/>
</div>
</td>
<td><div><pre>java.lang.AssertionError: The following asserts failed:
	Provided and Get Landmark are not matched 2 expected [77436 Fairview Trail, Sekondi-Takoradi,Kumasi,Ashanti[4],Ghana,GA015] but found [77436 Fairview Trail, Sekondi-Takoradi]
	at org.testng.asserts.SoftAssert.assertAll(SoftAssert.java:43)
	at com.ghana.app.qa.testcases.HighCommissionPageApproveTest.clickOnApproveAndVerifyPopText1(HighCommissionPageApproveTest.java:323)
	at sun.reflect.NativeMethodAccessorImpl.invoke0(Native Method)
	at sun.reflect.NativeMethodAccessorImpl.invoke(Unknown Source)
	at sun.reflect.DelegatingMethodAccessorImpl.invoke(Unknown Source)
	at java.lang.reflect.Method.invoke(Unknown Source)
	at org.testng.internal.MethodInvocationHelper.invokeMethod(MethodInvocationHelper.java:124)
	at org.testng.internal.Invoker.invokeMethod(Invoker.java:580)
	at org.testng.internal.Invoker.invokeTestMethod(Invoker.java:716)
	at org.testng.internal.Invoker.invokeTestMethods(Invoker.java:988)
	at org.testng.internal.TestMethodWorker.invokeTestMethods(TestMethodWorker.java:125)
	at org.testng.internal.TestMethodWorker.run(TestMethodWorker.java:109)
	at org.testng.TestRunner.privateRun(TestRunner.java:648)
	at org.testng.TestRunner.run(TestRunner.java:505)
	at org.testng.SuiteRunner.runTest(SuiteRunner.java:455)
	at org.testng.SuiteRunner.runSequentially(SuiteRunner.java:450)
	at org.testng.SuiteRunner.privateRun(SuiteRunner.java:415)
	at org.testng.SuiteRunner.run(SuiteRunner.java:364)
	at org.testng.SuiteRunnerWorker.runSuite(SuiteRunnerWorker.java:52)
	at org.testng.SuiteRunnerWorker.run(SuiteRunnerWorker.java:84)
	at org.testng.TestNG.runSuitesSequentially(TestNG.java:1208)
	at org.testng.TestNG.runSuitesLocally(TestNG.java:1137)
	at org.testng.TestNG.runSuites(TestNG.java:1049)
	at org.testng.TestNG.run(TestNG.java:1017)
	at org.testng.remote.AbstractRemoteTestNG.run(AbstractRemoteTestNG.java:114)
	at org.testng.remote.RemoteTestNG.initAndRun(RemoteTestNG.java:251)
	at org.testng.remote.RemoteTestNG.main(RemoteTestNG.java:77)
</pre></div><a href='#' onClick='toggleBox("stack-trace289333710", this, "Click to show all stack frames", "Click to hide stack frames")'>Click to show all stack frames</a>
<div class='stack-trace' id='stack-trace289333710'><pre>java.lang.AssertionError: The following asserts failed:
	Provided and Get Landmark are not matched 2 expected [77436 Fairview Trail, Sekondi-Takoradi,Kumasi,Ashanti[4],Ghana,GA015] but found [77436 Fairview Trail, Sekondi-Takoradi]
	at org.testng.asserts.SoftAssert.assertAll(SoftAssert.java:43)
	at com.ghana.app.qa.testcases.HighCommissionPageApproveTest.clickOnApproveAndVerifyPopText1(HighCommissionPageApproveTest.java:323)
	at sun.reflect.NativeMethodAccessorImpl.invoke0(Native Method)
	at sun.reflect.NativeMethodAccessorImpl.invoke(Unknown Source)
	at sun.reflect.DelegatingMethodAccessorImpl.invoke(Unknown Source)
	at java.lang.reflect.Method.invoke(Unknown Source)
	at org.testng.internal.MethodInvocationHelper.invokeMethod(MethodInvocationHelper.java:124)
	at org.testng.internal.Invoker.invokeMethod(Invoker.java:580)
	at org.testng.internal.Invoker.invokeTestMethod(Invoker.java:716)
	at org.testng.internal.Invoker.invokeTestMethods(Invoker.java:988)
	at org.testng.internal.TestMethodWorker.invokeTestMethods(TestMethodWorker.java:125)
	at org.testng.internal.TestMethodWorker.run(TestMethodWorker.java:109)
	at org.testng.TestRunner.privateRun(TestRunner.java:648)
	at org.testng.TestRunner.run(TestRunner.java:505)
	at org.testng.SuiteRunner.runTest(SuiteRunner.java:455)
	at org.testng.SuiteRunner.runSequentially(SuiteRunner.java:450)
	at org.testng.SuiteRunner.privateRun(SuiteRunner.java:415)
	at org.testng.SuiteRunner.run(SuiteRunner.java:364)
	at org.testng.SuiteRunnerWorker.runSuite(SuiteRunnerWorker.java:52)
	at org.testng.SuiteRunnerWorker.run(SuiteRunnerWorker.java:84)
	at org.testng.TestNG.runSuitesSequentially(TestNG.java:1208)
	at org.testng.TestNG.runSuitesLocally(TestNG.java:1137)
	at org.testng.TestNG.runSuites(TestNG.java:1049)
	at org.testng.TestNG.run(TestNG.java:1017)
	at org.testng.remote.AbstractRemoteTestNG.run(AbstractRemoteTestNG.java:114)
	at org.testng.remote.RemoteTestNG.initAndRun(RemoteTestNG.java:251)
	at org.testng.remote.RemoteTestNG.main(RemoteTestNG.java:77)
</pre></div></td>
<td>6</td>
<td>com.ghana.app.qa.testcases.HighCommissionPageApproveTest@64485a47</td></tr>
<tr>
<td title='com.ghana.app.qa.testcases.HighCommissionPageApproveTest.clickOnNextButtonAndVerifyTitleDocumentVerifi()'><b>clickOnNextButtonAndVerifyTitleDocumentVerifi</b><br>Test class: com.ghana.app.qa.testcases.HighCommissionPageApproveTest<br>Test method: This test will verify whether we navigate to Document verification page upon clicking on next button from applicant info page <br/>
<a href="#Output-1268124507" onClick='toggleBox("Output-1268124507", this, "Show output", "Hide output");'>Show output</a>

<a href="#Output-1268124507" onClick="toggleAllBoxes();">Show all outputs</a>
<div class='log' id="Output-1268124507">
About to begin executing following method : HighCommissionPageApproveTest.clickOnNextButtonAndVerifyTitleDocumentVerifi<br/>
Completed executing following method : HighCommissionPageApproveTest.clickOnNextButtonAndVerifyTitleDocumentVerifi<br/>
</div>
</td>
<td><div><pre>java.lang.AssertionError: The following asserts failed:
	Provided and Get Landmark are not matched 2 expected [77436 Fairview Trail, Sekondi-Takoradi,Kumasi,Ashanti[4],Ghana,GA015] but found [77436 Fairview Trail, Sekondi-Takoradi]
	at org.testng.asserts.SoftAssert.assertAll(SoftAssert.java:43)
	at com.ghana.app.qa.testcases.HighCommissionPageApproveTest.clickOnNextButtonAndVerifyTitleDocumentVerifi(HighCommissionPageApproveTest.java:272)
	at sun.reflect.NativeMethodAccessorImpl.invoke0(Native Method)
	at sun.reflect.NativeMethodAccessorImpl.invoke(Unknown Source)
	at sun.reflect.DelegatingMethodAccessorImpl.invoke(Unknown Source)
	at java.lang.reflect.Method.invoke(Unknown Source)
	at org.testng.internal.MethodInvocationHelper.invokeMethod(MethodInvocationHelper.java:124)
	at org.testng.internal.Invoker.invokeMethod(Invoker.java:580)
	at org.testng.internal.Invoker.invokeTestMethod(Invoker.java:716)
	at org.testng.internal.Invoker.invokeTestMethods(Invoker.java:988)
	at org.testng.internal.TestMethodWorker.invokeTestMethods(TestMethodWorker.java:125)
	at org.testng.internal.TestMethodWorker.run(TestMethodWorker.java:109)
	at org.testng.TestRunner.privateRun(TestRunner.java:648)
	at org.testng.TestRunner.run(TestRunner.java:505)
	at org.testng.SuiteRunner.runTest(SuiteRunner.java:455)
	at org.testng.SuiteRunner.runSequentially(SuiteRunner.java:450)
	at org.testng.SuiteRunner.privateRun(SuiteRunner.java:415)
	at org.testng.SuiteRunner.run(SuiteRunner.java:364)
	at org.testng.SuiteRunnerWorker.runSuite(SuiteRunnerWorker.java:52)
	at org.testng.SuiteRunnerWorker.run(SuiteRunnerWorker.java:84)
	at org.testng.TestNG.runSuitesSequentially(TestNG.java:1208)
	at org.testng.TestNG.runSuitesLocally(TestNG.java:1137)
	at org.testng.TestNG.runSuites(TestNG.java:1049)
	at org.testng.TestNG.run(TestNG.java:1017)
	at org.testng.remote.AbstractRemoteTestNG.run(AbstractRemoteTestNG.java:114)
	at org.testng.remote.RemoteTestNG.initAndRun(RemoteTestNG.java:251)
	at org.testng.remote.RemoteTestNG.main(RemoteTestNG.java:77)
</pre></div><a href='#' onClick='toggleBox("stack-trace1268124507", this, "Click to show all stack frames", "Click to hide stack frames")'>Click to show all stack frames</a>
<div class='stack-trace' id='stack-trace1268124507'><pre>java.lang.AssertionError: The following asserts failed:
	Provided and Get Landmark are not matched 2 expected [77436 Fairview Trail, Sekondi-Takoradi,Kumasi,Ashanti[4],Ghana,GA015] but found [77436 Fairview Trail, Sekondi-Takoradi]
	at org.testng.asserts.SoftAssert.assertAll(SoftAssert.java:43)
	at com.ghana.app.qa.testcases.HighCommissionPageApproveTest.clickOnNextButtonAndVerifyTitleDocumentVerifi(HighCommissionPageApproveTest.java:272)
	at sun.reflect.NativeMethodAccessorImpl.invoke0(Native Method)
	at sun.reflect.NativeMethodAccessorImpl.invoke(Unknown Source)
	at sun.reflect.DelegatingMethodAccessorImpl.invoke(Unknown Source)
	at java.lang.reflect.Method.invoke(Unknown Source)
	at org.testng.internal.MethodInvocationHelper.invokeMethod(MethodInvocationHelper.java:124)
	at org.testng.internal.Invoker.invokeMethod(Invoker.java:580)
	at org.testng.internal.Invoker.invokeTestMethod(Invoker.java:716)
	at org.testng.internal.Invoker.invokeTestMethods(Invoker.java:988)
	at org.testng.internal.TestMethodWorker.invokeTestMethods(TestMethodWorker.java:125)
	at org.testng.internal.TestMethodWorker.run(TestMethodWorker.java:109)
	at org.testng.TestRunner.privateRun(TestRunner.java:648)
	at org.testng.TestRunner.run(TestRunner.java:505)
	at org.testng.SuiteRunner.runTest(SuiteRunner.java:455)
	at org.testng.SuiteRunner.runSequentially(SuiteRunner.java:450)
	at org.testng.SuiteRunner.privateRun(SuiteRunner.java:415)
	at org.testng.SuiteRunner.run(SuiteRunner.java:364)
	at org.testng.SuiteRunnerWorker.runSuite(SuiteRunnerWorker.java:52)
	at org.testng.SuiteRunnerWorker.run(SuiteRunnerWorker.java:84)
	at org.testng.TestNG.runSuitesSequentially(TestNG.java:1208)
	at org.testng.TestNG.runSuitesLocally(TestNG.java:1137)
	at org.testng.TestNG.runSuites(TestNG.java:1049)
	at org.testng.TestNG.run(TestNG.java:1017)
	at org.testng.remote.AbstractRemoteTestNG.run(AbstractRemoteTestNG.java:114)
	at org.testng.remote.RemoteTestNG.initAndRun(RemoteTestNG.java:251)
	at org.testng.remote.RemoteTestNG.main(RemoteTestNG.java:77)
</pre></div></td>
<td>0</td>
<td>com.ghana.app.qa.testcases.HighCommissionPageApproveTest@64485a47</td></tr>
<tr>
<td title='com.ghana.app.qa.testcases.HighCommissionPageApproveTest.clickOnPreviousButtonAndVerifyTitleApplicantInformation()'><b>clickOnPreviousButtonAndVerifyTitleApplicantInformation</b><br>Test class: com.ghana.app.qa.testcases.HighCommissionPageApproveTest<br>Test method: This test will verify whether we navigate to applicant info page upon clicking on previous button from Document verification page<br/>
<a href="#Output-614655333" onClick='toggleBox("Output-614655333", this, "Show output", "Hide output");'>Show output</a>

<a href="#Output-614655333" onClick="toggleAllBoxes();">Show all outputs</a>
<div class='log' id="Output-614655333">
About to begin executing following method : HighCommissionPageApproveTest.clickOnPreviousButtonAndVerifyTitleApplicantInformation<br/>
Completed executing following method : HighCommissionPageApproveTest.clickOnPreviousButtonAndVerifyTitleApplicantInformation<br/>
</div>
</td>
<td><div><pre>java.lang.AssertionError: The following asserts failed:
	Provided and Get Landmark are not matched 2 expected [77436 Fairview Trail, Sekondi-Takoradi,Kumasi,Ashanti[4],Ghana,GA015] but found [77436 Fairview Trail, Sekondi-Takoradi]
	at org.testng.asserts.SoftAssert.assertAll(SoftAssert.java:43)
	at com.ghana.app.qa.testcases.HighCommissionPageApproveTest.clickOnPreviousButtonAndVerifyTitleApplicantInformation(HighCommissionPageApproveTest.java:265)
	at sun.reflect.NativeMethodAccessorImpl.invoke0(Native Method)
	at sun.reflect.NativeMethodAccessorImpl.invoke(Unknown Source)
	at sun.reflect.DelegatingMethodAccessorImpl.invoke(Unknown Source)
	at java.lang.reflect.Method.invoke(Unknown Source)
	at org.testng.internal.MethodInvocationHelper.invokeMethod(MethodInvocationHelper.java:124)
	at org.testng.internal.Invoker.invokeMethod(Invoker.java:580)
	at org.testng.internal.Invoker.invokeTestMethod(Invoker.java:716)
	at org.testng.internal.Invoker.invokeTestMethods(Invoker.java:988)
	at org.testng.internal.TestMethodWorker.invokeTestMethods(TestMethodWorker.java:125)
	at org.testng.internal.TestMethodWorker.run(TestMethodWorker.java:109)
	at org.testng.TestRunner.privateRun(TestRunner.java:648)
	at org.testng.TestRunner.run(TestRunner.java:505)
	at org.testng.SuiteRunner.runTest(SuiteRunner.java:455)
	at org.testng.SuiteRunner.runSequentially(SuiteRunner.java:450)
	at org.testng.SuiteRunner.privateRun(SuiteRunner.java:415)
	at org.testng.SuiteRunner.run(SuiteRunner.java:364)
	at org.testng.SuiteRunnerWorker.runSuite(SuiteRunnerWorker.java:52)
	at org.testng.SuiteRunnerWorker.run(SuiteRunnerWorker.java:84)
	at org.testng.TestNG.runSuitesSequentially(TestNG.java:1208)
	at org.testng.TestNG.runSuitesLocally(TestNG.java:1137)
	at org.testng.TestNG.runSuites(TestNG.java:1049)
	at org.testng.TestNG.run(TestNG.java:1017)
	at org.testng.remote.AbstractRemoteTestNG.run(AbstractRemoteTestNG.java:114)
	at org.testng.remote.RemoteTestNG.initAndRun(RemoteTestNG.java:251)
	at org.testng.remote.RemoteTestNG.main(RemoteTestNG.java:77)
</pre></div><a href='#' onClick='toggleBox("stack-trace614655333", this, "Click to show all stack frames", "Click to hide stack frames")'>Click to show all stack frames</a>
<div class='stack-trace' id='stack-trace614655333'><pre>java.lang.AssertionError: The following asserts failed:
	Provided and Get Landmark are not matched 2 expected [77436 Fairview Trail, Sekondi-Takoradi,Kumasi,Ashanti[4],Ghana,GA015] but found [77436 Fairview Trail, Sekondi-Takoradi]
	at org.testng.asserts.SoftAssert.assertAll(SoftAssert.java:43)
	at com.ghana.app.qa.testcases.HighCommissionPageApproveTest.clickOnPreviousButtonAndVerifyTitleApplicantInformation(HighCommissionPageApproveTest.java:265)
	at sun.reflect.NativeMethodAccessorImpl.invoke0(Native Method)
	at sun.reflect.NativeMethodAccessorImpl.invoke(Unknown Source)
	at sun.reflect.DelegatingMethodAccessorImpl.invoke(Unknown Source)
	at java.lang.reflect.Method.invoke(Unknown Source)
	at org.testng.internal.MethodInvocationHelper.invokeMethod(MethodInvocationHelper.java:124)
	at org.testng.internal.Invoker.invokeMethod(Invoker.java:580)
	at org.testng.internal.Invoker.invokeTestMethod(Invoker.java:716)
	at org.testng.internal.Invoker.invokeTestMethods(Invoker.java:988)
	at org.testng.internal.TestMethodWorker.invokeTestMethods(TestMethodWorker.java:125)
	at org.testng.internal.TestMethodWorker.run(TestMethodWorker.java:109)
	at org.testng.TestRunner.privateRun(TestRunner.java:648)
	at org.testng.TestRunner.run(TestRunner.java:505)
	at org.testng.SuiteRunner.runTest(SuiteRunner.java:455)
	at org.testng.SuiteRunner.runSequentially(SuiteRunner.java:450)
	at org.testng.SuiteRunner.privateRun(SuiteRunner.java:415)
	at org.testng.SuiteRunner.run(SuiteRunner.java:364)
	at org.testng.SuiteRunnerWorker.runSuite(SuiteRunnerWorker.java:52)
	at org.testng.SuiteRunnerWorker.run(SuiteRunnerWorker.java:84)
	at org.testng.TestNG.runSuitesSequentially(TestNG.java:1208)
	at org.testng.TestNG.runSuitesLocally(TestNG.java:1137)
	at org.testng.TestNG.runSuites(TestNG.java:1049)
	at org.testng.TestNG.run(TestNG.java:1017)
	at org.testng.remote.AbstractRemoteTestNG.run(AbstractRemoteTestNG.java:114)
	at org.testng.remote.RemoteTestNG.initAndRun(RemoteTestNG.java:251)
	at org.testng.remote.RemoteTestNG.main(RemoteTestNG.java:77)
</pre></div></td>
<td>0</td>
<td>com.ghana.app.qa.testcases.HighCommissionPageApproveTest@64485a47</td></tr>
<tr>
<td title='com.ghana.app.qa.testcases.HighCommissionPageApproveTest.getTextFromTravelInformation()'><b>getTextFromTravelInformation</b><br>Test class: com.ghana.app.qa.testcases.HighCommissionPageApproveTest<br>Test method: Here we are getting text from Travel Information and comparing with Applicant filed data<br/>
<a href="#Output-380234542" onClick='toggleBox("Output-380234542", this, "Show output", "Hide output");'>Show output</a>

<a href="#Output-380234542" onClick="toggleAllBoxes();">Show all outputs</a>
<div class='log' id="Output-380234542">
About to begin executing following method : HighCommissionPageApproveTest.getTextFromTravelInformation<br/>
Completed executing following method : HighCommissionPageApproveTest.getTextFromTravelInformation<br/>
</div>
</td>
<td><div><pre>java.lang.AssertionError: The following asserts failed:
	Provided and Get Landmark are not matched 2 expected [77436 Fairview Trail, Sekondi-Takoradi,Kumasi,Ashanti[4],Ghana,GA015] but found [77436 Fairview Trail, Sekondi-Takoradi]
	at org.testng.asserts.SoftAssert.assertAll(SoftAssert.java:43)
	at com.ghana.app.qa.testcases.HighCommissionPageApproveTest.getTextFromTravelInformation(HighCommissionPageApproveTest.java:248)
	at sun.reflect.NativeMethodAccessorImpl.invoke0(Native Method)
	at sun.reflect.NativeMethodAccessorImpl.invoke(Unknown Source)
	at sun.reflect.DelegatingMethodAccessorImpl.invoke(Unknown Source)
	at java.lang.reflect.Method.invoke(Unknown Source)
	at org.testng.internal.MethodInvocationHelper.invokeMethod(MethodInvocationHelper.java:124)
	at org.testng.internal.Invoker.invokeMethod(Invoker.java:580)
	at org.testng.internal.Invoker.invokeTestMethod(Invoker.java:716)
	at org.testng.internal.Invoker.invokeTestMethods(Invoker.java:988)
	at org.testng.internal.TestMethodWorker.invokeTestMethods(TestMethodWorker.java:125)
	at org.testng.internal.TestMethodWorker.run(TestMethodWorker.java:109)
	at org.testng.TestRunner.privateRun(TestRunner.java:648)
	at org.testng.TestRunner.run(TestRunner.java:505)
	at org.testng.SuiteRunner.runTest(SuiteRunner.java:455)
	at org.testng.SuiteRunner.runSequentially(SuiteRunner.java:450)
	at org.testng.SuiteRunner.privateRun(SuiteRunner.java:415)
	at org.testng.SuiteRunner.run(SuiteRunner.java:364)
	at org.testng.SuiteRunnerWorker.runSuite(SuiteRunnerWorker.java:52)
	at org.testng.SuiteRunnerWorker.run(SuiteRunnerWorker.java:84)
	at org.testng.TestNG.runSuitesSequentially(TestNG.java:1208)
	at org.testng.TestNG.runSuitesLocally(TestNG.java:1137)
	at org.testng.TestNG.runSuites(TestNG.java:1049)
	at org.testng.TestNG.run(TestNG.java:1017)
	at org.testng.remote.AbstractRemoteTestNG.run(AbstractRemoteTestNG.java:114)
	at org.testng.remote.RemoteTestNG.initAndRun(RemoteTestNG.java:251)
	at org.testng.remote.RemoteTestNG.main(RemoteTestNG.java:77)
</pre></div><a href='#' onClick='toggleBox("stack-trace380234542", this, "Click to show all stack frames", "Click to hide stack frames")'>Click to show all stack frames</a>
<div class='stack-trace' id='stack-trace380234542'><pre>java.lang.AssertionError: The following asserts failed:
	Provided and Get Landmark are not matched 2 expected [77436 Fairview Trail, Sekondi-Takoradi,Kumasi,Ashanti[4],Ghana,GA015] but found [77436 Fairview Trail, Sekondi-Takoradi]
	at org.testng.asserts.SoftAssert.assertAll(SoftAssert.java:43)
	at com.ghana.app.qa.testcases.HighCommissionPageApproveTest.getTextFromTravelInformation(HighCommissionPageApproveTest.java:248)
	at sun.reflect.NativeMethodAccessorImpl.invoke0(Native Method)
	at sun.reflect.NativeMethodAccessorImpl.invoke(Unknown Source)
	at sun.reflect.DelegatingMethodAccessorImpl.invoke(Unknown Source)
	at java.lang.reflect.Method.invoke(Unknown Source)
	at org.testng.internal.MethodInvocationHelper.invokeMethod(MethodInvocationHelper.java:124)
	at org.testng.internal.Invoker.invokeMethod(Invoker.java:580)
	at org.testng.internal.Invoker.invokeTestMethod(Invoker.java:716)
	at org.testng.internal.Invoker.invokeTestMethods(Invoker.java:988)
	at org.testng.internal.TestMethodWorker.invokeTestMethods(TestMethodWorker.java:125)
	at org.testng.internal.TestMethodWorker.run(TestMethodWorker.java:109)
	at org.testng.TestRunner.privateRun(TestRunner.java:648)
	at org.testng.TestRunner.run(TestRunner.java:505)
	at org.testng.SuiteRunner.runTest(SuiteRunner.java:455)
	at org.testng.SuiteRunner.runSequentially(SuiteRunner.java:450)
	at org.testng.SuiteRunner.privateRun(SuiteRunner.java:415)
	at org.testng.SuiteRunner.run(SuiteRunner.java:364)
	at org.testng.SuiteRunnerWorker.runSuite(SuiteRunnerWorker.java:52)
	at org.testng.SuiteRunnerWorker.run(SuiteRunnerWorker.java:84)
	at org.testng.TestNG.runSuitesSequentially(TestNG.java:1208)
	at org.testng.TestNG.runSuitesLocally(TestNG.java:1137)
	at org.testng.TestNG.runSuites(TestNG.java:1049)
	at org.testng.TestNG.run(TestNG.java:1017)
	at org.testng.remote.AbstractRemoteTestNG.run(AbstractRemoteTestNG.java:114)
	at org.testng.remote.RemoteTestNG.initAndRun(RemoteTestNG.java:251)
	at org.testng.remote.RemoteTestNG.main(RemoteTestNG.java:77)
</pre></div></td>
<td>0</td>
<td>com.ghana.app.qa.testcases.HighCommissionPageApproveTest@64485a47</td></tr>
<tr>
<td title='com.ghana.app.qa.testcases.HighCommissionPageApproveTest.passComment()'><b>passComment</b><br>Test class: com.ghana.app.qa.testcases.HighCommissionPageApproveTest<br>Test method: Application is verified and approved<br/>
<a href="#Output-1266048658" onClick='toggleBox("Output-1266048658", this, "Show output", "Hide output");'>Show output</a>

<a href="#Output-1266048658" onClick="toggleAllBoxes();">Show all outputs</a>
<div class='log' id="Output-1266048658">
About to begin executing following method : HighCommissionPageApproveTest.passComment<br/>
Completed executing following method : HighCommissionPageApproveTest.passComment<br/>
</div>
</td>
<td><div><pre>java.lang.AssertionError: The following asserts failed:
	Provided and Get Landmark are not matched 2 expected [77436 Fairview Trail, Sekondi-Takoradi,Kumasi,Ashanti[4],Ghana,GA015] but found [77436 Fairview Trail, Sekondi-Takoradi]
	at org.testng.asserts.SoftAssert.assertAll(SoftAssert.java:43)
	at com.ghana.app.qa.testcases.HighCommissionPageApproveTest.passComment(HighCommissionPageApproveTest.java:332)
	at sun.reflect.NativeMethodAccessorImpl.invoke0(Native Method)
	at sun.reflect.NativeMethodAccessorImpl.invoke(Unknown Source)
	at sun.reflect.DelegatingMethodAccessorImpl.invoke(Unknown Source)
	at java.lang.reflect.Method.invoke(Unknown Source)
	at org.testng.internal.MethodInvocationHelper.invokeMethod(MethodInvocationHelper.java:124)
	at org.testng.internal.Invoker.invokeMethod(Invoker.java:580)
	at org.testng.internal.Invoker.invokeTestMethod(Invoker.java:716)
	at org.testng.internal.Invoker.invokeTestMethods(Invoker.java:988)
	at org.testng.internal.TestMethodWorker.invokeTestMethods(TestMethodWorker.java:125)
	at org.testng.internal.TestMethodWorker.run(TestMethodWorker.java:109)
	at org.testng.TestRunner.privateRun(TestRunner.java:648)
	at org.testng.TestRunner.run(TestRunner.java:505)
	at org.testng.SuiteRunner.runTest(SuiteRunner.java:455)
	at org.testng.SuiteRunner.runSequentially(SuiteRunner.java:450)
	at org.testng.SuiteRunner.privateRun(SuiteRunner.java:415)
	at org.testng.SuiteRunner.run(SuiteRunner.java:364)
	at org.testng.SuiteRunnerWorker.runSuite(SuiteRunnerWorker.java:52)
	at org.testng.SuiteRunnerWorker.run(SuiteRunnerWorker.java:84)
	at org.testng.TestNG.runSuitesSequentially(TestNG.java:1208)
	at org.testng.TestNG.runSuitesLocally(TestNG.java:1137)
	at org.testng.TestNG.runSuites(TestNG.java:1049)
	at org.testng.TestNG.run(TestNG.java:1017)
	at org.testng.remote.AbstractRemoteTestNG.run(AbstractRemoteTestNG.java:114)
	at org.testng.remote.RemoteTestNG.initAndRun(RemoteTestNG.java:251)
	at org.testng.remote.RemoteTestNG.main(RemoteTestNG.java:77)
</pre></div><a href='#' onClick='toggleBox("stack-trace1266048658", this, "Click to show all stack frames", "Click to hide stack frames")'>Click to show all stack frames</a>
<div class='stack-trace' id='stack-trace1266048658'><pre>java.lang.AssertionError: The following asserts failed:
	Provided and Get Landmark are not matched 2 expected [77436 Fairview Trail, Sekondi-Takoradi,Kumasi,Ashanti[4],Ghana,GA015] but found [77436 Fairview Trail, Sekondi-Takoradi]
	at org.testng.asserts.SoftAssert.assertAll(SoftAssert.java:43)
	at com.ghana.app.qa.testcases.HighCommissionPageApproveTest.passComment(HighCommissionPageApproveTest.java:332)
	at sun.reflect.NativeMethodAccessorImpl.invoke0(Native Method)
	at sun.reflect.NativeMethodAccessorImpl.invoke(Unknown Source)
	at sun.reflect.DelegatingMethodAccessorImpl.invoke(Unknown Source)
	at java.lang.reflect.Method.invoke(Unknown Source)
	at org.testng.internal.MethodInvocationHelper.invokeMethod(MethodInvocationHelper.java:124)
	at org.testng.internal.Invoker.invokeMethod(Invoker.java:580)
	at org.testng.internal.Invoker.invokeTestMethod(Invoker.java:716)
	at org.testng.internal.Invoker.invokeTestMethods(Invoker.java:988)
	at org.testng.internal.TestMethodWorker.invokeTestMethods(TestMethodWorker.java:125)
	at org.testng.internal.TestMethodWorker.run(TestMethodWorker.java:109)
	at org.testng.TestRunner.privateRun(TestRunner.java:648)
	at org.testng.TestRunner.run(TestRunner.java:505)
	at org.testng.SuiteRunner.runTest(SuiteRunner.java:455)
	at org.testng.SuiteRunner.runSequentially(SuiteRunner.java:450)
	at org.testng.SuiteRunner.privateRun(SuiteRunner.java:415)
	at org.testng.SuiteRunner.run(SuiteRunner.java:364)
	at org.testng.SuiteRunnerWorker.runSuite(SuiteRunnerWorker.java:52)
	at org.testng.SuiteRunnerWorker.run(SuiteRunnerWorker.java:84)
	at org.testng.TestNG.runSuitesSequentially(TestNG.java:1208)
	at org.testng.TestNG.runSuitesLocally(TestNG.java:1137)
	at org.testng.TestNG.runSuites(TestNG.java:1049)
	at org.testng.TestNG.run(TestNG.java:1017)
	at org.testng.remote.AbstractRemoteTestNG.run(AbstractRemoteTestNG.java:114)
	at org.testng.remote.RemoteTestNG.initAndRun(RemoteTestNG.java:251)
	at org.testng.remote.RemoteTestNG.main(RemoteTestNG.java:77)
</pre></div></td>
<td>0</td>
<td>com.ghana.app.qa.testcases.HighCommissionPageApproveTest@64485a47</td></tr>
<tr>
<td title='com.ghana.app.qa.testcases.HighCommissionPageApproveTest.selectAllCheckBoxAndVerify()'><b>selectAllCheckBoxAndVerify</b><br>Test class: com.ghana.app.qa.testcases.HighCommissionPageApproveTest<br>Test method: This test will verify whether check boxes is selected or not on Document verification<br/>
<a href="#Output-579590740" onClick='toggleBox("Output-579590740", this, "Show output", "Hide output");'>Show output</a>

<a href="#Output-579590740" onClick="toggleAllBoxes();">Show all outputs</a>
<div class='log' id="Output-579590740">
About to begin executing following method : HighCommissionPageApproveTest.selectAllCheckBoxAndVerify<br/>
Completed executing following method : HighCommissionPageApproveTest.selectAllCheckBoxAndVerify<br/>
</div>
</td>
<td><div><pre>java.lang.AssertionError: The following asserts failed:
	Provided and Get Landmark are not matched 2 expected [77436 Fairview Trail, Sekondi-Takoradi,Kumasi,Ashanti[4],Ghana,GA015] but found [77436 Fairview Trail, Sekondi-Takoradi]
	at org.testng.asserts.SoftAssert.assertAll(SoftAssert.java:43)
	at com.ghana.app.qa.testcases.HighCommissionPageApproveTest.selectAllCheckBoxAndVerify(HighCommissionPageApproveTest.java:286)
	at sun.reflect.NativeMethodAccessorImpl.invoke0(Native Method)
	at sun.reflect.NativeMethodAccessorImpl.invoke(Unknown Source)
	at sun.reflect.DelegatingMethodAccessorImpl.invoke(Unknown Source)
	at java.lang.reflect.Method.invoke(Unknown Source)
	at org.testng.internal.MethodInvocationHelper.invokeMethod(MethodInvocationHelper.java:124)
	at org.testng.internal.Invoker.invokeMethod(Invoker.java:580)
	at org.testng.internal.Invoker.invokeTestMethod(Invoker.java:716)
	at org.testng.internal.Invoker.invokeTestMethods(Invoker.java:988)
	at org.testng.internal.TestMethodWorker.invokeTestMethods(TestMethodWorker.java:125)
	at org.testng.internal.TestMethodWorker.run(TestMethodWorker.java:109)
	at org.testng.TestRunner.privateRun(TestRunner.java:648)
	at org.testng.TestRunner.run(TestRunner.java:505)
	at org.testng.SuiteRunner.runTest(SuiteRunner.java:455)
	at org.testng.SuiteRunner.runSequentially(SuiteRunner.java:450)
	at org.testng.SuiteRunner.privateRun(SuiteRunner.java:415)
	at org.testng.SuiteRunner.run(SuiteRunner.java:364)
	at org.testng.SuiteRunnerWorker.runSuite(SuiteRunnerWorker.java:52)
	at org.testng.SuiteRunnerWorker.run(SuiteRunnerWorker.java:84)
	at org.testng.TestNG.runSuitesSequentially(TestNG.java:1208)
	at org.testng.TestNG.runSuitesLocally(TestNG.java:1137)
	at org.testng.TestNG.runSuites(TestNG.java:1049)
	at org.testng.TestNG.run(TestNG.java:1017)
	at org.testng.remote.AbstractRemoteTestNG.run(AbstractRemoteTestNG.java:114)
	at org.testng.remote.RemoteTestNG.initAndRun(RemoteTestNG.java:251)
	at org.testng.remote.RemoteTestNG.main(RemoteTestNG.java:77)
</pre></div><a href='#' onClick='toggleBox("stack-trace579590740", this, "Click to show all stack frames", "Click to hide stack frames")'>Click to show all stack frames</a>
<div class='stack-trace' id='stack-trace579590740'><pre>java.lang.AssertionError: The following asserts failed:
	Provided and Get Landmark are not matched 2 expected [77436 Fairview Trail, Sekondi-Takoradi,Kumasi,Ashanti[4],Ghana,GA015] but found [77436 Fairview Trail, Sekondi-Takoradi]
	at org.testng.asserts.SoftAssert.assertAll(SoftAssert.java:43)
	at com.ghana.app.qa.testcases.HighCommissionPageApproveTest.selectAllCheckBoxAndVerify(HighCommissionPageApproveTest.java:286)
	at sun.reflect.NativeMethodAccessorImpl.invoke0(Native Method)
	at sun.reflect.NativeMethodAccessorImpl.invoke(Unknown Source)
	at sun.reflect.DelegatingMethodAccessorImpl.invoke(Unknown Source)
	at java.lang.reflect.Method.invoke(Unknown Source)
	at org.testng.internal.MethodInvocationHelper.invokeMethod(MethodInvocationHelper.java:124)
	at org.testng.internal.Invoker.invokeMethod(Invoker.java:580)
	at org.testng.internal.Invoker.invokeTestMethod(Invoker.java:716)
	at org.testng.internal.Invoker.invokeTestMethods(Invoker.java:988)
	at org.testng.internal.TestMethodWorker.invokeTestMethods(TestMethodWorker.java:125)
	at org.testng.internal.TestMethodWorker.run(TestMethodWorker.java:109)
	at org.testng.TestRunner.privateRun(TestRunner.java:648)
	at org.testng.TestRunner.run(TestRunner.java:505)
	at org.testng.SuiteRunner.runTest(SuiteRunner.java:455)
	at org.testng.SuiteRunner.runSequentially(SuiteRunner.java:450)
	at org.testng.SuiteRunner.privateRun(SuiteRunner.java:415)
	at org.testng.SuiteRunner.run(SuiteRunner.java:364)
	at org.testng.SuiteRunnerWorker.runSuite(SuiteRunnerWorker.java:52)
	at org.testng.SuiteRunnerWorker.run(SuiteRunnerWorker.java:84)
	at org.testng.TestNG.runSuitesSequentially(TestNG.java:1208)
	at org.testng.TestNG.runSuitesLocally(TestNG.java:1137)
	at org.testng.TestNG.runSuites(TestNG.java:1049)
	at org.testng.TestNG.run(TestNG.java:1017)
	at org.testng.remote.AbstractRemoteTestNG.run(AbstractRemoteTestNG.java:114)
	at org.testng.remote.RemoteTestNG.initAndRun(RemoteTestNG.java:251)
	at org.testng.remote.RemoteTestNG.main(RemoteTestNG.java:77)
</pre></div></td>
<td>4</td>
<td>com.ghana.app.qa.testcases.HighCommissionPageApproveTest@64485a47</td></tr>
<tr>
<td title='com.ghana.app.qa.testcases.HighCommissionPageApproveTest.selectOneByOneCheckBoxAndVerify()'><b>selectOneByOneCheckBoxAndVerify</b><br>Test class: com.ghana.app.qa.testcases.HighCommissionPageApproveTest<br>Test method: This test will verify whether check boxes is selected (one by one)or not on Document verification<br/>
<a href="#Output-1523683407" onClick='toggleBox("Output-1523683407", this, "Show output", "Hide output");'>Show output</a>

<a href="#Output-1523683407" onClick="toggleAllBoxes();">Show all outputs</a>
<div class='log' id="Output-1523683407">
About to begin executing following method : HighCommissionPageApproveTest.selectOneByOneCheckBoxAndVerify<br/>
Completed executing following method : HighCommissionPageApproveTest.selectOneByOneCheckBoxAndVerify<br/>
</div>
</td>
<td><div><pre>java.lang.AssertionError: The following asserts failed:
	Provided and Get Landmark are not matched 2 expected [77436 Fairview Trail, Sekondi-Takoradi,Kumasi,Ashanti[4],Ghana,GA015] but found [77436 Fairview Trail, Sekondi-Takoradi]
	at org.testng.asserts.SoftAssert.assertAll(SoftAssert.java:43)
	at com.ghana.app.qa.testcases.HighCommissionPageApproveTest.selectOneByOneCheckBoxAndVerify(HighCommissionPageApproveTest.java:298)
	at sun.reflect.NativeMethodAccessorImpl.invoke0(Native Method)
	at sun.reflect.NativeMethodAccessorImpl.invoke(Unknown Source)
	at sun.reflect.DelegatingMethodAccessorImpl.invoke(Unknown Source)
	at java.lang.reflect.Method.invoke(Unknown Source)
	at org.testng.internal.MethodInvocationHelper.invokeMethod(MethodInvocationHelper.java:124)
	at org.testng.internal.Invoker.invokeMethod(Invoker.java:580)
	at org.testng.internal.Invoker.invokeTestMethod(Invoker.java:716)
	at org.testng.internal.Invoker.invokeTestMethods(Invoker.java:988)
	at org.testng.internal.TestMethodWorker.invokeTestMethods(TestMethodWorker.java:125)
	at org.testng.internal.TestMethodWorker.run(TestMethodWorker.java:109)
	at org.testng.TestRunner.privateRun(TestRunner.java:648)
	at org.testng.TestRunner.run(TestRunner.java:505)
	at org.testng.SuiteRunner.runTest(SuiteRunner.java:455)
	at org.testng.SuiteRunner.runSequentially(SuiteRunner.java:450)
	at org.testng.SuiteRunner.privateRun(SuiteRunner.java:415)
	at org.testng.SuiteRunner.run(SuiteRunner.java:364)
	at org.testng.SuiteRunnerWorker.runSuite(SuiteRunnerWorker.java:52)
	at org.testng.SuiteRunnerWorker.run(SuiteRunnerWorker.java:84)
	at org.testng.TestNG.runSuitesSequentially(TestNG.java:1208)
	at org.testng.TestNG.runSuitesLocally(TestNG.java:1137)
	at org.testng.TestNG.runSuites(TestNG.java:1049)
	at org.testng.TestNG.run(TestNG.java:1017)
	at org.testng.remote.AbstractRemoteTestNG.run(AbstractRemoteTestNG.java:114)
	at org.testng.remote.RemoteTestNG.initAndRun(RemoteTestNG.java:251)
	at org.testng.remote.RemoteTestNG.main(RemoteTestNG.java:77)
</pre></div><a href='#' onClick='toggleBox("stack-trace1523683407", this, "Click to show all stack frames", "Click to hide stack frames")'>Click to show all stack frames</a>
<div class='stack-trace' id='stack-trace1523683407'><pre>java.lang.AssertionError: The following asserts failed:
	Provided and Get Landmark are not matched 2 expected [77436 Fairview Trail, Sekondi-Takoradi,Kumasi,Ashanti[4],Ghana,GA015] but found [77436 Fairview Trail, Sekondi-Takoradi]
	at org.testng.asserts.SoftAssert.assertAll(SoftAssert.java:43)
	at com.ghana.app.qa.testcases.HighCommissionPageApproveTest.selectOneByOneCheckBoxAndVerify(HighCommissionPageApproveTest.java:298)
	at sun.reflect.NativeMethodAccessorImpl.invoke0(Native Method)
	at sun.reflect.NativeMethodAccessorImpl.invoke(Unknown Source)
	at sun.reflect.DelegatingMethodAccessorImpl.invoke(Unknown Source)
	at java.lang.reflect.Method.invoke(Unknown Source)
	at org.testng.internal.MethodInvocationHelper.invokeMethod(MethodInvocationHelper.java:124)
	at org.testng.internal.Invoker.invokeMethod(Invoker.java:580)
	at org.testng.internal.Invoker.invokeTestMethod(Invoker.java:716)
	at org.testng.internal.Invoker.invokeTestMethods(Invoker.java:988)
	at org.testng.internal.TestMethodWorker.invokeTestMethods(TestMethodWorker.java:125)
	at org.testng.internal.TestMethodWorker.run(TestMethodWorker.java:109)
	at org.testng.TestRunner.privateRun(TestRunner.java:648)
	at org.testng.TestRunner.run(TestRunner.java:505)
	at org.testng.SuiteRunner.runTest(SuiteRunner.java:455)
	at org.testng.SuiteRunner.runSequentially(SuiteRunner.java:450)
	at org.testng.SuiteRunner.privateRun(SuiteRunner.java:415)
	at org.testng.SuiteRunner.run(SuiteRunner.java:364)
	at org.testng.SuiteRunnerWorker.runSuite(SuiteRunnerWorker.java:52)
	at org.testng.SuiteRunnerWorker.run(SuiteRunnerWorker.java:84)
	at org.testng.TestNG.runSuitesSequentially(TestNG.java:1208)
	at org.testng.TestNG.runSuitesLocally(TestNG.java:1137)
	at org.testng.TestNG.runSuites(TestNG.java:1049)
	at org.testng.TestNG.run(TestNG.java:1017)
	at org.testng.remote.AbstractRemoteTestNG.run(AbstractRemoteTestNG.java:114)
	at org.testng.remote.RemoteTestNG.initAndRun(RemoteTestNG.java:251)
	at org.testng.remote.RemoteTestNG.main(RemoteTestNG.java:77)
</pre></div></td>
<td>3</td>
<td>com.ghana.app.qa.testcases.HighCommissionPageApproveTest@64485a47</td></tr>
<tr>
<td title='com.ghana.app.qa.testcases.HighCommissionPageApproveTest.verfiyTitleOfCNDocumentVerificatonPage()'><b>verfiyTitleOfCNDocumentVerificatonPage</b><br>Test class: com.ghana.app.qa.testcases.HighCommissionPageApproveTest<br>Test method: click On Document verification and verified the title of Document verification page<br/>
<a href="#Output-352185757" onClick='toggleBox("Output-352185757", this, "Show output", "Hide output");'>Show output</a>

<a href="#Output-352185757" onClick="toggleAllBoxes();">Show all outputs</a>
<div class='log' id="Output-352185757">
About to begin executing following method : HighCommissionPageApproveTest.verfiyTitleOfCNDocumentVerificatonPage<br/>
Completed executing following method : HighCommissionPageApproveTest.verfiyTitleOfCNDocumentVerificatonPage<br/>
</div>
</td>
<td><div><pre>java.lang.AssertionError: The following asserts failed:
	Provided and Get Landmark are not matched 2 expected [77436 Fairview Trail, Sekondi-Takoradi,Kumasi,Ashanti[4],Ghana,GA015] but found [77436 Fairview Trail, Sekondi-Takoradi]
	at org.testng.asserts.SoftAssert.assertAll(SoftAssert.java:43)
	at com.ghana.app.qa.testcases.HighCommissionPageApproveTest.verfiyTitleOfCNDocumentVerificatonPage(HighCommissionPageApproveTest.java:257)
	at sun.reflect.NativeMethodAccessorImpl.invoke0(Native Method)
	at sun.reflect.NativeMethodAccessorImpl.invoke(Unknown Source)
	at sun.reflect.DelegatingMethodAccessorImpl.invoke(Unknown Source)
	at java.lang.reflect.Method.invoke(Unknown Source)
	at org.testng.internal.MethodInvocationHelper.invokeMethod(MethodInvocationHelper.java:124)
	at org.testng.internal.Invoker.invokeMethod(Invoker.java:580)
	at org.testng.internal.Invoker.invokeTestMethod(Invoker.java:716)
	at org.testng.internal.Invoker.invokeTestMethods(Invoker.java:988)
	at org.testng.internal.TestMethodWorker.invokeTestMethods(TestMethodWorker.java:125)
	at org.testng.internal.TestMethodWorker.run(TestMethodWorker.java:109)
	at org.testng.TestRunner.privateRun(TestRunner.java:648)
	at org.testng.TestRunner.run(TestRunner.java:505)
	at org.testng.SuiteRunner.runTest(SuiteRunner.java:455)
	at org.testng.SuiteRunner.runSequentially(SuiteRunner.java:450)
	at org.testng.SuiteRunner.privateRun(SuiteRunner.java:415)
	at org.testng.SuiteRunner.run(SuiteRunner.java:364)
	at org.testng.SuiteRunnerWorker.runSuite(SuiteRunnerWorker.java:52)
	at org.testng.SuiteRunnerWorker.run(SuiteRunnerWorker.java:84)
	at org.testng.TestNG.runSuitesSequentially(TestNG.java:1208)
	at org.testng.TestNG.runSuitesLocally(TestNG.java:1137)
	at org.testng.TestNG.runSuites(TestNG.java:1049)
	at org.testng.TestNG.run(TestNG.java:1017)
	at org.testng.remote.AbstractRemoteTestNG.run(AbstractRemoteTestNG.java:114)
	at org.testng.remote.RemoteTestNG.initAndRun(RemoteTestNG.java:251)
	at org.testng.remote.RemoteTestNG.main(RemoteTestNG.java:77)
</pre></div><a href='#' onClick='toggleBox("stack-trace352185757", this, "Click to show all stack frames", "Click to hide stack frames")'>Click to show all stack frames</a>
<div class='stack-trace' id='stack-trace352185757'><pre>java.lang.AssertionError: The following asserts failed:
	Provided and Get Landmark are not matched 2 expected [77436 Fairview Trail, Sekondi-Takoradi,Kumasi,Ashanti[4],Ghana,GA015] but found [77436 Fairview Trail, Sekondi-Takoradi]
	at org.testng.asserts.SoftAssert.assertAll(SoftAssert.java:43)
	at com.ghana.app.qa.testcases.HighCommissionPageApproveTest.verfiyTitleOfCNDocumentVerificatonPage(HighCommissionPageApproveTest.java:257)
	at sun.reflect.NativeMethodAccessorImpl.invoke0(Native Method)
	at sun.reflect.NativeMethodAccessorImpl.invoke(Unknown Source)
	at sun.reflect.DelegatingMethodAccessorImpl.invoke(Unknown Source)
	at java.lang.reflect.Method.invoke(Unknown Source)
	at org.testng.internal.MethodInvocationHelper.invokeMethod(MethodInvocationHelper.java:124)
	at org.testng.internal.Invoker.invokeMethod(Invoker.java:580)
	at org.testng.internal.Invoker.invokeTestMethod(Invoker.java:716)
	at org.testng.internal.Invoker.invokeTestMethods(Invoker.java:988)
	at org.testng.internal.TestMethodWorker.invokeTestMethods(TestMethodWorker.java:125)
	at org.testng.internal.TestMethodWorker.run(TestMethodWorker.java:109)
	at org.testng.TestRunner.privateRun(TestRunner.java:648)
	at org.testng.TestRunner.run(TestRunner.java:505)
	at org.testng.SuiteRunner.runTest(SuiteRunner.java:455)
	at org.testng.SuiteRunner.runSequentially(SuiteRunner.java:450)
	at org.testng.SuiteRunner.privateRun(SuiteRunner.java:415)
	at org.testng.SuiteRunner.run(SuiteRunner.java:364)
	at org.testng.SuiteRunnerWorker.runSuite(SuiteRunnerWorker.java:52)
	at org.testng.SuiteRunnerWorker.run(SuiteRunnerWorker.java:84)
	at org.testng.TestNG.runSuitesSequentially(TestNG.java:1208)
	at org.testng.TestNG.runSuitesLocally(TestNG.java:1137)
	at org.testng.TestNG.runSuites(TestNG.java:1049)
	at org.testng.TestNG.run(TestNG.java:1017)
	at org.testng.remote.AbstractRemoteTestNG.run(AbstractRemoteTestNG.java:114)
	at org.testng.remote.RemoteTestNG.initAndRun(RemoteTestNG.java:251)
	at org.testng.remote.RemoteTestNG.main(RemoteTestNG.java:77)
</pre></div></td>
<td>0</td>
<td>com.ghana.app.qa.testcases.HighCommissionPageApproveTest@64485a47</td></tr>
<tr>
<td title='com.ghana.app.qa.testcases.HighCommissionPageApproveTest.verifyApplicationSentOpens()'><b>verifyApplicationSentOpens</b><br>Test class: com.ghana.app.qa.testcases.HighCommissionPageApproveTest<br>Test method: This test will verify whether application is opens upon clicing on Open button and also clicking back button navigates to Bucket<br/>
<a href="#Output-1602880207" onClick='toggleBox("Output-1602880207", this, "Show output", "Hide output");'>Show output</a>

<a href="#Output-1602880207" onClick="toggleAllBoxes();">Show all outputs</a>
<div class='log' id="Output-1602880207">
About to begin executing following method : HighCommissionPageApproveTest.verifyApplicationSentOpens<br/>
Completed executing following method : HighCommissionPageApproveTest.verifyApplicationSentOpens<br/>
</div>
</td>
<td><div><pre>org.openqa.selenium.NoSuchElementException: no such element: Unable to locate element: {&quot;method&quot;:&quot;xpath&quot;,&quot;selector&quot;:&quot;//label[contains(text(),&apos;This application is already sent to High Commsion&apos;)]&quot;}
  (Session info: chrome=74.0.3729.157)
  (Driver info: chromedriver=74.0.3729.6 (255758eccf3d244491b8a1317aa76e1ce10d57e9-refs/branch-heads/3729@{#29}),platform=Windows NT 6.3.9600 x86_64) (WARNING: The server did not provide any stacktrace information)
Command duration or timeout: 0 milliseconds
For documentation on this error, please visit: https://www.seleniumhq.org/exceptions/no_such_element.html
Build info: version: &apos;3.141.59&apos;, revision: &apos;e82be7d358&apos;, time: &apos;2018-11-14T08:17:03&apos;
System info: host: &apos;TORENZO&apos;, ip: &apos;192.168.1.21&apos;, os.name: &apos;Windows 8.1&apos;, os.arch: &apos;amd64&apos;, os.version: &apos;6.3&apos;, java.version: &apos;1.8.0_151&apos;
Driver info: org.openqa.selenium.chrome.ChromeDriver
Capabilities {acceptInsecureCerts: false, acceptSslCerts: false, applicationCacheEnabled: false, browserConnectionEnabled: false, browserName: chrome, chrome: {chromedriverVersion: 74.0.3729.6 (255758eccf3d24..., userDataDir: C:\Users\TEJASH~1\AppData\L...}, cssSelectorsEnabled: true, databaseEnabled: false, goog:chromeOptions: {debuggerAddress: localhost:53978}, handlesAlerts: true, hasTouchScreen: false, javascriptEnabled: true, locationContextEnabled: true, mobileEmulationEnabled: false, nativeEvents: true, networkConnectionEnabled: false, pageLoadStrategy: normal, platform: XP, platformName: XP, proxy: Proxy(), rotatable: false, setWindowRect: true, strictFileInteractability: false, takesHeapSnapshot: true, takesScreenshot: true, timeouts: {implicit: 0, pageLoad: 300000, script: 30000}, unexpectedAlertBehaviour: ignore, unhandledPromptBehavior: ignore, version: 74.0.3729.157, webStorageEnabled: true}
Session ID: 2bbe2e752b5c898ac71db9e32d5c9581
*** Element info: {Using=xpath, value=//label[contains(text(),&apos;This application is already sent to High Commsion&apos;)]}
	at sun.reflect.NativeConstructorAccessorImpl.newInstance0(Native Method)
	at sun.reflect.NativeConstructorAccessorImpl.newInstance(Unknown Source)
	at sun.reflect.DelegatingConstructorAccessorImpl.newInstance(Unknown Source)
	at java.lang.reflect.Constructor.newInstance(Unknown Source)
	at org.openqa.selenium.remote.ErrorHandler.createThrowable(ErrorHandler.java:214)
	at org.openqa.selenium.remote.ErrorHandler.throwIfResponseFailed(ErrorHandler.java:166)
	at org.openqa.selenium.remote.http.JsonHttpResponseCodec.reconstructValue(JsonHttpResponseCodec.java:40)
	at org.openqa.selenium.remote.http.AbstractHttpResponseCodec.decode(AbstractHttpResponseCodec.java:80)
	at org.openqa.selenium.remote.http.AbstractHttpResponseCodec.decode(AbstractHttpResponseCodec.java:44)
	at org.openqa.selenium.remote.HttpCommandExecutor.execute(HttpCommandExecutor.java:158)
	at org.openqa.selenium.remote.service.DriverCommandExecutor.execute(DriverCommandExecutor.java:83)
	at org.openqa.selenium.remote.RemoteWebDriver.execute(RemoteWebDriver.java:552)
	at org.openqa.selenium.remote.RemoteWebDriver.findElement(RemoteWebDriver.java:323)
	at org.openqa.selenium.remote.RemoteWebDriver.findElementByXPath(RemoteWebDriver.java:428)
	at org.openqa.selenium.By$ByXPath.findElement(By.java:353)
	at org.openqa.selenium.remote.RemoteWebDriver.findElement(RemoteWebDriver.java:315)
	at org.openqa.selenium.support.pagefactory.DefaultElementLocator.findElement(DefaultElementLocator.java:69)
	at org.openqa.selenium.support.pagefactory.internal.LocatingElementHandler.invoke(LocatingElementHandler.java:38)
	at com.sun.proxy.$Proxy9.getText(Unknown Source)
	at com.ghana.app.qa.pages.ConsulatedashBoardPage.textFromPop1PopApplicationSentToHCD(ConsulatedashBoardPage.java:222)
	at com.ghana.app.qa.testcases.HighCommissionPageApproveTest.verifyApplicationSentOpens(HighCommissionPageApproveTest.java:371)
	at sun.reflect.NativeMethodAccessorImpl.invoke0(Native Method)
	at sun.reflect.NativeMethodAccessorImpl.invoke(Unknown Source)
	at sun.reflect.DelegatingMethodAccessorImpl.invoke(Unknown Source)
	at java.lang.reflect.Method.invoke(Unknown Source)
	at org.testng.internal.MethodInvocationHelper.invokeMethod(MethodInvocationHelper.java:124)
	at org.testng.internal.Invoker.invokeMethod(Invoker.java:580)
	at org.testng.internal.Invoker.invokeTestMethod(Invoker.java:716)
	at org.testng.internal.Invoker.invokeTestMethods(Invoker.java:988)
	at org.testng.internal.TestMethodWorker.invokeTestMethods(TestMethodWorker.java:125)
	at org.testng.internal.TestMethodWorker.run(TestMethodWorker.java:109)
	at org.testng.TestRunner.privateRun(TestRunner.java:648)
	at org.testng.TestRunner.run(TestRunner.java:505)
	at org.testng.SuiteRunner.runTest(SuiteRunner.java:455)
	at org.testng.SuiteRunner.runSequentially(SuiteRunner.java:450)
	at org.testng.SuiteRunner.privateRun(SuiteRunner.java:415)
	at org.testng.SuiteRunner.run(SuiteRunner.java:364)
	at org.testng.SuiteRunnerWorker.runSuite(SuiteRunnerWorker.java:52)
	at org.testng.SuiteRunnerWorker.run(SuiteRunnerWorker.java:84)
	at org.testng.TestNG.runSuitesSequentially(TestNG.java:1208)
	at org.testng.TestNG.runSuitesLocally(TestNG.java:1137)
	at org.testng.TestNG.runSuites(TestNG.java:1049)
	at org.testng.TestNG.run(TestNG.java:1017)
	at org.testng.remote.AbstractRemoteTestNG.run(AbstractRemoteTestNG.java:114)
	at org.testng.remote.RemoteTestNG.initAndRun(RemoteTestNG.java:251)
	at org.testng.remote.RemoteTestNG.main(RemoteTestNG.java:77)
</pre></div><a href='#' onClick='toggleBox("stack-trace1602880207", this, "Click to show all stack frames", "Click to hide stack frames")'>Click to show all stack frames</a>
<div class='stack-trace' id='stack-trace1602880207'><pre>org.openqa.selenium.NoSuchElementException: no such element: Unable to locate element: {&quot;method&quot;:&quot;xpath&quot;,&quot;selector&quot;:&quot;//label[contains(text(),&apos;This application is already sent to High Commsion&apos;)]&quot;}
  (Session info: chrome=74.0.3729.157)
  (Driver info: chromedriver=74.0.3729.6 (255758eccf3d244491b8a1317aa76e1ce10d57e9-refs/branch-heads/3729@{#29}),platform=Windows NT 6.3.9600 x86_64) (WARNING: The server did not provide any stacktrace information)
>>>>>>> d431cf34496f5e28fcc3fbc057b2d6c3c2319536
Command duration or timeout: 0 milliseconds
For documentation on this error, please visit: https://www.seleniumhq.org/exceptions/no_such_element.html
Build info: version: &apos;3.141.59&apos;, revision: &apos;e82be7d358&apos;, time: &apos;2018-11-14T08:17:03&apos;
System info: host: &apos;TORENZO&apos;, ip: &apos;192.168.1.21&apos;, os.name: &apos;Windows 8.1&apos;, os.arch: &apos;amd64&apos;, os.version: &apos;6.3&apos;, java.version: &apos;1.8.0_151&apos;
Driver info: org.openqa.selenium.chrome.ChromeDriver
<<<<<<< Updated upstream
<<<<<<< HEAD
Capabilities {acceptInsecureCerts: false, acceptSslCerts: false, applicationCacheEnabled: false, browserConnectionEnabled: false, browserName: chrome, chrome: {chromedriverVersion: 74.0.3729.6 (255758eccf3d24..., userDataDir: C:\Users\NIKHIL~1.SON\AppDa...}, cssSelectorsEnabled: true, databaseEnabled: false, goog:chromeOptions: {debuggerAddress: localhost:51092}, handlesAlerts: true, hasTouchScreen: false, javascriptEnabled: true, locationContextEnabled: true, mobileEmulationEnabled: false, nativeEvents: true, networkConnectionEnabled: false, pageLoadStrategy: normal, platform: XP, platformName: XP, proxy: Proxy(), rotatable: false, setWindowRect: true, strictFileInteractability: false, takesHeapSnapshot: true, takesScreenshot: true, timeouts: {implicit: 0, pageLoad: 300000, script: 30000}, unexpectedAlertBehaviour: ignore, unhandledPromptBehavior: ignore, version: 74.0.3729.157, webStorageEnabled: true}
Session ID: 80e69e24d37effa752d935c19a307ce3
*** Element info: {Using=xpath, value=//button[contains(text(),&apos;Partially/Filled Application&apos;)]}
=======
Capabilities {acceptInsecureCerts: false, acceptSslCerts: false, applicationCacheEnabled: false, browserConnectionEnabled: false, browserName: chrome, chrome: {chromedriverVersion: 74.0.3729.6 (255758eccf3d24..., userDataDir: C:\Users\TEJASH~1\AppData\L...}, cssSelectorsEnabled: true, databaseEnabled: false, goog:chromeOptions: {debuggerAddress: localhost:58030}, handlesAlerts: true, hasTouchScreen: false, javascriptEnabled: true, locationContextEnabled: true, mobileEmulationEnabled: false, nativeEvents: true, networkConnectionEnabled: false, pageLoadStrategy: normal, platform: XP, platformName: XP, proxy: Proxy(), rotatable: false, setWindowRect: true, strictFileInteractability: false, takesHeapSnapshot: true, takesScreenshot: true, timeouts: {implicit: 0, pageLoad: 300000, script: 30000}, unexpectedAlertBehaviour: ignore, unhandledPromptBehavior: ignore, version: 74.0.3729.157, webStorageEnabled: true}
Session ID: 7a83a82910c1b880c8c4716bba9aecfa
*** Element info: {Using=xpath, value=//div[@id=&apos;myModal&apos;]//h4[@class=&apos;modal-title&apos;][contains(text(),&apos;Confirmation&apos;)]}
>>>>>>> d431cf34496f5e28fcc3fbc057b2d6c3c2319536
	at sun.reflect.NativeConstructorAccessorImpl.newInstance0(Native Method)
	at sun.reflect.NativeConstructorAccessorImpl.newInstance(Unknown Source)
	at sun.reflect.DelegatingConstructorAccessorImpl.newInstance(Unknown Source)
	at java.lang.reflect.Constructor.newInstance(Unknown Source)
	at org.openqa.selenium.remote.ErrorHandler.createThrowable(ErrorHandler.java:214)
	at org.openqa.selenium.remote.ErrorHandler.throwIfResponseFailed(ErrorHandler.java:166)
<<<<<<< HEAD
	at org.openqa.selenium.remote.http.JsonHttpResponseCodec.reconstructValue(JsonHttpResponseCodec.java:40)
	at org.openqa.selenium.remote.http.AbstractHttpResponseCodec.decode(AbstractHttpResponseCodec.java:80)
	at org.openqa.selenium.remote.http.AbstractHttpResponseCodec.decode(AbstractHttpResponseCodec.java:44)
	at org.openqa.selenium.remote.HttpCommandExecutor.execute(HttpCommandExecutor.java:158)
	at org.openqa.selenium.remote.service.DriverCommandExecutor.execute(DriverCommandExecutor.java:83)
	at org.openqa.selenium.remote.RemoteWebDriver.execute(RemoteWebDriver.java:552)
	at org.openqa.selenium.remote.RemoteWebDriver.findElement(RemoteWebDriver.java:323)
	at org.openqa.selenium.remote.RemoteWebDriver.findElementByXPath(RemoteWebDriver.java:428)
	at org.openqa.selenium.By$ByXPath.findElement(By.java:353)
	at org.openqa.selenium.remote.RemoteWebDriver.findElement(RemoteWebDriver.java:315)
	at org.openqa.selenium.support.pagefactory.DefaultElementLocator.findElement(DefaultElementLocator.java:69)
	at org.openqa.selenium.support.pagefactory.internal.LocatingElementHandler.invoke(LocatingElementHandler.java:38)
	at com.sun.proxy.$Proxy9.click(Unknown Source)
	at com.ghana.app.qa.pages.PartiallyFilledApplicationPage.clickOnpartialFilledTab(PartiallyFilledApplicationPage.java:47)
	at com.ghana.app.qa.testcases.PartiallyFilledApplicatlionTest.AlreadySubmittedPartiallyFilledTest(PartiallyFilledApplicatlionTest.java:91)
	at sun.reflect.NativeMethodAccessorImpl.invoke0(Native Method)
	at sun.reflect.NativeMethodAccessorImpl.invoke(Unknown Source)
	at sun.reflect.DelegatingMethodAccessorImpl.invoke(Unknown Source)
	at java.lang.reflect.Method.invoke(Unknown Source)
	at org.testng.internal.MethodInvocationHelper.invokeMethod(MethodInvocationHelper.java:124)
	at org.testng.internal.Invoker.invokeMethod(Invoker.java:580)
	at org.testng.internal.Invoker.invokeTestMethod(Invoker.java:716)
	at org.testng.internal.Invoker.invokeTestMethods(Invoker.java:988)
	at org.testng.internal.TestMethodWorker.invokeTestMethods(TestMethodWorker.java:125)
	at org.testng.internal.TestMethodWorker.run(TestMethodWorker.java:109)
	at org.testng.TestRunner.privateRun(TestRunner.java:648)
	at org.testng.TestRunner.run(TestRunner.java:505)
	at org.testng.SuiteRunner.runTest(SuiteRunner.java:455)
	at org.testng.SuiteRunner.runSequentially(SuiteRunner.java:450)
	at org.testng.SuiteRunner.privateRun(SuiteRunner.java:415)
	at org.testng.SuiteRunner.run(SuiteRunner.java:364)
	at org.testng.SuiteRunnerWorker.runSuite(SuiteRunnerWorker.java:52)
	at org.testng.SuiteRunnerWorker.run(SuiteRunnerWorker.java:84)
	at org.testng.TestNG.runSuitesSequentially(TestNG.java:1208)
	at org.testng.TestNG.runSuitesLocally(TestNG.java:1137)
	at org.testng.TestNG.runSuites(TestNG.java:1049)
	at org.testng.TestNG.run(TestNG.java:1017)
	at org.testng.remote.AbstractRemoteTestNG.run(AbstractRemoteTestNG.java:114)
	at org.testng.remote.RemoteTestNG.initAndRun(RemoteTestNG.java:251)
	at org.testng.remote.RemoteTestNG.main(RemoteTestNG.java:77)
</pre></div><a href='#' onClick='toggleBox("stack-trace103433239", this, "Click to show all stack frames", "Click to hide stack frames")'>Click to show all stack frames</a>
<div class='stack-trace' id='stack-trace103433239'><pre>org.openqa.selenium.NoSuchElementException: no such element: Unable to locate element: {&quot;method&quot;:&quot;xpath&quot;,&quot;selector&quot;:&quot;//button[contains(text(),&apos;Partially/Filled Application&apos;)]&quot;}
  (Session info: chrome=74.0.3729.157)
  (Driver info: chromedriver=74.0.3729.6 (255758eccf3d244491b8a1317aa76e1ce10d57e9-refs/branch-heads/3729@{#29}),platform=Windows NT 6.1.7601 SP1 x86_64) (WARNING: The server did not provide any stacktrace information)
Command duration or timeout: 0 milliseconds
For documentation on this error, please visit: https://www.seleniumhq.org/exceptions/no_such_element.html
Build info: version: &apos;3.141.59&apos;, revision: &apos;e82be7d358&apos;, time: &apos;2018-11-14T08:17:03&apos;
System info: host: &apos;NAMET5&apos;, ip: &apos;192.168.56.1&apos;, os.name: &apos;Windows 7&apos;, os.arch: &apos;amd64&apos;, os.version: &apos;6.1&apos;, java.version: &apos;1.8.0_171&apos;
Driver info: org.openqa.selenium.chrome.ChromeDriver
Capabilities {acceptInsecureCerts: false, acceptSslCerts: false, applicationCacheEnabled: false, browserConnectionEnabled: false, browserName: chrome, chrome: {chromedriverVersion: 74.0.3729.6 (255758eccf3d24..., userDataDir: C:\Users\NIKHIL~1.SON\AppDa...}, cssSelectorsEnabled: true, databaseEnabled: false, goog:chromeOptions: {debuggerAddress: localhost:51092}, handlesAlerts: true, hasTouchScreen: false, javascriptEnabled: true, locationContextEnabled: true, mobileEmulationEnabled: false, nativeEvents: true, networkConnectionEnabled: false, pageLoadStrategy: normal, platform: XP, platformName: XP, proxy: Proxy(), rotatable: false, setWindowRect: true, strictFileInteractability: false, takesHeapSnapshot: true, takesScreenshot: true, timeouts: {implicit: 0, pageLoad: 300000, script: 30000}, unexpectedAlertBehaviour: ignore, unhandledPromptBehavior: ignore, version: 74.0.3729.157, webStorageEnabled: true}
Session ID: 80e69e24d37effa752d935c19a307ce3
*** Element info: {Using=xpath, value=//button[contains(text(),&apos;Partially/Filled Application&apos;)]}
	at sun.reflect.NativeConstructorAccessorImpl.newInstance0(Native Method)
	at sun.reflect.NativeConstructorAccessorImpl.newInstance(Unknown Source)
	at sun.reflect.DelegatingConstructorAccessorImpl.newInstance(Unknown Source)
	at java.lang.reflect.Constructor.newInstance(Unknown Source)
	at org.openqa.selenium.remote.ErrorHandler.createThrowable(ErrorHandler.java:214)
	at org.openqa.selenium.remote.ErrorHandler.throwIfResponseFailed(ErrorHandler.java:166)
	at org.openqa.selenium.remote.http.JsonHttpResponseCodec.reconstructValue(JsonHttpResponseCodec.java:40)
	at org.openqa.selenium.remote.http.AbstractHttpResponseCodec.decode(AbstractHttpResponseCodec.java:80)
	at org.openqa.selenium.remote.http.AbstractHttpResponseCodec.decode(AbstractHttpResponseCodec.java:44)
	at org.openqa.selenium.remote.HttpCommandExecutor.execute(HttpCommandExecutor.java:158)
	at org.openqa.selenium.remote.service.DriverCommandExecutor.execute(DriverCommandExecutor.java:83)
	at org.openqa.selenium.remote.RemoteWebDriver.execute(RemoteWebDriver.java:552)
	at org.openqa.selenium.remote.RemoteWebDriver.findElement(RemoteWebDriver.java:323)
	at org.openqa.selenium.remote.RemoteWebDriver.findElementByXPath(RemoteWebDriver.java:428)
	at org.openqa.selenium.By$ByXPath.findElement(By.java:353)
	at org.openqa.selenium.remote.RemoteWebDriver.findElement(RemoteWebDriver.java:315)
	at org.openqa.selenium.support.pagefactory.DefaultElementLocator.findElement(DefaultElementLocator.java:69)
	at org.openqa.selenium.support.pagefactory.internal.LocatingElementHandler.invoke(LocatingElementHandler.java:38)
	at com.sun.proxy.$Proxy9.click(Unknown Source)
	at com.ghana.app.qa.pages.PartiallyFilledApplicationPage.clickOnpartialFilledTab(PartiallyFilledApplicationPage.java:47)
	at com.ghana.app.qa.testcases.PartiallyFilledApplicatlionTest.AlreadySubmittedPartiallyFilledTest(PartiallyFilledApplicatlionTest.java:91)
	at sun.reflect.NativeMethodAccessorImpl.invoke0(Native Method)
	at sun.reflect.NativeMethodAccessorImpl.invoke(Unknown Source)
	at sun.reflect.DelegatingMethodAccessorImpl.invoke(Unknown Source)
	at java.lang.reflect.Method.invoke(Unknown Source)
	at org.testng.internal.MethodInvocationHelper.invokeMethod(MethodInvocationHelper.java:124)
	at org.testng.internal.Invoker.invokeMethod(Invoker.java:580)
	at org.testng.internal.Invoker.invokeTestMethod(Invoker.java:716)
	at org.testng.internal.Invoker.invokeTestMethods(Invoker.java:988)
	at org.testng.internal.TestMethodWorker.invokeTestMethods(TestMethodWorker.java:125)
	at org.testng.internal.TestMethodWorker.run(TestMethodWorker.java:109)
	at org.testng.TestRunner.privateRun(TestRunner.java:648)
	at org.testng.TestRunner.run(TestRunner.java:505)
	at org.testng.SuiteRunner.runTest(SuiteRunner.java:455)
	at org.testng.SuiteRunner.runSequentially(SuiteRunner.java:450)
	at org.testng.SuiteRunner.privateRun(SuiteRunner.java:415)
	at org.testng.SuiteRunner.run(SuiteRunner.java:364)
	at org.testng.SuiteRunnerWorker.runSuite(SuiteRunnerWorker.java:52)
	at org.testng.SuiteRunnerWorker.run(SuiteRunnerWorker.java:84)
	at org.testng.TestNG.runSuitesSequentially(TestNG.java:1208)
	at org.testng.TestNG.runSuitesLocally(TestNG.java:1137)
	at org.testng.TestNG.runSuites(TestNG.java:1049)
	at org.testng.TestNG.run(TestNG.java:1017)
	at org.testng.remote.AbstractRemoteTestNG.run(AbstractRemoteTestNG.java:114)
	at org.testng.remote.RemoteTestNG.initAndRun(RemoteTestNG.java:251)
	at org.testng.remote.RemoteTestNG.main(RemoteTestNG.java:77)
</pre></div></td>
<td>120</td>
<td>com.ghana.app.qa.testcases.PartiallyFilledApplicatlionTest@42607a4f</td></tr>
<tr>
<td title='com.ghana.app.qa.testcases.PartiallyFilledApplicatlionTest.PartiallyFilledTest()'><b>PartiallyFilledTest</b><br>Test class: com.ghana.app.qa.testcases.PartiallyFilledApplicatlionTest<br/>
<a href="#Output-822359325" onClick='toggleBox("Output-822359325", this, "Show output", "Hide output");'>Show output</a>

<a href="#Output-822359325" onClick="toggleAllBoxes();">Show all outputs</a>
<div class='log' id="Output-822359325">
About to begin executing following method : PartiallyFilledApplicatlionTest.PartiallyFilledTest<br/>
Completed executing following method : PartiallyFilledApplicatlionTest.PartiallyFilledTest<br/>
</div>
</td>
<td><div><pre>org.openqa.selenium.NoSuchElementException: no such element: Unable to locate element: {&quot;method&quot;:&quot;xpath&quot;,&quot;selector&quot;:&quot;//div[@class=&apos;alert alert-danger alert-dismissible&apos;]&quot;}
  (Session info: chrome=74.0.3729.157)
  (Driver info: chromedriver=74.0.3729.6 (255758eccf3d244491b8a1317aa76e1ce10d57e9-refs/branch-heads/3729@{#29}),platform=Windows NT 6.1.7601 SP1 x86_64) (WARNING: The server did not provide any stacktrace information)
Command duration or timeout: 0 milliseconds
For documentation on this error, please visit: https://www.seleniumhq.org/exceptions/no_such_element.html
Build info: version: &apos;3.141.59&apos;, revision: &apos;e82be7d358&apos;, time: &apos;2018-11-14T08:17:03&apos;
System info: host: &apos;NAMET5&apos;, ip: &apos;192.168.56.1&apos;, os.name: &apos;Windows 7&apos;, os.arch: &apos;amd64&apos;, os.version: &apos;6.1&apos;, java.version: &apos;1.8.0_171&apos;
Driver info: org.openqa.selenium.chrome.ChromeDriver
Capabilities {acceptInsecureCerts: false, acceptSslCerts: false, applicationCacheEnabled: false, browserConnectionEnabled: false, browserName: chrome, chrome: {chromedriverVersion: 74.0.3729.6 (255758eccf3d24..., userDataDir: C:\Users\NIKHIL~1.SON\AppDa...}, cssSelectorsEnabled: true, databaseEnabled: false, goog:chromeOptions: {debuggerAddress: localhost:51092}, handlesAlerts: true, hasTouchScreen: false, javascriptEnabled: true, locationContextEnabled: true, mobileEmulationEnabled: false, nativeEvents: true, networkConnectionEnabled: false, pageLoadStrategy: normal, platform: XP, platformName: XP, proxy: Proxy(), rotatable: false, setWindowRect: true, strictFileInteractability: false, takesHeapSnapshot: true, takesScreenshot: true, timeouts: {implicit: 0, pageLoad: 300000, script: 30000}, unexpectedAlertBehaviour: ignore, unhandledPromptBehavior: ignore, version: 74.0.3729.157, webStorageEnabled: true}
Session ID: 80e69e24d37effa752d935c19a307ce3
*** Element info: {Using=xpath, value=//div[@class=&apos;alert alert-danger alert-dismissible&apos;]}
=======
Capabilities {acceptInsecureCerts: false, acceptSslCerts: false, applicationCacheEnabled: false, browserConnectionEnabled: false, browserName: chrome, chrome: {chromedriverVersion: 74.0.3729.6 (255758eccf3d24..., userDataDir: C:\Users\TEJASH~1\AppData\L...}, cssSelectorsEnabled: true, databaseEnabled: false, goog:chromeOptions: {debuggerAddress: localhost:53978}, handlesAlerts: true, hasTouchScreen: false, javascriptEnabled: true, locationContextEnabled: true, mobileEmulationEnabled: false, nativeEvents: true, networkConnectionEnabled: false, pageLoadStrategy: normal, platform: XP, platformName: XP, proxy: Proxy(), rotatable: false, setWindowRect: true, strictFileInteractability: false, takesHeapSnapshot: true, takesScreenshot: true, timeouts: {implicit: 0, pageLoad: 300000, script: 30000}, unexpectedAlertBehaviour: ignore, unhandledPromptBehavior: ignore, version: 74.0.3729.157, webStorageEnabled: true}
Session ID: 2bbe2e752b5c898ac71db9e32d5c9581
*** Element info: {Using=xpath, value=//label[contains(text(),&apos;This application is already sent to High Commsion&apos;)]}
>>>>>>> Stashed changes
	at sun.reflect.NativeConstructorAccessorImpl.newInstance0(Native Method)
	at sun.reflect.NativeConstructorAccessorImpl.newInstance(Unknown Source)
	at sun.reflect.DelegatingConstructorAccessorImpl.newInstance(Unknown Source)
	at java.lang.reflect.Constructor.newInstance(Unknown Source)
	at org.openqa.selenium.remote.ErrorHandler.createThrowable(ErrorHandler.java:214)
	at org.openqa.selenium.remote.ErrorHandler.throwIfResponseFailed(ErrorHandler.java:166)
=======
>>>>>>> d431cf34496f5e28fcc3fbc057b2d6c3c2319536
	at org.openqa.selenium.remote.http.JsonHttpResponseCodec.reconstructValue(JsonHttpResponseCodec.java:40)
	at org.openqa.selenium.remote.http.AbstractHttpResponseCodec.decode(AbstractHttpResponseCodec.java:80)
	at org.openqa.selenium.remote.http.AbstractHttpResponseCodec.decode(AbstractHttpResponseCodec.java:44)
	at org.openqa.selenium.remote.HttpCommandExecutor.execute(HttpCommandExecutor.java:158)
	at org.openqa.selenium.remote.service.DriverCommandExecutor.execute(DriverCommandExecutor.java:83)
	at org.openqa.selenium.remote.RemoteWebDriver.execute(RemoteWebDriver.java:552)
	at org.openqa.selenium.remote.RemoteWebDriver.findElement(RemoteWebDriver.java:323)
	at org.openqa.selenium.remote.RemoteWebDriver.findElementByXPath(RemoteWebDriver.java:428)
	at org.openqa.selenium.By$ByXPath.findElement(By.java:353)
	at org.openqa.selenium.remote.RemoteWebDriver.findElement(RemoteWebDriver.java:315)
	at org.openqa.selenium.support.pagefactory.DefaultElementLocator.findElement(DefaultElementLocator.java:69)
	at org.openqa.selenium.support.pagefactory.internal.LocatingElementHandler.invoke(LocatingElementHandler.java:38)
	at com.sun.proxy.$Proxy9.getText(Unknown Source)
<<<<<<< Updated upstream
<<<<<<< HEAD
	at com.ghana.app.qa.pages.PartiallyFilledApplicationPage.getErrorMessage(PartiallyFilledApplicationPage.java:73)
	at com.ghana.app.qa.testcases.PartiallyFilledApplicatlionTest.PartiallyFilledTest(PartiallyFilledApplicatlionTest.java:110)
=======
	at com.ghana.app.qa.pages.ConsulatedashBoardPage.confirmationPop2ApplicationSentToFlag(ConsulatedashBoardPage.java:234)
	at com.ghana.app.qa.testcases.ConsulatePageFlagTest.verifyApplicaInRejectApplicationBucket(ConsulatePageFlagTest.java:193)
>>>>>>> d431cf34496f5e28fcc3fbc057b2d6c3c2319536
=======
	at com.ghana.app.qa.pages.ConsulatedashBoardPage.textFromPop1PopApplicationSentToHCD(ConsulatedashBoardPage.java:222)
	at com.ghana.app.qa.testcases.HighCommissionPageApproveTest.verifyApplicationSentOpens(HighCommissionPageApproveTest.java:371)
>>>>>>> Stashed changes
	at sun.reflect.NativeMethodAccessorImpl.invoke0(Native Method)
	at sun.reflect.NativeMethodAccessorImpl.invoke(Unknown Source)
	at sun.reflect.DelegatingMethodAccessorImpl.invoke(Unknown Source)
	at java.lang.reflect.Method.invoke(Unknown Source)
	at org.testng.internal.MethodInvocationHelper.invokeMethod(MethodInvocationHelper.java:124)
	at org.testng.internal.Invoker.invokeMethod(Invoker.java:580)
	at org.testng.internal.Invoker.invokeTestMethod(Invoker.java:716)
	at org.testng.internal.Invoker.invokeTestMethods(Invoker.java:988)
	at org.testng.internal.TestMethodWorker.invokeTestMethods(TestMethodWorker.java:125)
	at org.testng.internal.TestMethodWorker.run(TestMethodWorker.java:109)
	at org.testng.TestRunner.privateRun(TestRunner.java:648)
	at org.testng.TestRunner.run(TestRunner.java:505)
	at org.testng.SuiteRunner.runTest(SuiteRunner.java:455)
	at org.testng.SuiteRunner.runSequentially(SuiteRunner.java:450)
	at org.testng.SuiteRunner.privateRun(SuiteRunner.java:415)
	at org.testng.SuiteRunner.run(SuiteRunner.java:364)
	at org.testng.SuiteRunnerWorker.runSuite(SuiteRunnerWorker.java:52)
	at org.testng.SuiteRunnerWorker.run(SuiteRunnerWorker.java:84)
	at org.testng.TestNG.runSuitesSequentially(TestNG.java:1208)
	at org.testng.TestNG.runSuitesLocally(TestNG.java:1137)
	at org.testng.TestNG.runSuites(TestNG.java:1049)
	at org.testng.TestNG.run(TestNG.java:1017)
	at org.testng.remote.AbstractRemoteTestNG.run(AbstractRemoteTestNG.java:114)
	at org.testng.remote.RemoteTestNG.initAndRun(RemoteTestNG.java:251)
	at org.testng.remote.RemoteTestNG.main(RemoteTestNG.java:77)
<<<<<<< Updated upstream
<<<<<<< HEAD
</pre></div><a href='#' onClick='toggleBox("stack-trace822359325", this, "Click to show all stack frames", "Click to hide stack frames")'>Click to show all stack frames</a>
<div class='stack-trace' id='stack-trace822359325'><pre>org.openqa.selenium.NoSuchElementException: no such element: Unable to locate element: {&quot;method&quot;:&quot;xpath&quot;,&quot;selector&quot;:&quot;//div[@class=&apos;alert alert-danger alert-dismissible&apos;]&quot;}
  (Session info: chrome=74.0.3729.157)
  (Driver info: chromedriver=74.0.3729.6 (255758eccf3d244491b8a1317aa76e1ce10d57e9-refs/branch-heads/3729@{#29}),platform=Windows NT 6.1.7601 SP1 x86_64) (WARNING: The server did not provide any stacktrace information)
=======
</pre></div><a href='#' onClick='toggleBox("stack-trace1456464145", this, "Click to show all stack frames", "Click to hide stack frames")'>Click to show all stack frames</a>
<div class='stack-trace' id='stack-trace1456464145'><pre>org.openqa.selenium.NoSuchElementException: no such element: Unable to locate element: {&quot;method&quot;:&quot;xpath&quot;,&quot;selector&quot;:&quot;//div[@id=&apos;myModal&apos;]//h4[@class=&apos;modal-title&apos;][contains(text(),&apos;Confirmation&apos;)]&quot;}
=======
</pre></div></td>
<td>42</td>
<td>com.ghana.app.qa.testcases.HighCommissionPageApproveTest@64485a47</td></tr>
<tr>
<td title='com.ghana.app.qa.testcases.HighCommissionPageApproveTest.verifyApproveBucktInCN()'><b>verifyApproveBucktInCN</b><br>Test class: com.ghana.app.qa.testcases.HighCommissionPageApproveTest<br>Test method: This test will verify whether application is sent to CN side from HCD side and application present in Approve Bucket<br/>
<a href="#Output-113042195" onClick='toggleBox("Output-113042195", this, "Show output", "Hide output");'>Show output</a>

<a href="#Output-113042195" onClick="toggleAllBoxes();">Show all outputs</a>
<div class='log' id="Output-113042195">
About to begin executing following method : HighCommissionPageApproveTest.verifyApproveBucktInCN<br/>
Completed executing following method : HighCommissionPageApproveTest.verifyApproveBucktInCN<br/>
</div>
</td>
<td><div><pre>org.openqa.selenium.NoSuchElementException: no such element: Unable to locate element: {&quot;method&quot;:&quot;xpath&quot;,&quot;selector&quot;:&quot;//input[@value=&apos;Approve&apos;]&quot;}
>>>>>>> Stashed changes
  (Session info: chrome=74.0.3729.157)
  (Driver info: chromedriver=74.0.3729.6 (255758eccf3d244491b8a1317aa76e1ce10d57e9-refs/branch-heads/3729@{#29}),platform=Windows NT 6.3.9600 x86_64) (WARNING: The server did not provide any stacktrace information)
>>>>>>> d431cf34496f5e28fcc3fbc057b2d6c3c2319536
Command duration or timeout: 0 milliseconds
For documentation on this error, please visit: https://www.seleniumhq.org/exceptions/no_such_element.html
Build info: version: &apos;3.141.59&apos;, revision: &apos;e82be7d358&apos;, time: &apos;2018-11-14T08:17:03&apos;
System info: host: &apos;TORENZO&apos;, ip: &apos;192.168.1.21&apos;, os.name: &apos;Windows 8.1&apos;, os.arch: &apos;amd64&apos;, os.version: &apos;6.3&apos;, java.version: &apos;1.8.0_151&apos;
Driver info: org.openqa.selenium.chrome.ChromeDriver
<<<<<<< Updated upstream
<<<<<<< HEAD
Capabilities {acceptInsecureCerts: false, acceptSslCerts: false, applicationCacheEnabled: false, browserConnectionEnabled: false, browserName: chrome, chrome: {chromedriverVersion: 74.0.3729.6 (255758eccf3d24..., userDataDir: C:\Users\NIKHIL~1.SON\AppDa...}, cssSelectorsEnabled: true, databaseEnabled: false, goog:chromeOptions: {debuggerAddress: localhost:51092}, handlesAlerts: true, hasTouchScreen: false, javascriptEnabled: true, locationContextEnabled: true, mobileEmulationEnabled: false, nativeEvents: true, networkConnectionEnabled: false, pageLoadStrategy: normal, platform: XP, platformName: XP, proxy: Proxy(), rotatable: false, setWindowRect: true, strictFileInteractability: false, takesHeapSnapshot: true, takesScreenshot: true, timeouts: {implicit: 0, pageLoad: 300000, script: 30000}, unexpectedAlertBehaviour: ignore, unhandledPromptBehavior: ignore, version: 74.0.3729.157, webStorageEnabled: true}
Session ID: 80e69e24d37effa752d935c19a307ce3
*** Element info: {Using=xpath, value=//div[@class=&apos;alert alert-danger alert-dismissible&apos;]}
=======
Capabilities {acceptInsecureCerts: false, acceptSslCerts: false, applicationCacheEnabled: false, browserConnectionEnabled: false, browserName: chrome, chrome: {chromedriverVersion: 74.0.3729.6 (255758eccf3d24..., userDataDir: C:\Users\TEJASH~1\AppData\L...}, cssSelectorsEnabled: true, databaseEnabled: false, goog:chromeOptions: {debuggerAddress: localhost:58030}, handlesAlerts: true, hasTouchScreen: false, javascriptEnabled: true, locationContextEnabled: true, mobileEmulationEnabled: false, nativeEvents: true, networkConnectionEnabled: false, pageLoadStrategy: normal, platform: XP, platformName: XP, proxy: Proxy(), rotatable: false, setWindowRect: true, strictFileInteractability: false, takesHeapSnapshot: true, takesScreenshot: true, timeouts: {implicit: 0, pageLoad: 300000, script: 30000}, unexpectedAlertBehaviour: ignore, unhandledPromptBehavior: ignore, version: 74.0.3729.157, webStorageEnabled: true}
Session ID: 7a83a82910c1b880c8c4716bba9aecfa
*** Element info: {Using=xpath, value=//div[@id=&apos;myModal&apos;]//h4[@class=&apos;modal-title&apos;][contains(text(),&apos;Confirmation&apos;)]}
>>>>>>> d431cf34496f5e28fcc3fbc057b2d6c3c2319536
=======
Capabilities {acceptInsecureCerts: false, acceptSslCerts: false, applicationCacheEnabled: false, browserConnectionEnabled: false, browserName: chrome, chrome: {chromedriverVersion: 74.0.3729.6 (255758eccf3d24..., userDataDir: C:\Users\TEJASH~1\AppData\L...}, cssSelectorsEnabled: true, databaseEnabled: false, goog:chromeOptions: {debuggerAddress: localhost:53978}, handlesAlerts: true, hasTouchScreen: false, javascriptEnabled: true, locationContextEnabled: true, mobileEmulationEnabled: false, nativeEvents: true, networkConnectionEnabled: false, pageLoadStrategy: normal, platform: XP, platformName: XP, proxy: Proxy(), rotatable: false, setWindowRect: true, strictFileInteractability: false, takesHeapSnapshot: true, takesScreenshot: true, timeouts: {implicit: 0, pageLoad: 300000, script: 30000}, unexpectedAlertBehaviour: ignore, unhandledPromptBehavior: ignore, version: 74.0.3729.157, webStorageEnabled: true}
Session ID: 2bbe2e752b5c898ac71db9e32d5c9581
*** Element info: {Using=xpath, value=//input[@value=&apos;Approve&apos;]}
>>>>>>> Stashed changes
	at sun.reflect.NativeConstructorAccessorImpl.newInstance0(Native Method)
	at sun.reflect.NativeConstructorAccessorImpl.newInstance(Unknown Source)
	at sun.reflect.DelegatingConstructorAccessorImpl.newInstance(Unknown Source)
	at java.lang.reflect.Constructor.newInstance(Unknown Source)
	at org.openqa.selenium.remote.ErrorHandler.createThrowable(ErrorHandler.java:214)
	at org.openqa.selenium.remote.ErrorHandler.throwIfResponseFailed(ErrorHandler.java:166)
	at org.openqa.selenium.remote.http.JsonHttpResponseCodec.reconstructValue(JsonHttpResponseCodec.java:40)
	at org.openqa.selenium.remote.http.AbstractHttpResponseCodec.decode(AbstractHttpResponseCodec.java:80)
	at org.openqa.selenium.remote.http.AbstractHttpResponseCodec.decode(AbstractHttpResponseCodec.java:44)
	at org.openqa.selenium.remote.HttpCommandExecutor.execute(HttpCommandExecutor.java:158)
	at org.openqa.selenium.remote.service.DriverCommandExecutor.execute(DriverCommandExecutor.java:83)
	at org.openqa.selenium.remote.RemoteWebDriver.execute(RemoteWebDriver.java:552)
	at org.openqa.selenium.remote.RemoteWebDriver.findElement(RemoteWebDriver.java:323)
	at org.openqa.selenium.remote.RemoteWebDriver.findElementByXPath(RemoteWebDriver.java:428)
	at org.openqa.selenium.By$ByXPath.findElement(By.java:353)
	at org.openqa.selenium.remote.RemoteWebDriver.findElement(RemoteWebDriver.java:315)
	at org.openqa.selenium.support.pagefactory.DefaultElementLocator.findElement(DefaultElementLocator.java:69)
	at org.openqa.selenium.support.pagefactory.internal.LocatingElementHandler.invoke(LocatingElementHandler.java:38)
<<<<<<< Updated upstream
	at com.sun.proxy.$Proxy9.getText(Unknown Source)
<<<<<<< HEAD
	at com.ghana.app.qa.pages.PartiallyFilledApplicationPage.getErrorMessage(PartiallyFilledApplicationPage.java:73)
	at com.ghana.app.qa.testcases.PartiallyFilledApplicatlionTest.PartiallyFilledTest(PartiallyFilledApplicatlionTest.java:110)
=======
	at com.ghana.app.qa.pages.ConsulatedashBoardPage.confirmationPop2ApplicationSentToFlag(ConsulatedashBoardPage.java:234)
	at com.ghana.app.qa.testcases.ConsulatePageFlagTest.verifyApplicaInRejectApplicationBucket(ConsulatePageFlagTest.java:193)
>>>>>>> d431cf34496f5e28fcc3fbc057b2d6c3c2319536
=======
	at com.sun.proxy.$Proxy9.getAttribute(Unknown Source)
	at com.ghana.app.qa.pages.HCDDocumentVerificationPage.getTextconfirmFromApproveHCD(HCDDocumentVerificationPage.java:426)
	at com.ghana.app.qa.testcases.HighCommissionPageApproveTest.verifyApproveBucktInCN(HighCommissionPageApproveTest.java:416)
	at sun.reflect.NativeMethodAccessorImpl.invoke0(Native Method)
	at sun.reflect.NativeMethodAccessorImpl.invoke(Unknown Source)
	at sun.reflect.DelegatingMethodAccessorImpl.invoke(Unknown Source)
	at java.lang.reflect.Method.invoke(Unknown Source)
	at org.testng.internal.MethodInvocationHelper.invokeMethod(MethodInvocationHelper.java:124)
	at org.testng.internal.Invoker.invokeMethod(Invoker.java:580)
	at org.testng.internal.Invoker.invokeTestMethod(Invoker.java:716)
	at org.testng.internal.Invoker.invokeTestMethods(Invoker.java:988)
	at org.testng.internal.TestMethodWorker.invokeTestMethods(TestMethodWorker.java:125)
	at org.testng.internal.TestMethodWorker.run(TestMethodWorker.java:109)
	at org.testng.TestRunner.privateRun(TestRunner.java:648)
	at org.testng.TestRunner.run(TestRunner.java:505)
	at org.testng.SuiteRunner.runTest(SuiteRunner.java:455)
	at org.testng.SuiteRunner.runSequentially(SuiteRunner.java:450)
	at org.testng.SuiteRunner.privateRun(SuiteRunner.java:415)
	at org.testng.SuiteRunner.run(SuiteRunner.java:364)
	at org.testng.SuiteRunnerWorker.runSuite(SuiteRunnerWorker.java:52)
	at org.testng.SuiteRunnerWorker.run(SuiteRunnerWorker.java:84)
	at org.testng.TestNG.runSuitesSequentially(TestNG.java:1208)
	at org.testng.TestNG.runSuitesLocally(TestNG.java:1137)
	at org.testng.TestNG.runSuites(TestNG.java:1049)
	at org.testng.TestNG.run(TestNG.java:1017)
	at org.testng.remote.AbstractRemoteTestNG.run(AbstractRemoteTestNG.java:114)
	at org.testng.remote.RemoteTestNG.initAndRun(RemoteTestNG.java:251)
	at org.testng.remote.RemoteTestNG.main(RemoteTestNG.java:77)
</pre></div><a href='#' onClick='toggleBox("stack-trace113042195", this, "Click to show all stack frames", "Click to hide stack frames")'>Click to show all stack frames</a>
<div class='stack-trace' id='stack-trace113042195'><pre>org.openqa.selenium.NoSuchElementException: no such element: Unable to locate element: {&quot;method&quot;:&quot;xpath&quot;,&quot;selector&quot;:&quot;//input[@value=&apos;Approve&apos;]&quot;}
  (Session info: chrome=74.0.3729.157)
  (Driver info: chromedriver=74.0.3729.6 (255758eccf3d244491b8a1317aa76e1ce10d57e9-refs/branch-heads/3729@{#29}),platform=Windows NT 6.3.9600 x86_64) (WARNING: The server did not provide any stacktrace information)
Command duration or timeout: 0 milliseconds
For documentation on this error, please visit: https://www.seleniumhq.org/exceptions/no_such_element.html
Build info: version: &apos;3.141.59&apos;, revision: &apos;e82be7d358&apos;, time: &apos;2018-11-14T08:17:03&apos;
System info: host: &apos;TORENZO&apos;, ip: &apos;192.168.1.21&apos;, os.name: &apos;Windows 8.1&apos;, os.arch: &apos;amd64&apos;, os.version: &apos;6.3&apos;, java.version: &apos;1.8.0_151&apos;
Driver info: org.openqa.selenium.chrome.ChromeDriver
Capabilities {acceptInsecureCerts: false, acceptSslCerts: false, applicationCacheEnabled: false, browserConnectionEnabled: false, browserName: chrome, chrome: {chromedriverVersion: 74.0.3729.6 (255758eccf3d24..., userDataDir: C:\Users\TEJASH~1\AppData\L...}, cssSelectorsEnabled: true, databaseEnabled: false, goog:chromeOptions: {debuggerAddress: localhost:53978}, handlesAlerts: true, hasTouchScreen: false, javascriptEnabled: true, locationContextEnabled: true, mobileEmulationEnabled: false, nativeEvents: true, networkConnectionEnabled: false, pageLoadStrategy: normal, platform: XP, platformName: XP, proxy: Proxy(), rotatable: false, setWindowRect: true, strictFileInteractability: false, takesHeapSnapshot: true, takesScreenshot: true, timeouts: {implicit: 0, pageLoad: 300000, script: 30000}, unexpectedAlertBehaviour: ignore, unhandledPromptBehavior: ignore, version: 74.0.3729.157, webStorageEnabled: true}
Session ID: 2bbe2e752b5c898ac71db9e32d5c9581
*** Element info: {Using=xpath, value=//input[@value=&apos;Approve&apos;]}
	at sun.reflect.NativeConstructorAccessorImpl.newInstance0(Native Method)
	at sun.reflect.NativeConstructorAccessorImpl.newInstance(Unknown Source)
	at sun.reflect.DelegatingConstructorAccessorImpl.newInstance(Unknown Source)
	at java.lang.reflect.Constructor.newInstance(Unknown Source)
	at org.openqa.selenium.remote.ErrorHandler.createThrowable(ErrorHandler.java:214)
	at org.openqa.selenium.remote.ErrorHandler.throwIfResponseFailed(ErrorHandler.java:166)
	at org.openqa.selenium.remote.http.JsonHttpResponseCodec.reconstructValue(JsonHttpResponseCodec.java:40)
	at org.openqa.selenium.remote.http.AbstractHttpResponseCodec.decode(AbstractHttpResponseCodec.java:80)
	at org.openqa.selenium.remote.http.AbstractHttpResponseCodec.decode(AbstractHttpResponseCodec.java:44)
	at org.openqa.selenium.remote.HttpCommandExecutor.execute(HttpCommandExecutor.java:158)
	at org.openqa.selenium.remote.service.DriverCommandExecutor.execute(DriverCommandExecutor.java:83)
	at org.openqa.selenium.remote.RemoteWebDriver.execute(RemoteWebDriver.java:552)
	at org.openqa.selenium.remote.RemoteWebDriver.findElement(RemoteWebDriver.java:323)
	at org.openqa.selenium.remote.RemoteWebDriver.findElementByXPath(RemoteWebDriver.java:428)
	at org.openqa.selenium.By$ByXPath.findElement(By.java:353)
	at org.openqa.selenium.remote.RemoteWebDriver.findElement(RemoteWebDriver.java:315)
	at org.openqa.selenium.support.pagefactory.DefaultElementLocator.findElement(DefaultElementLocator.java:69)
	at org.openqa.selenium.support.pagefactory.internal.LocatingElementHandler.invoke(LocatingElementHandler.java:38)
	at com.sun.proxy.$Proxy9.getAttribute(Unknown Source)
	at com.ghana.app.qa.pages.HCDDocumentVerificationPage.getTextconfirmFromApproveHCD(HCDDocumentVerificationPage.java:426)
	at com.ghana.app.qa.testcases.HighCommissionPageApproveTest.verifyApproveBucktInCN(HighCommissionPageApproveTest.java:416)
	at sun.reflect.NativeMethodAccessorImpl.invoke0(Native Method)
	at sun.reflect.NativeMethodAccessorImpl.invoke(Unknown Source)
	at sun.reflect.DelegatingMethodAccessorImpl.invoke(Unknown Source)
	at java.lang.reflect.Method.invoke(Unknown Source)
	at org.testng.internal.MethodInvocationHelper.invokeMethod(MethodInvocationHelper.java:124)
	at org.testng.internal.Invoker.invokeMethod(Invoker.java:580)
	at org.testng.internal.Invoker.invokeTestMethod(Invoker.java:716)
	at org.testng.internal.Invoker.invokeTestMethods(Invoker.java:988)
	at org.testng.internal.TestMethodWorker.invokeTestMethods(TestMethodWorker.java:125)
	at org.testng.internal.TestMethodWorker.run(TestMethodWorker.java:109)
	at org.testng.TestRunner.privateRun(TestRunner.java:648)
	at org.testng.TestRunner.run(TestRunner.java:505)
	at org.testng.SuiteRunner.runTest(SuiteRunner.java:455)
	at org.testng.SuiteRunner.runSequentially(SuiteRunner.java:450)
	at org.testng.SuiteRunner.privateRun(SuiteRunner.java:415)
	at org.testng.SuiteRunner.run(SuiteRunner.java:364)
	at org.testng.SuiteRunnerWorker.runSuite(SuiteRunnerWorker.java:52)
	at org.testng.SuiteRunnerWorker.run(SuiteRunnerWorker.java:84)
	at org.testng.TestNG.runSuitesSequentially(TestNG.java:1208)
	at org.testng.TestNG.runSuitesLocally(TestNG.java:1137)
	at org.testng.TestNG.runSuites(TestNG.java:1049)
	at org.testng.TestNG.run(TestNG.java:1017)
	at org.testng.remote.AbstractRemoteTestNG.run(AbstractRemoteTestNG.java:114)
	at org.testng.remote.RemoteTestNG.initAndRun(RemoteTestNG.java:251)
	at org.testng.remote.RemoteTestNG.main(RemoteTestNG.java:77)
</pre></div></td>
<td>30</td>
<td>com.ghana.app.qa.testcases.HighCommissionPageApproveTest@64485a47</td></tr>
<tr>
<td title='com.ghana.app.qa.testcases.HighCommissionPageApproveTest.verifyApprovedApplicaIsInApproveBucketHCD()'><b>verifyApprovedApplicaIsInApproveBucketHCD</b><br>Test class: com.ghana.app.qa.testcases.HighCommissionPageApproveTest<br>Test method: This test will verify Approved application by HCD Whether it is in Approved Bucket in HCD<br/>
<a href="#Output-6167135" onClick='toggleBox("Output-6167135", this, "Show output", "Hide output");'>Show output</a>

<a href="#Output-6167135" onClick="toggleAllBoxes();">Show all outputs</a>
<div class='log' id="Output-6167135">
About to begin executing following method : HighCommissionPageApproveTest.verifyApprovedApplicaIsInApproveBucketHCD<br/>
Completed executing following method : HighCommissionPageApproveTest.verifyApprovedApplicaIsInApproveBucketHCD<br/>
</div>
</td>
<td><div><pre>org.openqa.selenium.NoSuchElementException: no such element: Unable to locate element: {&quot;method&quot;:&quot;xpath&quot;,&quot;selector&quot;:&quot;//input[@value=&apos;Approve&apos;]&quot;}
  (Session info: chrome=74.0.3729.157)
  (Driver info: chromedriver=74.0.3729.6 (255758eccf3d244491b8a1317aa76e1ce10d57e9-refs/branch-heads/3729@{#29}),platform=Windows NT 6.3.9600 x86_64) (WARNING: The server did not provide any stacktrace information)
Command duration or timeout: 0 milliseconds
For documentation on this error, please visit: https://www.seleniumhq.org/exceptions/no_such_element.html
Build info: version: &apos;3.141.59&apos;, revision: &apos;e82be7d358&apos;, time: &apos;2018-11-14T08:17:03&apos;
System info: host: &apos;TORENZO&apos;, ip: &apos;192.168.1.21&apos;, os.name: &apos;Windows 8.1&apos;, os.arch: &apos;amd64&apos;, os.version: &apos;6.3&apos;, java.version: &apos;1.8.0_151&apos;
Driver info: org.openqa.selenium.chrome.ChromeDriver
Capabilities {acceptInsecureCerts: false, acceptSslCerts: false, applicationCacheEnabled: false, browserConnectionEnabled: false, browserName: chrome, chrome: {chromedriverVersion: 74.0.3729.6 (255758eccf3d24..., userDataDir: C:\Users\TEJASH~1\AppData\L...}, cssSelectorsEnabled: true, databaseEnabled: false, goog:chromeOptions: {debuggerAddress: localhost:53978}, handlesAlerts: true, hasTouchScreen: false, javascriptEnabled: true, locationContextEnabled: true, mobileEmulationEnabled: false, nativeEvents: true, networkConnectionEnabled: false, pageLoadStrategy: normal, platform: XP, platformName: XP, proxy: Proxy(), rotatable: false, setWindowRect: true, strictFileInteractability: false, takesHeapSnapshot: true, takesScreenshot: true, timeouts: {implicit: 0, pageLoad: 300000, script: 30000}, unexpectedAlertBehaviour: ignore, unhandledPromptBehavior: ignore, version: 74.0.3729.157, webStorageEnabled: true}
Session ID: 2bbe2e752b5c898ac71db9e32d5c9581
*** Element info: {Using=xpath, value=//input[@value=&apos;Approve&apos;]}
	at sun.reflect.NativeConstructorAccessorImpl.newInstance0(Native Method)
	at sun.reflect.NativeConstructorAccessorImpl.newInstance(Unknown Source)
	at sun.reflect.DelegatingConstructorAccessorImpl.newInstance(Unknown Source)
	at java.lang.reflect.Constructor.newInstance(Unknown Source)
	at org.openqa.selenium.remote.ErrorHandler.createThrowable(ErrorHandler.java:214)
	at org.openqa.selenium.remote.ErrorHandler.throwIfResponseFailed(ErrorHandler.java:166)
	at org.openqa.selenium.remote.http.JsonHttpResponseCodec.reconstructValue(JsonHttpResponseCodec.java:40)
	at org.openqa.selenium.remote.http.AbstractHttpResponseCodec.decode(AbstractHttpResponseCodec.java:80)
	at org.openqa.selenium.remote.http.AbstractHttpResponseCodec.decode(AbstractHttpResponseCodec.java:44)
	at org.openqa.selenium.remote.HttpCommandExecutor.execute(HttpCommandExecutor.java:158)
	at org.openqa.selenium.remote.service.DriverCommandExecutor.execute(DriverCommandExecutor.java:83)
	at org.openqa.selenium.remote.RemoteWebDriver.execute(RemoteWebDriver.java:552)
	at org.openqa.selenium.remote.RemoteWebDriver.findElement(RemoteWebDriver.java:323)
	at org.openqa.selenium.remote.RemoteWebDriver.findElementByXPath(RemoteWebDriver.java:428)
	at org.openqa.selenium.By$ByXPath.findElement(By.java:353)
	at org.openqa.selenium.remote.RemoteWebDriver.findElement(RemoteWebDriver.java:315)
	at org.openqa.selenium.support.pagefactory.DefaultElementLocator.findElement(DefaultElementLocator.java:69)
	at org.openqa.selenium.support.pagefactory.internal.LocatingElementHandler.invoke(LocatingElementHandler.java:38)
	at com.sun.proxy.$Proxy9.getAttribute(Unknown Source)
	at com.ghana.app.qa.pages.HCDDocumentVerificationPage.getTextconfirmFromApproveHCD(HCDDocumentVerificationPage.java:426)
	at com.ghana.app.qa.testcases.HighCommissionPageApproveTest.verifyApprovedApplicaIsInApproveBucketHCD(HighCommissionPageApproveTest.java:354)
	at sun.reflect.NativeMethodAccessorImpl.invoke0(Native Method)
	at sun.reflect.NativeMethodAccessorImpl.invoke(Unknown Source)
	at sun.reflect.DelegatingMethodAccessorImpl.invoke(Unknown Source)
	at java.lang.reflect.Method.invoke(Unknown Source)
	at org.testng.internal.MethodInvocationHelper.invokeMethod(MethodInvocationHelper.java:124)
	at org.testng.internal.Invoker.invokeMethod(Invoker.java:580)
	at org.testng.internal.Invoker.invokeTestMethod(Invoker.java:716)
	at org.testng.internal.Invoker.invokeTestMethods(Invoker.java:988)
	at org.testng.internal.TestMethodWorker.invokeTestMethods(TestMethodWorker.java:125)
	at org.testng.internal.TestMethodWorker.run(TestMethodWorker.java:109)
	at org.testng.TestRunner.privateRun(TestRunner.java:648)
	at org.testng.TestRunner.run(TestRunner.java:505)
	at org.testng.SuiteRunner.runTest(SuiteRunner.java:455)
	at org.testng.SuiteRunner.runSequentially(SuiteRunner.java:450)
	at org.testng.SuiteRunner.privateRun(SuiteRunner.java:415)
	at org.testng.SuiteRunner.run(SuiteRunner.java:364)
	at org.testng.SuiteRunnerWorker.runSuite(SuiteRunnerWorker.java:52)
	at org.testng.SuiteRunnerWorker.run(SuiteRunnerWorker.java:84)
	at org.testng.TestNG.runSuitesSequentially(TestNG.java:1208)
	at org.testng.TestNG.runSuitesLocally(TestNG.java:1137)
	at org.testng.TestNG.runSuites(TestNG.java:1049)
	at org.testng.TestNG.run(TestNG.java:1017)
	at org.testng.remote.AbstractRemoteTestNG.run(AbstractRemoteTestNG.java:114)
	at org.testng.remote.RemoteTestNG.initAndRun(RemoteTestNG.java:251)
	at org.testng.remote.RemoteTestNG.main(RemoteTestNG.java:77)
</pre></div><a href='#' onClick='toggleBox("stack-trace6167135", this, "Click to show all stack frames", "Click to hide stack frames")'>Click to show all stack frames</a>
<div class='stack-trace' id='stack-trace6167135'><pre>org.openqa.selenium.NoSuchElementException: no such element: Unable to locate element: {&quot;method&quot;:&quot;xpath&quot;,&quot;selector&quot;:&quot;//input[@value=&apos;Approve&apos;]&quot;}
  (Session info: chrome=74.0.3729.157)
  (Driver info: chromedriver=74.0.3729.6 (255758eccf3d244491b8a1317aa76e1ce10d57e9-refs/branch-heads/3729@{#29}),platform=Windows NT 6.3.9600 x86_64) (WARNING: The server did not provide any stacktrace information)
Command duration or timeout: 0 milliseconds
For documentation on this error, please visit: https://www.seleniumhq.org/exceptions/no_such_element.html
Build info: version: &apos;3.141.59&apos;, revision: &apos;e82be7d358&apos;, time: &apos;2018-11-14T08:17:03&apos;
System info: host: &apos;TORENZO&apos;, ip: &apos;192.168.1.21&apos;, os.name: &apos;Windows 8.1&apos;, os.arch: &apos;amd64&apos;, os.version: &apos;6.3&apos;, java.version: &apos;1.8.0_151&apos;
Driver info: org.openqa.selenium.chrome.ChromeDriver
Capabilities {acceptInsecureCerts: false, acceptSslCerts: false, applicationCacheEnabled: false, browserConnectionEnabled: false, browserName: chrome, chrome: {chromedriverVersion: 74.0.3729.6 (255758eccf3d24..., userDataDir: C:\Users\TEJASH~1\AppData\L...}, cssSelectorsEnabled: true, databaseEnabled: false, goog:chromeOptions: {debuggerAddress: localhost:53978}, handlesAlerts: true, hasTouchScreen: false, javascriptEnabled: true, locationContextEnabled: true, mobileEmulationEnabled: false, nativeEvents: true, networkConnectionEnabled: false, pageLoadStrategy: normal, platform: XP, platformName: XP, proxy: Proxy(), rotatable: false, setWindowRect: true, strictFileInteractability: false, takesHeapSnapshot: true, takesScreenshot: true, timeouts: {implicit: 0, pageLoad: 300000, script: 30000}, unexpectedAlertBehaviour: ignore, unhandledPromptBehavior: ignore, version: 74.0.3729.157, webStorageEnabled: true}
Session ID: 2bbe2e752b5c898ac71db9e32d5c9581
*** Element info: {Using=xpath, value=//input[@value=&apos;Approve&apos;]}
	at sun.reflect.NativeConstructorAccessorImpl.newInstance0(Native Method)
	at sun.reflect.NativeConstructorAccessorImpl.newInstance(Unknown Source)
	at sun.reflect.DelegatingConstructorAccessorImpl.newInstance(Unknown Source)
	at java.lang.reflect.Constructor.newInstance(Unknown Source)
	at org.openqa.selenium.remote.ErrorHandler.createThrowable(ErrorHandler.java:214)
	at org.openqa.selenium.remote.ErrorHandler.throwIfResponseFailed(ErrorHandler.java:166)
	at org.openqa.selenium.remote.http.JsonHttpResponseCodec.reconstructValue(JsonHttpResponseCodec.java:40)
	at org.openqa.selenium.remote.http.AbstractHttpResponseCodec.decode(AbstractHttpResponseCodec.java:80)
	at org.openqa.selenium.remote.http.AbstractHttpResponseCodec.decode(AbstractHttpResponseCodec.java:44)
	at org.openqa.selenium.remote.HttpCommandExecutor.execute(HttpCommandExecutor.java:158)
	at org.openqa.selenium.remote.service.DriverCommandExecutor.execute(DriverCommandExecutor.java:83)
	at org.openqa.selenium.remote.RemoteWebDriver.execute(RemoteWebDriver.java:552)
	at org.openqa.selenium.remote.RemoteWebDriver.findElement(RemoteWebDriver.java:323)
	at org.openqa.selenium.remote.RemoteWebDriver.findElementByXPath(RemoteWebDriver.java:428)
	at org.openqa.selenium.By$ByXPath.findElement(By.java:353)
	at org.openqa.selenium.remote.RemoteWebDriver.findElement(RemoteWebDriver.java:315)
	at org.openqa.selenium.support.pagefactory.DefaultElementLocator.findElement(DefaultElementLocator.java:69)
	at org.openqa.selenium.support.pagefactory.internal.LocatingElementHandler.invoke(LocatingElementHandler.java:38)
	at com.sun.proxy.$Proxy9.getAttribute(Unknown Source)
	at com.ghana.app.qa.pages.HCDDocumentVerificationPage.getTextconfirmFromApproveHCD(HCDDocumentVerificationPage.java:426)
	at com.ghana.app.qa.testcases.HighCommissionPageApproveTest.verifyApprovedApplicaIsInApproveBucketHCD(HighCommissionPageApproveTest.java:354)
	at sun.reflect.NativeMethodAccessorImpl.invoke0(Native Method)
	at sun.reflect.NativeMethodAccessorImpl.invoke(Unknown Source)
	at sun.reflect.DelegatingMethodAccessorImpl.invoke(Unknown Source)
	at java.lang.reflect.Method.invoke(Unknown Source)
	at org.testng.internal.MethodInvocationHelper.invokeMethod(MethodInvocationHelper.java:124)
	at org.testng.internal.Invoker.invokeMethod(Invoker.java:580)
	at org.testng.internal.Invoker.invokeTestMethod(Invoker.java:716)
	at org.testng.internal.Invoker.invokeTestMethods(Invoker.java:988)
	at org.testng.internal.TestMethodWorker.invokeTestMethods(TestMethodWorker.java:125)
	at org.testng.internal.TestMethodWorker.run(TestMethodWorker.java:109)
	at org.testng.TestRunner.privateRun(TestRunner.java:648)
	at org.testng.TestRunner.run(TestRunner.java:505)
	at org.testng.SuiteRunner.runTest(SuiteRunner.java:455)
	at org.testng.SuiteRunner.runSequentially(SuiteRunner.java:450)
	at org.testng.SuiteRunner.privateRun(SuiteRunner.java:415)
	at org.testng.SuiteRunner.run(SuiteRunner.java:364)
	at org.testng.SuiteRunnerWorker.runSuite(SuiteRunnerWorker.java:52)
	at org.testng.SuiteRunnerWorker.run(SuiteRunnerWorker.java:84)
	at org.testng.TestNG.runSuitesSequentially(TestNG.java:1208)
	at org.testng.TestNG.runSuitesLocally(TestNG.java:1137)
	at org.testng.TestNG.runSuites(TestNG.java:1049)
	at org.testng.TestNG.run(TestNG.java:1017)
	at org.testng.remote.AbstractRemoteTestNG.run(AbstractRemoteTestNG.java:114)
	at org.testng.remote.RemoteTestNG.initAndRun(RemoteTestNG.java:251)
	at org.testng.remote.RemoteTestNG.main(RemoteTestNG.java:77)
</pre></div></td>
<td>33</td>
<td>com.ghana.app.qa.testcases.HighCommissionPageApproveTest@64485a47</td></tr>
<tr>
<td title='com.ghana.app.qa.testcases.HighCommissionPageApproveTest.verifyCanceAndCrossButton()'><b>verifyCanceAndCrossButton</b><br>Test class: com.ghana.app.qa.testcases.HighCommissionPageApproveTest<br>Test method: This test will verify whether application is opens upon clicing on Open button and also clicking back button navigates to Bucket<br/>
<a href="#Output-2146372416" onClick='toggleBox("Output-2146372416", this, "Show output", "Hide output");'>Show output</a>

<a href="#Output-2146372416" onClick="toggleAllBoxes();">Show all outputs</a>
<div class='log' id="Output-2146372416">
About to begin executing following method : HighCommissionPageApproveTest.verifyCanceAndCrossButton<br/>
Completed executing following method : HighCommissionPageApproveTest.verifyCanceAndCrossButton<br/>
</div>
</td>
<td><div><pre>java.lang.AssertionError: The following asserts failed:
	Provided and Get Landmark are not matched 2 expected [77436 Fairview Trail, Sekondi-Takoradi,Kumasi,Ashanti[4],Ghana,GA015] but found [77436 Fairview Trail, Sekondi-Takoradi],
	Confirmation popup is not displayed upon clicking on Application which is sent to Approve Bucket expected [Confirmation] but found []
	at org.testng.asserts.SoftAssert.assertAll(SoftAssert.java:43)
	at com.ghana.app.qa.testcases.HighCommissionPageApproveTest.verifyCanceAndCrossButton(HighCommissionPageApproveTest.java:397)
	at sun.reflect.NativeMethodAccessorImpl.invoke0(Native Method)
	at sun.reflect.NativeMethodAccessorImpl.invoke(Unknown Source)
	at sun.reflect.DelegatingMethodAccessorImpl.invoke(Unknown Source)
	at java.lang.reflect.Method.invoke(Unknown Source)
	at org.testng.internal.MethodInvocationHelper.invokeMethod(MethodInvocationHelper.java:124)
	at org.testng.internal.Invoker.invokeMethod(Invoker.java:580)
	at org.testng.internal.Invoker.invokeTestMethod(Invoker.java:716)
	at org.testng.internal.Invoker.invokeTestMethods(Invoker.java:988)
	at org.testng.internal.TestMethodWorker.invokeTestMethods(TestMethodWorker.java:125)
	at org.testng.internal.TestMethodWorker.run(TestMethodWorker.java:109)
	at org.testng.TestRunner.privateRun(TestRunner.java:648)
	at org.testng.TestRunner.run(TestRunner.java:505)
	at org.testng.SuiteRunner.runTest(SuiteRunner.java:455)
	at org.testng.SuiteRunner.runSequentially(SuiteRunner.java:450)
	at org.testng.SuiteRunner.privateRun(SuiteRunner.java:415)
	at org.testng.SuiteRunner.run(SuiteRunner.java:364)
	at org.testng.SuiteRunnerWorker.runSuite(SuiteRunnerWorker.java:52)
	at org.testng.SuiteRunnerWorker.run(SuiteRunnerWorker.java:84)
	at org.testng.TestNG.runSuitesSequentially(TestNG.java:1208)
	at org.testng.TestNG.runSuitesLocally(TestNG.java:1137)
	at org.testng.TestNG.runSuites(TestNG.java:1049)
	at org.testng.TestNG.run(TestNG.java:1017)
	at org.testng.remote.AbstractRemoteTestNG.run(AbstractRemoteTestNG.java:114)
	at org.testng.remote.RemoteTestNG.initAndRun(RemoteTestNG.java:251)
	at org.testng.remote.RemoteTestNG.main(RemoteTestNG.java:77)
</pre></div><a href='#' onClick='toggleBox("stack-trace2146372416", this, "Click to show all stack frames", "Click to hide stack frames")'>Click to show all stack frames</a>
<div class='stack-trace' id='stack-trace2146372416'><pre>java.lang.AssertionError: The following asserts failed:
	Provided and Get Landmark are not matched 2 expected [77436 Fairview Trail, Sekondi-Takoradi,Kumasi,Ashanti[4],Ghana,GA015] but found [77436 Fairview Trail, Sekondi-Takoradi],
	Confirmation popup is not displayed upon clicking on Application which is sent to Approve Bucket expected [Confirmation] but found []
	at org.testng.asserts.SoftAssert.assertAll(SoftAssert.java:43)
	at com.ghana.app.qa.testcases.HighCommissionPageApproveTest.verifyCanceAndCrossButton(HighCommissionPageApproveTest.java:397)
>>>>>>> Stashed changes
	at sun.reflect.NativeMethodAccessorImpl.invoke0(Native Method)
	at sun.reflect.NativeMethodAccessorImpl.invoke(Unknown Source)
	at sun.reflect.DelegatingMethodAccessorImpl.invoke(Unknown Source)
	at java.lang.reflect.Method.invoke(Unknown Source)
	at org.testng.internal.MethodInvocationHelper.invokeMethod(MethodInvocationHelper.java:124)
	at org.testng.internal.Invoker.invokeMethod(Invoker.java:580)
	at org.testng.internal.Invoker.invokeTestMethod(Invoker.java:716)
	at org.testng.internal.Invoker.invokeTestMethods(Invoker.java:988)
	at org.testng.internal.TestMethodWorker.invokeTestMethods(TestMethodWorker.java:125)
	at org.testng.internal.TestMethodWorker.run(TestMethodWorker.java:109)
	at org.testng.TestRunner.privateRun(TestRunner.java:648)
	at org.testng.TestRunner.run(TestRunner.java:505)
	at org.testng.SuiteRunner.runTest(SuiteRunner.java:455)
	at org.testng.SuiteRunner.runSequentially(SuiteRunner.java:450)
	at org.testng.SuiteRunner.privateRun(SuiteRunner.java:415)
	at org.testng.SuiteRunner.run(SuiteRunner.java:364)
	at org.testng.SuiteRunnerWorker.runSuite(SuiteRunnerWorker.java:52)
	at org.testng.SuiteRunnerWorker.run(SuiteRunnerWorker.java:84)
	at org.testng.TestNG.runSuitesSequentially(TestNG.java:1208)
	at org.testng.TestNG.runSuitesLocally(TestNG.java:1137)
	at org.testng.TestNG.runSuites(TestNG.java:1049)
	at org.testng.TestNG.run(TestNG.java:1017)
	at org.testng.remote.AbstractRemoteTestNG.run(AbstractRemoteTestNG.java:114)
	at org.testng.remote.RemoteTestNG.initAndRun(RemoteTestNG.java:251)
	at org.testng.remote.RemoteTestNG.main(RemoteTestNG.java:77)
</pre></div></td>
<<<<<<< Updated upstream
<<<<<<< HEAD
<td>121</td>
<td>com.ghana.app.qa.testcases.PartiallyFilledApplicatlionTest@42607a4f</td></tr>
=======
<td>41</td>
<td>com.ghana.app.qa.testcases.ConsulatePageFlagTest@64485a47</td></tr>
>>>>>>> d431cf34496f5e28fcc3fbc057b2d6c3c2319536
=======
<td>22</td>
<td>com.ghana.app.qa.testcases.HighCommissionPageApproveTest@64485a47</td></tr>
>>>>>>> Stashed changes
</table><p>
<table width='100%' border='1' class='invocation-passed'>
<tr><td colspan='4' align='center'><b>PASSED TESTS</b></td></tr>
<tr><td><b>Test method</b></td>
<td width="30%"><b>Exception</b></td>
<td width="10%"><b>Time (seconds)</b></td>
<td><b>Instance</b></td>
</tr>
<tr>
<<<<<<< Updated upstream
<<<<<<< HEAD
<td title='com.ghana.app.qa.testcases.PartiallyFilledApplicatlionTest.NegativePartiallyFilledTest()'><b>NegativePartiallyFilledTest</b><br>Test class: com.ghana.app.qa.testcases.PartiallyFilledApplicatlionTest<br/>
<a href="#Output-1704600661" onClick='toggleBox("Output-1704600661", this, "Show output", "Hide output");'>Show output</a>

<a href="#Output-1704600661" onClick="toggleAllBoxes();">Show all outputs</a>
<div class='log' id="Output-1704600661">
About to begin executing following method : PartiallyFilledApplicatlionTest.NegativePartiallyFilledTest<br/>
Completed executing following method : PartiallyFilledApplicatlionTest.NegativePartiallyFilledTest<br/>
</div>
</td>
<td></td>
<td>1</td>
<td>com.ghana.app.qa.testcases.PartiallyFilledApplicatlionTest@42607a4f</td></tr>
<tr>
<td title='com.ghana.app.qa.testcases.PartiallyFilledApplicatlionTest.PartiallyFilledAppliTest()'><b>PartiallyFilledAppliTest</b><br>Test class: com.ghana.app.qa.testcases.PartiallyFilledApplicatlionTest<br/>
<a href="#Output-205810452" onClick='toggleBox("Output-205810452", this, "Show output", "Hide output");'>Show output</a>

<a href="#Output-205810452" onClick="toggleAllBoxes();">Show all outputs</a>
<div class='log' id="Output-205810452">
About to begin executing following method : PartiallyFilledApplicatlionTest.PartiallyFilledAppliTest<br/>
Completed executing following method : PartiallyFilledApplicatlionTest.PartiallyFilledAppliTest<br/>
=======
<td title='com.ghana.app.qa.testcases.ConsulatePageFlagTest.clickOnNewApplicationCN()'><b>clickOnNewApplicationCN</b><br>Test class: com.ghana.app.qa.testcases.ConsulatePageFlagTest<br>Test method: This test will verify we navigated to Welcome To Ghana Embassy page upon cliclking on Login button<br/>
<a href="#Output-1168956689" onClick='toggleBox("Output-1168956689", this, "Show output", "Hide output");'>Show output</a>
=======
<td title='com.ghana.app.qa.testcases.HighCommissionPageApproveTest.clickOnNewApplication()'><b>clickOnNewApplication</b><br>Test class: com.ghana.app.qa.testcases.HighCommissionPageApproveTest<br>Test method: This test will verify we navigated to HCDGeneral Verification page upon cliclking on New Application<br/>
<a href="#Output-43473566" onClick='toggleBox("Output-43473566", this, "Show output", "Hide output");'>Show output</a>
>>>>>>> Stashed changes

<a href="#Output-43473566" onClick="toggleAllBoxes();">Show all outputs</a>
<div class='log' id="Output-43473566">
About to begin executing following method : HighCommissionPageApproveTest.clickOnNewApplication<br/>
Completed executing following method : HighCommissionPageApproveTest.clickOnNewApplication<br/>
</div>
</td>
<td></td>
<td>5</td>
<td>com.ghana.app.qa.testcases.HighCommissionPageApproveTest@64485a47</td></tr>
<tr>
<td title='com.ghana.app.qa.testcases.HighCommissionPageApproveTest.getApproveFromCN()'><b>getApproveFromCN</b><br>Test class: com.ghana.app.qa.testcases.HighCommissionPageApproveTest<br>Test method: This test will approve the application from CN<br/>
<a href="#Output-797539755" onClick='toggleBox("Output-797539755", this, "Show output", "Hide output");'>Show output</a>

<<<<<<< Updated upstream
<a href="#Output-2052601222" onClick="toggleAllBoxes();">Show all outputs</a>
<div class='log' id="Output-2052601222">
About to begin executing following method : ConsulatePageFlagTest.clickOnRejectAndVerifyPopText2CN<br/>
Completed executing following method : ConsulatePageFlagTest.clickOnRejectAndVerifyPopText2CN<br/>
>>>>>>> d431cf34496f5e28fcc3fbc057b2d6c3c2319536
</div>
</td>
<td></td>
<td>0</td>
<<<<<<< HEAD
<td>com.ghana.app.qa.testcases.PartiallyFilledApplicatlionTest@42607a4f</td></tr>
<tr>
<td title='com.ghana.app.qa.testcases.PartiallyFilledApplicatlionTest.clickOnGenderTest()'><b>clickOnGenderTest</b><br>Test class: com.ghana.app.qa.testcases.PartiallyFilledApplicatlionTest<br/>
<a href="#Output-46627301" onClick='toggleBox("Output-46627301", this, "Show output", "Hide output");'>Show output</a>

<a href="#Output-46627301" onClick="toggleAllBoxes();">Show all outputs</a>
<div class='log' id="Output-46627301">
About to begin executing following method : PersonalInfoPageTest.clickOnGenderTest<br/>
Completed executing following method : PersonalInfoPageTest.clickOnGenderTest<br/>
</div>
</td>
<td></td>
<td>2</td>
<td>com.ghana.app.qa.testcases.PartiallyFilledApplicatlionTest@42607a4f</td></tr>
<tr>
<td title='com.ghana.app.qa.testcases.PartiallyFilledApplicatlionTest.fillSignUpFormTest()'><b>fillSignUpFormTest</b><br>Test class: com.ghana.app.qa.testcases.PartiallyFilledApplicatlionTest<br/>
=======
<td>com.ghana.app.qa.testcases.ConsulatePageFlagTest@64485a47</td></tr>
=======
<a href="#Output-797539755" onClick="toggleAllBoxes();">Show all outputs</a>
<div class='log' id="Output-797539755">
About to begin executing following method : HighCommissionPageApproveTest.getApproveFromCN<br/>
Completed executing following method : HighCommissionPageApproveTest.getApproveFromCN<br/>
</div>
</td>
<td></td>
<td>12</td>
<td>com.ghana.app.qa.testcases.HighCommissionPageApproveTest@64485a47</td></tr>
>>>>>>> Stashed changes
<tr>
<td title='com.ghana.app.qa.testcases.HighCommissionPageApproveTest.getTextFromAddressInformation()'><b>getTextFromAddressInformation</b><br>Test class: com.ghana.app.qa.testcases.HighCommissionPageApproveTest<br>Test method: Here we are getting text from Address Information and comparing with Applicant filed data<br/>
<a href="#Output-849063257" onClick='toggleBox("Output-849063257", this, "Show output", "Hide output");'>Show output</a>

<a href="#Output-849063257" onClick="toggleAllBoxes();">Show all outputs</a>
<div class='log' id="Output-849063257">
About to begin executing following method : HighCommissionPageApproveTest.getTextFromAddressInformation<br/>
Completed executing following method : HighCommissionPageApproveTest.getTextFromAddressInformation<br/>
</div>
</td>
<td></td>
<td>0</td>
<td>com.ghana.app.qa.testcases.HighCommissionPageApproveTest@64485a47</td></tr>
<tr>
<<<<<<< Updated upstream
<td title='com.ghana.app.qa.testcases.ConsulatePageFlagTest.signUpAndPayment()'><b>signUpAndPayment</b><br>Test class: com.ghana.app.qa.testcases.ConsulatePageFlagTest<br/>
>>>>>>> d431cf34496f5e28fcc3fbc057b2d6c3c2319536
<a href="#Output-85415531" onClick='toggleBox("Output-85415531", this, "Show output", "Hide output");'>Show output</a>

<a href="#Output-85415531" onClick="toggleAllBoxes();">Show all outputs</a>
<div class='log' id="Output-85415531">
<<<<<<< HEAD
About to begin executing following method : PersonalInfoPageTest.fillSignUpFormTest<br/>
Completed executing following method : PersonalInfoPageTest.fillSignUpFormTest<br/>
</div>
</td>
<td></td>
<td>15</td>
<td>com.ghana.app.qa.testcases.PartiallyFilledApplicatlionTest@42607a4f</td></tr>
<tr>
<td title='com.ghana.app.qa.testcases.PartiallyFilledApplicatlionTest.getApplicationIdTest()'><b>getApplicationIdTest</b><br>Test class: com.ghana.app.qa.testcases.PartiallyFilledApplicatlionTest<br/>
<a href="#Output-1729734072" onClick='toggleBox("Output-1729734072", this, "Show output", "Hide output");'>Show output</a>

<a href="#Output-1729734072" onClick="toggleAllBoxes();">Show all outputs</a>
<div class='log' id="Output-1729734072">
About to begin executing following method : PersonalInfoPageTest.getApplicationIdTest<br/>
Completed executing following method : PersonalInfoPageTest.getApplicationIdTest<br/>
=======
About to begin executing following method : ConsulatePageFlagTest.signUpAndPayment<br/>
Completed executing following method : ConsulatePageFlagTest.signUpAndPayment<br/>
=======
<td title='com.ghana.app.qa.testcases.HighCommissionPageApproveTest.getTextFromApplicantInformation()'><b>getTextFromApplicantInformation</b><br>Test class: com.ghana.app.qa.testcases.HighCommissionPageApproveTest<br>Test method: Here we are getting text from Applicant Information and comparing with Applicant filed data<br/>
<a href="#Output-1697976702" onClick='toggleBox("Output-1697976702", this, "Show output", "Hide output");'>Show output</a>

<a href="#Output-1697976702" onClick="toggleAllBoxes();">Show all outputs</a>
<div class='log' id="Output-1697976702">
About to begin executing following method : HighCommissionPageApproveTest.getTextFromApplicantInformation<br/>
Completed executing following method : HighCommissionPageApproveTest.getTextFromApplicantInformation<br/>
>>>>>>> Stashed changes
</div>
</td>
<td></td>
<td>8</td>
<td>com.ghana.app.qa.testcases.HighCommissionPageApproveTest@64485a47</td></tr>
<tr>
<td title='com.ghana.app.qa.testcases.HighCommissionPageApproveTest.loginIntoConsulate()'><b>loginIntoConsulate</b><br>Test class: com.ghana.app.qa.testcases.HighCommissionPageApproveTest<br>Test method: This test will verify login functinality with pass valid creadentials and click on Login button<br/>
<a href="#Output-652268444" onClick='toggleBox("Output-652268444", this, "Show output", "Hide output");'>Show output</a>

<<<<<<< Updated upstream
<a href="#Output-594586746" onClick="toggleAllBoxes();">Show all outputs</a>
<div class='log' id="Output-594586746">
About to begin executing following method : ConsulatePageFlagTest.verfiyTitleOfCNDocumentVerificatonPageCN<br/>
Completed executing following method : ConsulatePageFlagTest.verfiyTitleOfCNDocumentVerificatonPageCN<br/>
>>>>>>> d431cf34496f5e28fcc3fbc057b2d6c3c2319536
</div>
</td>
<td></td>
<td>0</td>
<<<<<<< HEAD
<td>com.ghana.app.qa.testcases.PartiallyFilledApplicatlionTest@42607a4f</td></tr>
<tr>
<td title='com.ghana.app.qa.testcases.PartiallyFilledApplicatlionTest.getApplicationPageTitleTest()'><b>getApplicationPageTitleTest</b><br>Test class: com.ghana.app.qa.testcases.PartiallyFilledApplicatlionTest<br/>
<a href="#Output-773296871" onClick='toggleBox("Output-773296871", this, "Show output", "Hide output");'>Show output</a>

<a href="#Output-773296871" onClick="toggleAllBoxes();">Show all outputs</a>
<div class='log' id="Output-773296871">
About to begin executing following method : PersonalInfoPageTest.getApplicationPageTitleTest<br/>
Completed executing following method : PersonalInfoPageTest.getApplicationPageTitleTest<br/>
</div>
</td>
<td></td>
<td>2</td>
<td>com.ghana.app.qa.testcases.PartiallyFilledApplicatlionTest@42607a4f</td></tr>
<tr>
<td title='com.ghana.app.qa.testcases.PartiallyFilledApplicatlionTest.passFirstNameTest()'><b>passFirstNameTest</b><br>Test class: com.ghana.app.qa.testcases.PartiallyFilledApplicatlionTest<br/>
<a href="#Output-824357143" onClick='toggleBox("Output-824357143", this, "Show output", "Hide output");'>Show output</a>

<a href="#Output-824357143" onClick="toggleAllBoxes();">Show all outputs</a>
<div class='log' id="Output-824357143">
About to begin executing following method : PersonalInfoPageTest.passFirstNameTest<br/>
Completed executing following method : PersonalInfoPageTest.passFirstNameTest<br/>
</div>
</td>
<td></td>
<td>0</td>
<td>com.ghana.app.qa.testcases.PartiallyFilledApplicatlionTest@42607a4f</td></tr>
<tr>
<td title='com.ghana.app.qa.testcases.PartiallyFilledApplicatlionTest.passLastNameTest()'><b>passLastNameTest</b><br>Test class: com.ghana.app.qa.testcases.PartiallyFilledApplicatlionTest<br/>
<a href="#Output-1775120226" onClick='toggleBox("Output-1775120226", this, "Show output", "Hide output");'>Show output</a>

<a href="#Output-1775120226" onClick="toggleAllBoxes();">Show all outputs</a>
<div class='log' id="Output-1775120226">
About to begin executing following method : PersonalInfoPageTest.passLastNameTest<br/>
Completed executing following method : PersonalInfoPageTest.passLastNameTest<br/>
=======
<td>com.ghana.app.qa.testcases.ConsulatePageFlagTest@64485a47</td></tr>
=======
<a href="#Output-652268444" onClick="toggleAllBoxes();">Show all outputs</a>
<div class='log' id="Output-652268444">
About to begin executing following method : HighCommissionPageApproveTest.loginIntoConsulate<br/>
Completed executing following method : HighCommissionPageApproveTest.loginIntoConsulate<br/>
</div>
</td>
<td></td>
<td>5</td>
<td>com.ghana.app.qa.testcases.HighCommissionPageApproveTest@64485a47</td></tr>
>>>>>>> Stashed changes
<tr>
<td title='com.ghana.app.qa.testcases.HighCommissionPageApproveTest.loginIntoHighCommission()'><b>loginIntoHighCommission</b><br>Test class: com.ghana.app.qa.testcases.HighCommissionPageApproveTest<br>Test method: This test will verify login functinality of HighCommission with valid creadentials and click on Login button<br/>
<a href="#Output-1510535132" onClick='toggleBox("Output-1510535132", this, "Show output", "Hide output");'>Show output</a>

<a href="#Output-1510535132" onClick="toggleAllBoxes();">Show all outputs</a>
<div class='log' id="Output-1510535132">
About to begin executing following method : HighCommissionPageApproveTest.loginIntoHighCommission<br/>
Completed executing following method : HighCommissionPageApproveTest.loginIntoHighCommission<br/>
</div>
</td>
<td></td>
<td>5</td>
<td>com.ghana.app.qa.testcases.HighCommissionPageApproveTest@64485a47</td></tr>
<tr>
<td title='com.ghana.app.qa.testcases.HighCommissionPageApproveTest.signUpAndPayment()'><b>signUpAndPayment</b><br>Test class: com.ghana.app.qa.testcases.HighCommissionPageApproveTest<br/>
<a href="#Output-15024899" onClick='toggleBox("Output-15024899", this, "Show output", "Hide output");'>Show output</a>

<a href="#Output-15024899" onClick="toggleAllBoxes();">Show all outputs</a>
<div class='log' id="Output-15024899">
About to begin executing following method : HighCommissionPageApproveTest.signUpAndPayment<br/>
Completed executing following method : HighCommissionPageApproveTest.signUpAndPayment<br/>
</div>
</td>
<td></td>
<td>48</td>
<td>com.ghana.app.qa.testcases.HighCommissionPageApproveTest@64485a47</td></tr>
<tr>
<td title='com.ghana.app.qa.testcases.HighCommissionPageApproveTest.verifHighCommissionPageTitle()'><b>verifHighCommissionPageTitle</b><br>Test class: com.ghana.app.qa.testcases.HighCommissionPageApproveTest<br>Test method: This test will verify the title of HighCommission page after login<br/>
<a href="#Output-1287401019" onClick='toggleBox("Output-1287401019", this, "Show output", "Hide output");'>Show output</a>

<<<<<<< Updated upstream
<a href="#Output-973615092" onClick="toggleAllBoxes();">Show all outputs</a>
<div class='log' id="Output-973615092">
About to begin executing following method : ConsulatePageFlagTest.verifyTitleOfConsulateTitle<br/>
Completed executing following method : ConsulatePageFlagTest.verifyTitleOfConsulateTitle<br/>
>>>>>>> d431cf34496f5e28fcc3fbc057b2d6c3c2319536
</div>
</td>
<td></td>
<td>0</td>
<<<<<<< HEAD
<td>com.ghana.app.qa.testcases.PartiallyFilledApplicatlionTest@42607a4f</td></tr>
<tr>
<td title='com.ghana.app.qa.testcases.PartiallyFilledApplicatlionTest.passMiddleNameTest()'><b>passMiddleNameTest</b><br>Test class: com.ghana.app.qa.testcases.PartiallyFilledApplicatlionTest<br/>
<a href="#Output-10885570" onClick='toggleBox("Output-10885570", this, "Show output", "Hide output");'>Show output</a>

<a href="#Output-10885570" onClick="toggleAllBoxes();">Show all outputs</a>
<div class='log' id="Output-10885570">
About to begin executing following method : PersonalInfoPageTest.passMiddleNameTest<br/>
Completed executing following method : PersonalInfoPageTest.passMiddleNameTest<br/>
=======
<a href="#Output-1287401019" onClick="toggleAllBoxes();">Show all outputs</a>
<div class='log' id="Output-1287401019">
About to begin executing following method : HighCommissionPageApproveTest.verifHighCommissionPageTitle<br/>
Completed executing following method : HighCommissionPageApproveTest.verifHighCommissionPageTitle<br/>
>>>>>>> Stashed changes
</div>
</td>
<td></td>
<td>0</td>
<<<<<<< Updated upstream
<td>com.ghana.app.qa.testcases.PartiallyFilledApplicatlionTest@42607a4f</td></tr>
<tr>
<td title='com.ghana.app.qa.testcases.PartiallyFilledApplicatlionTest.passPassportNumberTest()'><b>passPassportNumberTest</b><br>Test class: com.ghana.app.qa.testcases.PartiallyFilledApplicatlionTest<br/>
<a href="#Output-1917161212" onClick='toggleBox("Output-1917161212", this, "Show output", "Hide output");'>Show output</a>

<a href="#Output-1917161212" onClick="toggleAllBoxes();">Show all outputs</a>
<div class='log' id="Output-1917161212">
About to begin executing following method : PersonalInfoPageTest.passPassportNumberTest<br/>
Completed executing following method : PersonalInfoPageTest.passPassportNumberTest<br/>
</div>
</td>
<td></td>
<td>0</td>
<td>com.ghana.app.qa.testcases.PartiallyFilledApplicatlionTest@42607a4f</td></tr>
<tr>
<td title='com.ghana.app.qa.testcases.PartiallyFilledApplicatlionTest.passPlaceOfBirthTest()'><b>passPlaceOfBirthTest</b><br>Test class: com.ghana.app.qa.testcases.PartiallyFilledApplicatlionTest<br/>
<a href="#Output-1842952737" onClick='toggleBox("Output-1842952737", this, "Show output", "Hide output");'>Show output</a>

<a href="#Output-1842952737" onClick="toggleAllBoxes();">Show all outputs</a>
<div class='log' id="Output-1842952737">
About to begin executing following method : PersonalInfoPageTest.passPlaceOfBirthTest<br/>
Completed executing following method : PersonalInfoPageTest.passPlaceOfBirthTest<br/>
</div>
</td>
<td></td>
<td>0</td>
<td>com.ghana.app.qa.testcases.PartiallyFilledApplicatlionTest@42607a4f</td></tr>
<tr>
<td title='com.ghana.app.qa.testcases.PartiallyFilledApplicatlionTest.selectPassExpiryDateTest()'><b>selectPassExpiryDateTest</b><br>Test class: com.ghana.app.qa.testcases.PartiallyFilledApplicatlionTest<br/>
<a href="#Output-271422148" onClick='toggleBox("Output-271422148", this, "Show output", "Hide output");'>Show output</a>

<a href="#Output-271422148" onClick="toggleAllBoxes();">Show all outputs</a>
<div class='log' id="Output-271422148">
About to begin executing following method : PersonalInfoPageTest.selectPassExpiryDateTest<br/>
Completed executing following method : PersonalInfoPageTest.selectPassExpiryDateTest<br/>
</div>
</td>
<td></td>
<td>0</td>
<td>com.ghana.app.qa.testcases.PartiallyFilledApplicatlionTest@42607a4f</td></tr>
<tr>
<td title='com.ghana.app.qa.testcases.PartiallyFilledApplicatlionTest.selectPassIssueDateTest()'><b>selectPassIssueDateTest</b><br>Test class: com.ghana.app.qa.testcases.PartiallyFilledApplicatlionTest<br/>
<a href="#Output-1564078808" onClick='toggleBox("Output-1564078808", this, "Show output", "Hide output");'>Show output</a>

<a href="#Output-1564078808" onClick="toggleAllBoxes();">Show all outputs</a>
<div class='log' id="Output-1564078808">
About to begin executing following method : PersonalInfoPageTest.selectPassIssueDateTest<br/>
Completed executing following method : PersonalInfoPageTest.selectPassIssueDateTest<br/>
</div>
</td>
<td></td>
<td>0</td>
<td>com.ghana.app.qa.testcases.PartiallyFilledApplicatlionTest@42607a4f</td></tr>
<tr>
<td title='com.ghana.app.qa.testcases.PartiallyFilledApplicatlionTest.verifyPersonalInfoTest()'><b>verifyPersonalInfoTest</b><br>Test class: com.ghana.app.qa.testcases.PartiallyFilledApplicatlionTest<br/>
<a href="#Output-1472012329" onClick='toggleBox("Output-1472012329", this, "Show output", "Hide output");'>Show output</a>

<a href="#Output-1472012329" onClick="toggleAllBoxes();">Show all outputs</a>
<div class='log' id="Output-1472012329">
About to begin executing following method : PersonalInfoPageTest.verifyPersonalInfoTest<br/>
Completed executing following method : PersonalInfoPageTest.verifyPersonalInfoTest<br/>
</div>
</td>
<td></td>
<td>2</td>
<td>com.ghana.app.qa.testcases.PartiallyFilledApplicatlionTest@42607a4f</td></tr>
=======
<td>com.ghana.app.qa.testcases.ConsulatePageFlagTest@64485a47</td></tr>
>>>>>>> d431cf34496f5e28fcc3fbc057b2d6c3c2319536
=======
<td>com.ghana.app.qa.testcases.HighCommissionPageApproveTest@64485a47</td></tr>
>>>>>>> Stashed changes
</table><p>
</body>
</html>