<!DOCTYPE html PUBLIC "-//W3C//DTD XHTML 1.1//EN" "http://www.w3.org/TR/xhtml11/DTD/xhtml11.dtd">
<html xmlns="http://www.w3.org/1999/xhtml">
<head>
<meta http-equiv="content-type" content="text/html; charset=UTF-8"/>
<title>TestNG Report</title>
<style type="text/css">table {margin-bottom:10px;border-collapse:collapse;empty-cells:show}th,td {border:1px solid #009;padding:.25em .5em}th {vertical-align:bottom}td {vertical-align:top}table a {font-weight:bold}.stripe td {background-color: #E6EBF9}.num {text-align:right}.passedodd td {background-color: #3F3}.passedeven td {background-color: #0A0}.skippedodd td {background-color: #DDD}.skippedeven td {background-color: #CCC}.failedodd td,.attn {background-color: #F33}.failedeven td,.stripe .attn {background-color: #D00}.stacktrace {white-space:pre;font-family:monospace}.totop {font-size:85%;text-align:center;border-bottom:2px solid #000}.invisible {display:none}</style>
</head>
<body>
<table>
<tr><th>Test</th><th># Passed</th><th># Skipped</th><th># Failed</th><th>Time (ms)</th><th>Included Groups</th><th>Excluded Groups</th></tr>
<tr><th colspan="7">Default suite</th></tr>
<<<<<<< Updated upstream
<<<<<<< HEAD
<tr><td><a href="#t0">Default test</a></td><td class="num">14</td><td class="num">0</td><td class="num attn">2</td><td class="num">292,131</td><td></td><td></td></tr>
</table>
<table id='summary'><thead><tr><th>Class</th><th>Method</th><th>Start</th><th>Time (ms)</th></tr></thead><tbody><tr><th colspan="4">Default suite</th></tr></tbody><tbody id="t0"><tr><th colspan="4">Default test &#8212; failed</th></tr><tr class="failedeven"><td rowspan="2">com.ghana.app.qa.testcases.PartiallyFilledApplicatlionTest</td><td><a href="#m0">AlreadySubmittedPartiallyFilledTest</a></td><td rowspan="1">1558437942696</td><td rowspan="1">120058</td></tr><tr class="failedeven"><td><a href="#m1">PartiallyFilledTest</a></td><td rowspan="1">1558437811947</td><td rowspan="1">121224</td></tr><tr><th colspan="4">Default test &#8212; passed</th></tr><tr class="passedeven"><td rowspan="14">com.ghana.app.qa.testcases.PartiallyFilledApplicatlionTest</td><td><a href="#m2">NegativePartiallyFilledTest</a></td><td rowspan="1">1558437810706</td><td rowspan="1">1239</td></tr><tr class="passedeven"><td><a href="#m3">PartiallyFilledAppliTest</a></td><td rowspan="1">1558437810413</td><td rowspan="1">291</td></tr><tr class="passedeven"><td><a href="#m4">clickOnGenderTest</a></td><td rowspan="1">1558437807799</td><td rowspan="1">2147</td></tr><tr class="passedeven"><td><a href="#m5">fillSignUpFormTest</a></td><td rowspan="1">1558437787786</td><td rowspan="1">15336</td></tr><tr class="passedeven"><td><a href="#m6">getApplicationIdTest</a></td><td rowspan="1">1558437807192</td><td rowspan="1">39</td></tr><tr class="passedeven"><td><a href="#m7">getApplicationPageTitleTest</a></td><td rowspan="1">1558437805181</td><td rowspan="1">2009</td></tr><tr class="passedeven"><td><a href="#m8">passFirstNameTest</a></td><td rowspan="1">1558437807232</td><td rowspan="1">139</td></tr><tr class="passedeven"><td><a href="#m9">passLastNameTest</a></td><td rowspan="1">1558437807494</td><td rowspan="1">120</td></tr><tr class="passedeven"><td><a href="#m10">passMiddleNameTest</a></td><td rowspan="1">1558437807372</td><td rowspan="1">117</td></tr><tr class="passedeven"><td><a href="#m11">passPassportNumberTest</a></td><td rowspan="1">1558437807616</td><td rowspan="1">181</td></tr><tr class="passedeven"><td><a href="#m12">passPlaceOfBirthTest</a></td><td rowspan="1">1558437810279</td><td rowspan="1">132</td></tr><tr class="passedeven"><td><a href="#m13">selectPassExpiryDateTest</a></td><td rowspan="1">1558437810133</td><td rowspan="1">145</td></tr><tr class="passedeven"><td><a href="#m14">selectPassIssueDateTest</a></td><td rowspan="1">1558437809947</td><td rowspan="1">184</td></tr><tr class="passedeven"><td><a href="#m15">verifyPersonalInfoTest</a></td><td rowspan="1">1558437803128</td><td rowspan="1">2052</td></tr></tbody>
</table>
<h2>Default test</h2><h3 id="m0">com.ghana.app.qa.testcases.PartiallyFilledApplicatlionTest#AlreadySubmittedPartiallyFilledTest</h3><table class="result"><tr><th>Messages</th></tr><tr><td><div class="messages">About to begin executing following method : PartiallyFilledApplicatlionTest.AlreadySubmittedPartiallyFilledTest<br/>Completed executing following method : PartiallyFilledApplicatlionTest.AlreadySubmittedPartiallyFilledTest</div></td></tr><tr><th>Exception</th></tr><tr><td><div class="stacktrace">org.openqa.selenium.NoSuchElementException: no such element: Unable to locate element: {&quot;method&quot;:&quot;xpath&quot;,&quot;selector&quot;:&quot;//button[contains(text(),&apos;Partially/Filled Application&apos;)]&quot;}
  (Session info: chrome=74.0.3729.157)
  (Driver info: chromedriver=74.0.3729.6 (255758eccf3d244491b8a1317aa76e1ce10d57e9-refs/branch-heads/3729@{#29}),platform=Windows NT 6.1.7601 SP1 x86_64) (WARNING: The server did not provide any stacktrace information)
=======
<tr><td><a href="#t0">Default test</a></td><td class="num">8</td><td class="num">0</td><td class="num attn">1</td><td class="num">161,198</td><td></td><td></td></tr>
=======
<tr><td><a href="#t0">Default test</a></td><td class="num">8</td><td class="num">0</td><td class="num attn">14</td><td class="num">399,356</td><td></td><td></td></tr>
>>>>>>> Stashed changes
</table>
<table id='summary'><thead><tr><th>Class</th><th>Method</th><th>Start</th><th>Time (ms)</th></tr></thead><tbody><tr><th colspan="4">Default suite</th></tr></tbody><tbody id="t0"><tr><th colspan="4">Default test &#8212; failed</th></tr><tr class="failedeven"><td rowspan="14">com.ghana.app.qa.testcases.HighCommissionPageApproveTest</td><td><a href="#m0">approveApplication</a></td><td rowspan="1">1558438620003</td><td rowspan="1">8906</td></tr><tr class="failedeven"><td><a href="#m1">clickOnApproveAndVerifyPopText</a></td><td rowspan="1">1558438578605</td><td rowspan="1">768</td></tr><tr class="failedeven"><td><a href="#m2">clickOnApproveAndVerifyPopText1</a></td><td rowspan="1">1558438590397</td><td rowspan="1">6709</td></tr><tr class="failedeven"><td><a href="#m3">clickOnNextButtonAndVerifyTitleDocumentVerifi</a></td><td rowspan="1">1558438537231</td><td rowspan="1">540</td></tr><tr class="failedeven"><td><a href="#m4">clickOnPreviousButtonAndVerifyTitleApplicantInformation</a></td><td rowspan="1">1558438525936</td><td rowspan="1">546</td></tr><tr class="failedeven"><td><a href="#m5">getTextFromTravelInformation</a></td><td rowspan="1">1558438502848</td><td rowspan="1">242</td></tr><tr class="failedeven"><td><a href="#m6">passComment</a></td><td rowspan="1">1558438607916</td><td rowspan="1">898</td></tr><tr class="failedeven"><td><a href="#m7">selectAllCheckBoxAndVerify</a></td><td rowspan="1">1558438548809</td><td rowspan="1">4805</td></tr><tr class="failedeven"><td><a href="#m8">selectOneByOneCheckBoxAndVerify</a></td><td rowspan="1">1558438564314</td><td rowspan="1">3394</td></tr><tr class="failedeven"><td><a href="#m9">verfiyTitleOfCNDocumentVerificatonPage</a></td><td rowspan="1">1558438513971</td><td rowspan="1">631</td></tr><tr class="failedeven"><td><a href="#m10">verifyApplicationSentOpens</a></td><td rowspan="1">1558438682976</td><td rowspan="1">42152</td></tr><tr class="failedeven"><td><a href="#m11">verifyApproveBucktInCN</a></td><td rowspan="1">1558438774059</td><td rowspan="1">30167</td></tr><tr class="failedeven"><td><a href="#m12">verifyApprovedApplicaIsInApproveBucketHCD</a></td><td rowspan="1">1558438639443</td><td rowspan="1">33069</td></tr><tr class="failedeven"><td><a href="#m13">verifyCanceAndCrossButton</a></td><td rowspan="1">1558438735411</td><td rowspan="1">22336</td></tr><tr><th colspan="4">Default test &#8212; passed</th></tr><tr class="passedeven"><td rowspan="8">com.ghana.app.qa.testcases.HighCommissionPageApproveTest</td><td><a href="#m14">clickOnNewApplication</a></td><td rowspan="1">1558438488805</td><td rowspan="1">5832</td></tr><tr class="passedeven"><td><a href="#m15">getApproveFromCN</a></td><td rowspan="1">1558438471042</td><td rowspan="1">12569</td></tr><tr class="passedeven"><td><a href="#m16">getTextFromAddressInformation</a></td><td rowspan="1">1558438502721</td><td rowspan="1">126</td></tr><tr class="passedeven"><td><a href="#m17">getTextFromApplicantInformation</a></td><td rowspan="1">1558438494639</td><td rowspan="1">8080</td></tr><tr class="passedeven"><td><a href="#m18">loginIntoConsulate</a></td><td rowspan="1">1558438768262</td><td rowspan="1">5796</td></tr><tr class="passedeven"><td><a href="#m19">loginIntoHighCommission</a></td><td rowspan="1">1558438483612</td><td rowspan="1">5179</td></tr><tr class="passedeven"><td><a href="#m20">signUpAndPayment</a></td><td rowspan="1">1558438422708</td><td rowspan="1">48329</td></tr><tr class="passedeven"><td><a href="#m21">verifHighCommissionPageTitle</a></td><td rowspan="1">1558438488793</td><td rowspan="1">11</td></tr></tbody>
</table>
<h2>Default test</h2><h3 id="m0">com.ghana.app.qa.testcases.HighCommissionPageApproveTest#approveApplication</h3><table class="result"><tr><th>Messages</th></tr><tr><td><div class="messages">About to begin executing following method : HighCommissionPageApproveTest.approveApplication<br/>Completed executing following method : HighCommissionPageApproveTest.approveApplication</div></td></tr><tr><th>Exception</th></tr><tr><td><div class="stacktrace">java.lang.AssertionError: The following asserts failed:
	Provided and Get Landmark are not matched 2 expected [77436 Fairview Trail, Sekondi-Takoradi,Kumasi,Ashanti[4],Ghana,GA015] but found [77436 Fairview Trail, Sekondi-Takoradi]
	at org.testng.asserts.SoftAssert.assertAll(SoftAssert.java:43)
	at com.ghana.app.qa.testcases.HighCommissionPageApproveTest.approveApplication(HighCommissionPageApproveTest.java:346)
	at sun.reflect.NativeMethodAccessorImpl.invoke0(Native Method)
	at sun.reflect.NativeMethodAccessorImpl.invoke(Unknown Source)
	at sun.reflect.DelegatingMethodAccessorImpl.invoke(Unknown Source)
	at java.lang.reflect.Method.invoke(Unknown Source)
	at org.testng.internal.MethodInvocationHelper.invokeMethod(MethodInvocationHelper.java:124)
	at org.testng.internal.Invoker.invokeMethod(Invoker.java:580)
	at org.testng.internal.Invoker.invokeTestMethod(Invoker.java:716)
	at org.testng.internal.Invoker.invokeTestMethods(Invoker.java:988)
	at org.testng.internal.TestMethodWorker.invokeTestMethods(TestMethodWorker.java:125)
	at org.testng.internal.TestMethodWorker.run(TestMethodWorker.java:109)
	at org.testng.TestRunner.privateRun(TestRunner.java:648)
	at org.testng.TestRunner.run(TestRunner.java:505)
	at org.testng.SuiteRunner.runTest(SuiteRunner.java:455)
	at org.testng.SuiteRunner.runSequentially(SuiteRunner.java:450)
	at org.testng.SuiteRunner.privateRun(SuiteRunner.java:415)
	at org.testng.SuiteRunner.run(SuiteRunner.java:364)
	at org.testng.SuiteRunnerWorker.runSuite(SuiteRunnerWorker.java:52)
	at org.testng.SuiteRunnerWorker.run(SuiteRunnerWorker.java:84)
	at org.testng.TestNG.runSuitesSequentially(TestNG.java:1208)
	at org.testng.TestNG.runSuitesLocally(TestNG.java:1137)
	at org.testng.TestNG.runSuites(TestNG.java:1049)
	at org.testng.TestNG.run(TestNG.java:1017)
	at org.testng.remote.AbstractRemoteTestNG.run(AbstractRemoteTestNG.java:114)
	at org.testng.remote.RemoteTestNG.initAndRun(RemoteTestNG.java:251)
	at org.testng.remote.RemoteTestNG.main(RemoteTestNG.java:77)
</div></td></tr></table><p class="totop"><a href="#summary">back to summary</a></p>
<h3 id="m1">com.ghana.app.qa.testcases.HighCommissionPageApproveTest#clickOnApproveAndVerifyPopText</h3><table class="result"><tr><th>Messages</th></tr><tr><td><div class="messages">About to begin executing following method : HighCommissionPageApproveTest.clickOnApproveAndVerifyPopText<br/>Completed executing following method : HighCommissionPageApproveTest.clickOnApproveAndVerifyPopText</div></td></tr><tr><th>Exception</th></tr><tr><td><div class="stacktrace">java.lang.AssertionError: The following asserts failed:
	Provided and Get Landmark are not matched 2 expected [77436 Fairview Trail, Sekondi-Takoradi,Kumasi,Ashanti[4],Ghana,GA015] but found [77436 Fairview Trail, Sekondi-Takoradi]
	at org.testng.asserts.SoftAssert.assertAll(SoftAssert.java:43)
	at com.ghana.app.qa.testcases.HighCommissionPageApproveTest.clickOnApproveAndVerifyPopText(HighCommissionPageApproveTest.java:309)
	at sun.reflect.NativeMethodAccessorImpl.invoke0(Native Method)
	at sun.reflect.NativeMethodAccessorImpl.invoke(Unknown Source)
	at sun.reflect.DelegatingMethodAccessorImpl.invoke(Unknown Source)
	at java.lang.reflect.Method.invoke(Unknown Source)
	at org.testng.internal.MethodInvocationHelper.invokeMethod(MethodInvocationHelper.java:124)
	at org.testng.internal.Invoker.invokeMethod(Invoker.java:580)
	at org.testng.internal.Invoker.invokeTestMethod(Invoker.java:716)
	at org.testng.internal.Invoker.invokeTestMethods(Invoker.java:988)
	at org.testng.internal.TestMethodWorker.invokeTestMethods(TestMethodWorker.java:125)
	at org.testng.internal.TestMethodWorker.run(TestMethodWorker.java:109)
	at org.testng.TestRunner.privateRun(TestRunner.java:648)
	at org.testng.TestRunner.run(TestRunner.java:505)
	at org.testng.SuiteRunner.runTest(SuiteRunner.java:455)
	at org.testng.SuiteRunner.runSequentially(SuiteRunner.java:450)
	at org.testng.SuiteRunner.privateRun(SuiteRunner.java:415)
	at org.testng.SuiteRunner.run(SuiteRunner.java:364)
	at org.testng.SuiteRunnerWorker.runSuite(SuiteRunnerWorker.java:52)
	at org.testng.SuiteRunnerWorker.run(SuiteRunnerWorker.java:84)
	at org.testng.TestNG.runSuitesSequentially(TestNG.java:1208)
	at org.testng.TestNG.runSuitesLocally(TestNG.java:1137)
	at org.testng.TestNG.runSuites(TestNG.java:1049)
	at org.testng.TestNG.run(TestNG.java:1017)
	at org.testng.remote.AbstractRemoteTestNG.run(AbstractRemoteTestNG.java:114)
	at org.testng.remote.RemoteTestNG.initAndRun(RemoteTestNG.java:251)
	at org.testng.remote.RemoteTestNG.main(RemoteTestNG.java:77)
</div></td></tr></table><p class="totop"><a href="#summary">back to summary</a></p>
<h3 id="m2">com.ghana.app.qa.testcases.HighCommissionPageApproveTest#clickOnApproveAndVerifyPopText1</h3><table class="result"><tr><th>Messages</th></tr><tr><td><div class="messages">About to begin executing following method : HighCommissionPageApproveTest.clickOnApproveAndVerifyPopText1<br/>Completed executing following method : HighCommissionPageApproveTest.clickOnApproveAndVerifyPopText1</div></td></tr><tr><th>Exception</th></tr><tr><td><div class="stacktrace">java.lang.AssertionError: The following asserts failed:
	Provided and Get Landmark are not matched 2 expected [77436 Fairview Trail, Sekondi-Takoradi,Kumasi,Ashanti[4],Ghana,GA015] but found [77436 Fairview Trail, Sekondi-Takoradi]
	at org.testng.asserts.SoftAssert.assertAll(SoftAssert.java:43)
	at com.ghana.app.qa.testcases.HighCommissionPageApproveTest.clickOnApproveAndVerifyPopText1(HighCommissionPageApproveTest.java:323)
	at sun.reflect.NativeMethodAccessorImpl.invoke0(Native Method)
	at sun.reflect.NativeMethodAccessorImpl.invoke(Unknown Source)
	at sun.reflect.DelegatingMethodAccessorImpl.invoke(Unknown Source)
	at java.lang.reflect.Method.invoke(Unknown Source)
	at org.testng.internal.MethodInvocationHelper.invokeMethod(MethodInvocationHelper.java:124)
	at org.testng.internal.Invoker.invokeMethod(Invoker.java:580)
	at org.testng.internal.Invoker.invokeTestMethod(Invoker.java:716)
	at org.testng.internal.Invoker.invokeTestMethods(Invoker.java:988)
	at org.testng.internal.TestMethodWorker.invokeTestMethods(TestMethodWorker.java:125)
	at org.testng.internal.TestMethodWorker.run(TestMethodWorker.java:109)
	at org.testng.TestRunner.privateRun(TestRunner.java:648)
	at org.testng.TestRunner.run(TestRunner.java:505)
	at org.testng.SuiteRunner.runTest(SuiteRunner.java:455)
	at org.testng.SuiteRunner.runSequentially(SuiteRunner.java:450)
	at org.testng.SuiteRunner.privateRun(SuiteRunner.java:415)
	at org.testng.SuiteRunner.run(SuiteRunner.java:364)
	at org.testng.SuiteRunnerWorker.runSuite(SuiteRunnerWorker.java:52)
	at org.testng.SuiteRunnerWorker.run(SuiteRunnerWorker.java:84)
	at org.testng.TestNG.runSuitesSequentially(TestNG.java:1208)
	at org.testng.TestNG.runSuitesLocally(TestNG.java:1137)
	at org.testng.TestNG.runSuites(TestNG.java:1049)
	at org.testng.TestNG.run(TestNG.java:1017)
	at org.testng.remote.AbstractRemoteTestNG.run(AbstractRemoteTestNG.java:114)
	at org.testng.remote.RemoteTestNG.initAndRun(RemoteTestNG.java:251)
	at org.testng.remote.RemoteTestNG.main(RemoteTestNG.java:77)
</div></td></tr></table><p class="totop"><a href="#summary">back to summary</a></p>
<h3 id="m3">com.ghana.app.qa.testcases.HighCommissionPageApproveTest#clickOnNextButtonAndVerifyTitleDocumentVerifi</h3><table class="result"><tr><th>Messages</th></tr><tr><td><div class="messages">About to begin executing following method : HighCommissionPageApproveTest.clickOnNextButtonAndVerifyTitleDocumentVerifi<br/>Completed executing following method : HighCommissionPageApproveTest.clickOnNextButtonAndVerifyTitleDocumentVerifi</div></td></tr><tr><th>Exception</th></tr><tr><td><div class="stacktrace">java.lang.AssertionError: The following asserts failed:
	Provided and Get Landmark are not matched 2 expected [77436 Fairview Trail, Sekondi-Takoradi,Kumasi,Ashanti[4],Ghana,GA015] but found [77436 Fairview Trail, Sekondi-Takoradi]
	at org.testng.asserts.SoftAssert.assertAll(SoftAssert.java:43)
	at com.ghana.app.qa.testcases.HighCommissionPageApproveTest.clickOnNextButtonAndVerifyTitleDocumentVerifi(HighCommissionPageApproveTest.java:272)
	at sun.reflect.NativeMethodAccessorImpl.invoke0(Native Method)
	at sun.reflect.NativeMethodAccessorImpl.invoke(Unknown Source)
	at sun.reflect.DelegatingMethodAccessorImpl.invoke(Unknown Source)
	at java.lang.reflect.Method.invoke(Unknown Source)
	at org.testng.internal.MethodInvocationHelper.invokeMethod(MethodInvocationHelper.java:124)
	at org.testng.internal.Invoker.invokeMethod(Invoker.java:580)
	at org.testng.internal.Invoker.invokeTestMethod(Invoker.java:716)
	at org.testng.internal.Invoker.invokeTestMethods(Invoker.java:988)
	at org.testng.internal.TestMethodWorker.invokeTestMethods(TestMethodWorker.java:125)
	at org.testng.internal.TestMethodWorker.run(TestMethodWorker.java:109)
	at org.testng.TestRunner.privateRun(TestRunner.java:648)
	at org.testng.TestRunner.run(TestRunner.java:505)
	at org.testng.SuiteRunner.runTest(SuiteRunner.java:455)
	at org.testng.SuiteRunner.runSequentially(SuiteRunner.java:450)
	at org.testng.SuiteRunner.privateRun(SuiteRunner.java:415)
	at org.testng.SuiteRunner.run(SuiteRunner.java:364)
	at org.testng.SuiteRunnerWorker.runSuite(SuiteRunnerWorker.java:52)
	at org.testng.SuiteRunnerWorker.run(SuiteRunnerWorker.java:84)
	at org.testng.TestNG.runSuitesSequentially(TestNG.java:1208)
	at org.testng.TestNG.runSuitesLocally(TestNG.java:1137)
	at org.testng.TestNG.runSuites(TestNG.java:1049)
	at org.testng.TestNG.run(TestNG.java:1017)
	at org.testng.remote.AbstractRemoteTestNG.run(AbstractRemoteTestNG.java:114)
	at org.testng.remote.RemoteTestNG.initAndRun(RemoteTestNG.java:251)
	at org.testng.remote.RemoteTestNG.main(RemoteTestNG.java:77)
</div></td></tr></table><p class="totop"><a href="#summary">back to summary</a></p>
<h3 id="m4">com.ghana.app.qa.testcases.HighCommissionPageApproveTest#clickOnPreviousButtonAndVerifyTitleApplicantInformation</h3><table class="result"><tr><th>Messages</th></tr><tr><td><div class="messages">About to begin executing following method : HighCommissionPageApproveTest.clickOnPreviousButtonAndVerifyTitleApplicantInformation<br/>Completed executing following method : HighCommissionPageApproveTest.clickOnPreviousButtonAndVerifyTitleApplicantInformation</div></td></tr><tr><th>Exception</th></tr><tr><td><div class="stacktrace">java.lang.AssertionError: The following asserts failed:
	Provided and Get Landmark are not matched 2 expected [77436 Fairview Trail, Sekondi-Takoradi,Kumasi,Ashanti[4],Ghana,GA015] but found [77436 Fairview Trail, Sekondi-Takoradi]
	at org.testng.asserts.SoftAssert.assertAll(SoftAssert.java:43)
	at com.ghana.app.qa.testcases.HighCommissionPageApproveTest.clickOnPreviousButtonAndVerifyTitleApplicantInformation(HighCommissionPageApproveTest.java:265)
	at sun.reflect.NativeMethodAccessorImpl.invoke0(Native Method)
	at sun.reflect.NativeMethodAccessorImpl.invoke(Unknown Source)
	at sun.reflect.DelegatingMethodAccessorImpl.invoke(Unknown Source)
	at java.lang.reflect.Method.invoke(Unknown Source)
	at org.testng.internal.MethodInvocationHelper.invokeMethod(MethodInvocationHelper.java:124)
	at org.testng.internal.Invoker.invokeMethod(Invoker.java:580)
	at org.testng.internal.Invoker.invokeTestMethod(Invoker.java:716)
	at org.testng.internal.Invoker.invokeTestMethods(Invoker.java:988)
	at org.testng.internal.TestMethodWorker.invokeTestMethods(TestMethodWorker.java:125)
	at org.testng.internal.TestMethodWorker.run(TestMethodWorker.java:109)
	at org.testng.TestRunner.privateRun(TestRunner.java:648)
	at org.testng.TestRunner.run(TestRunner.java:505)
	at org.testng.SuiteRunner.runTest(SuiteRunner.java:455)
	at org.testng.SuiteRunner.runSequentially(SuiteRunner.java:450)
	at org.testng.SuiteRunner.privateRun(SuiteRunner.java:415)
	at org.testng.SuiteRunner.run(SuiteRunner.java:364)
	at org.testng.SuiteRunnerWorker.runSuite(SuiteRunnerWorker.java:52)
	at org.testng.SuiteRunnerWorker.run(SuiteRunnerWorker.java:84)
	at org.testng.TestNG.runSuitesSequentially(TestNG.java:1208)
	at org.testng.TestNG.runSuitesLocally(TestNG.java:1137)
	at org.testng.TestNG.runSuites(TestNG.java:1049)
	at org.testng.TestNG.run(TestNG.java:1017)
	at org.testng.remote.AbstractRemoteTestNG.run(AbstractRemoteTestNG.java:114)
	at org.testng.remote.RemoteTestNG.initAndRun(RemoteTestNG.java:251)
	at org.testng.remote.RemoteTestNG.main(RemoteTestNG.java:77)
</div></td></tr></table><p class="totop"><a href="#summary">back to summary</a></p>
<h3 id="m5">com.ghana.app.qa.testcases.HighCommissionPageApproveTest#getTextFromTravelInformation</h3><table class="result"><tr><th>Messages</th></tr><tr><td><div class="messages">About to begin executing following method : HighCommissionPageApproveTest.getTextFromTravelInformation<br/>Completed executing following method : HighCommissionPageApproveTest.getTextFromTravelInformation</div></td></tr><tr><th>Exception</th></tr><tr><td><div class="stacktrace">java.lang.AssertionError: The following asserts failed:
	Provided and Get Landmark are not matched 2 expected [77436 Fairview Trail, Sekondi-Takoradi,Kumasi,Ashanti[4],Ghana,GA015] but found [77436 Fairview Trail, Sekondi-Takoradi]
	at org.testng.asserts.SoftAssert.assertAll(SoftAssert.java:43)
	at com.ghana.app.qa.testcases.HighCommissionPageApproveTest.getTextFromTravelInformation(HighCommissionPageApproveTest.java:248)
	at sun.reflect.NativeMethodAccessorImpl.invoke0(Native Method)
	at sun.reflect.NativeMethodAccessorImpl.invoke(Unknown Source)
	at sun.reflect.DelegatingMethodAccessorImpl.invoke(Unknown Source)
	at java.lang.reflect.Method.invoke(Unknown Source)
	at org.testng.internal.MethodInvocationHelper.invokeMethod(MethodInvocationHelper.java:124)
	at org.testng.internal.Invoker.invokeMethod(Invoker.java:580)
	at org.testng.internal.Invoker.invokeTestMethod(Invoker.java:716)
	at org.testng.internal.Invoker.invokeTestMethods(Invoker.java:988)
	at org.testng.internal.TestMethodWorker.invokeTestMethods(TestMethodWorker.java:125)
	at org.testng.internal.TestMethodWorker.run(TestMethodWorker.java:109)
	at org.testng.TestRunner.privateRun(TestRunner.java:648)
	at org.testng.TestRunner.run(TestRunner.java:505)
	at org.testng.SuiteRunner.runTest(SuiteRunner.java:455)
	at org.testng.SuiteRunner.runSequentially(SuiteRunner.java:450)
	at org.testng.SuiteRunner.privateRun(SuiteRunner.java:415)
	at org.testng.SuiteRunner.run(SuiteRunner.java:364)
	at org.testng.SuiteRunnerWorker.runSuite(SuiteRunnerWorker.java:52)
	at org.testng.SuiteRunnerWorker.run(SuiteRunnerWorker.java:84)
	at org.testng.TestNG.runSuitesSequentially(TestNG.java:1208)
	at org.testng.TestNG.runSuitesLocally(TestNG.java:1137)
	at org.testng.TestNG.runSuites(TestNG.java:1049)
	at org.testng.TestNG.run(TestNG.java:1017)
	at org.testng.remote.AbstractRemoteTestNG.run(AbstractRemoteTestNG.java:114)
	at org.testng.remote.RemoteTestNG.initAndRun(RemoteTestNG.java:251)
	at org.testng.remote.RemoteTestNG.main(RemoteTestNG.java:77)
</div></td></tr></table><p class="totop"><a href="#summary">back to summary</a></p>
<h3 id="m6">com.ghana.app.qa.testcases.HighCommissionPageApproveTest#passComment</h3><table class="result"><tr><th>Messages</th></tr><tr><td><div class="messages">About to begin executing following method : HighCommissionPageApproveTest.passComment<br/>Completed executing following method : HighCommissionPageApproveTest.passComment</div></td></tr><tr><th>Exception</th></tr><tr><td><div class="stacktrace">java.lang.AssertionError: The following asserts failed:
	Provided and Get Landmark are not matched 2 expected [77436 Fairview Trail, Sekondi-Takoradi,Kumasi,Ashanti[4],Ghana,GA015] but found [77436 Fairview Trail, Sekondi-Takoradi]
	at org.testng.asserts.SoftAssert.assertAll(SoftAssert.java:43)
	at com.ghana.app.qa.testcases.HighCommissionPageApproveTest.passComment(HighCommissionPageApproveTest.java:332)
	at sun.reflect.NativeMethodAccessorImpl.invoke0(Native Method)
	at sun.reflect.NativeMethodAccessorImpl.invoke(Unknown Source)
	at sun.reflect.DelegatingMethodAccessorImpl.invoke(Unknown Source)
	at java.lang.reflect.Method.invoke(Unknown Source)
	at org.testng.internal.MethodInvocationHelper.invokeMethod(MethodInvocationHelper.java:124)
	at org.testng.internal.Invoker.invokeMethod(Invoker.java:580)
	at org.testng.internal.Invoker.invokeTestMethod(Invoker.java:716)
	at org.testng.internal.Invoker.invokeTestMethods(Invoker.java:988)
	at org.testng.internal.TestMethodWorker.invokeTestMethods(TestMethodWorker.java:125)
	at org.testng.internal.TestMethodWorker.run(TestMethodWorker.java:109)
	at org.testng.TestRunner.privateRun(TestRunner.java:648)
	at org.testng.TestRunner.run(TestRunner.java:505)
	at org.testng.SuiteRunner.runTest(SuiteRunner.java:455)
	at org.testng.SuiteRunner.runSequentially(SuiteRunner.java:450)
	at org.testng.SuiteRunner.privateRun(SuiteRunner.java:415)
	at org.testng.SuiteRunner.run(SuiteRunner.java:364)
	at org.testng.SuiteRunnerWorker.runSuite(SuiteRunnerWorker.java:52)
	at org.testng.SuiteRunnerWorker.run(SuiteRunnerWorker.java:84)
	at org.testng.TestNG.runSuitesSequentially(TestNG.java:1208)
	at org.testng.TestNG.runSuitesLocally(TestNG.java:1137)
	at org.testng.TestNG.runSuites(TestNG.java:1049)
	at org.testng.TestNG.run(TestNG.java:1017)
	at org.testng.remote.AbstractRemoteTestNG.run(AbstractRemoteTestNG.java:114)
	at org.testng.remote.RemoteTestNG.initAndRun(RemoteTestNG.java:251)
	at org.testng.remote.RemoteTestNG.main(RemoteTestNG.java:77)
</div></td></tr></table><p class="totop"><a href="#summary">back to summary</a></p>
<h3 id="m7">com.ghana.app.qa.testcases.HighCommissionPageApproveTest#selectAllCheckBoxAndVerify</h3><table class="result"><tr><th>Messages</th></tr><tr><td><div class="messages">About to begin executing following method : HighCommissionPageApproveTest.selectAllCheckBoxAndVerify<br/>Completed executing following method : HighCommissionPageApproveTest.selectAllCheckBoxAndVerify</div></td></tr><tr><th>Exception</th></tr><tr><td><div class="stacktrace">java.lang.AssertionError: The following asserts failed:
	Provided and Get Landmark are not matched 2 expected [77436 Fairview Trail, Sekondi-Takoradi,Kumasi,Ashanti[4],Ghana,GA015] but found [77436 Fairview Trail, Sekondi-Takoradi]
	at org.testng.asserts.SoftAssert.assertAll(SoftAssert.java:43)
	at com.ghana.app.qa.testcases.HighCommissionPageApproveTest.selectAllCheckBoxAndVerify(HighCommissionPageApproveTest.java:286)
	at sun.reflect.NativeMethodAccessorImpl.invoke0(Native Method)
	at sun.reflect.NativeMethodAccessorImpl.invoke(Unknown Source)
	at sun.reflect.DelegatingMethodAccessorImpl.invoke(Unknown Source)
	at java.lang.reflect.Method.invoke(Unknown Source)
	at org.testng.internal.MethodInvocationHelper.invokeMethod(MethodInvocationHelper.java:124)
	at org.testng.internal.Invoker.invokeMethod(Invoker.java:580)
	at org.testng.internal.Invoker.invokeTestMethod(Invoker.java:716)
	at org.testng.internal.Invoker.invokeTestMethods(Invoker.java:988)
	at org.testng.internal.TestMethodWorker.invokeTestMethods(TestMethodWorker.java:125)
	at org.testng.internal.TestMethodWorker.run(TestMethodWorker.java:109)
	at org.testng.TestRunner.privateRun(TestRunner.java:648)
	at org.testng.TestRunner.run(TestRunner.java:505)
	at org.testng.SuiteRunner.runTest(SuiteRunner.java:455)
	at org.testng.SuiteRunner.runSequentially(SuiteRunner.java:450)
	at org.testng.SuiteRunner.privateRun(SuiteRunner.java:415)
	at org.testng.SuiteRunner.run(SuiteRunner.java:364)
	at org.testng.SuiteRunnerWorker.runSuite(SuiteRunnerWorker.java:52)
	at org.testng.SuiteRunnerWorker.run(SuiteRunnerWorker.java:84)
	at org.testng.TestNG.runSuitesSequentially(TestNG.java:1208)
	at org.testng.TestNG.runSuitesLocally(TestNG.java:1137)
	at org.testng.TestNG.runSuites(TestNG.java:1049)
	at org.testng.TestNG.run(TestNG.java:1017)
	at org.testng.remote.AbstractRemoteTestNG.run(AbstractRemoteTestNG.java:114)
	at org.testng.remote.RemoteTestNG.initAndRun(RemoteTestNG.java:251)
	at org.testng.remote.RemoteTestNG.main(RemoteTestNG.java:77)
</div></td></tr></table><p class="totop"><a href="#summary">back to summary</a></p>
<h3 id="m8">com.ghana.app.qa.testcases.HighCommissionPageApproveTest#selectOneByOneCheckBoxAndVerify</h3><table class="result"><tr><th>Messages</th></tr><tr><td><div class="messages">About to begin executing following method : HighCommissionPageApproveTest.selectOneByOneCheckBoxAndVerify<br/>Completed executing following method : HighCommissionPageApproveTest.selectOneByOneCheckBoxAndVerify</div></td></tr><tr><th>Exception</th></tr><tr><td><div class="stacktrace">java.lang.AssertionError: The following asserts failed:
	Provided and Get Landmark are not matched 2 expected [77436 Fairview Trail, Sekondi-Takoradi,Kumasi,Ashanti[4],Ghana,GA015] but found [77436 Fairview Trail, Sekondi-Takoradi]
	at org.testng.asserts.SoftAssert.assertAll(SoftAssert.java:43)
	at com.ghana.app.qa.testcases.HighCommissionPageApproveTest.selectOneByOneCheckBoxAndVerify(HighCommissionPageApproveTest.java:298)
	at sun.reflect.NativeMethodAccessorImpl.invoke0(Native Method)
	at sun.reflect.NativeMethodAccessorImpl.invoke(Unknown Source)
	at sun.reflect.DelegatingMethodAccessorImpl.invoke(Unknown Source)
	at java.lang.reflect.Method.invoke(Unknown Source)
	at org.testng.internal.MethodInvocationHelper.invokeMethod(MethodInvocationHelper.java:124)
	at org.testng.internal.Invoker.invokeMethod(Invoker.java:580)
	at org.testng.internal.Invoker.invokeTestMethod(Invoker.java:716)
	at org.testng.internal.Invoker.invokeTestMethods(Invoker.java:988)
	at org.testng.internal.TestMethodWorker.invokeTestMethods(TestMethodWorker.java:125)
	at org.testng.internal.TestMethodWorker.run(TestMethodWorker.java:109)
	at org.testng.TestRunner.privateRun(TestRunner.java:648)
	at org.testng.TestRunner.run(TestRunner.java:505)
	at org.testng.SuiteRunner.runTest(SuiteRunner.java:455)
	at org.testng.SuiteRunner.runSequentially(SuiteRunner.java:450)
	at org.testng.SuiteRunner.privateRun(SuiteRunner.java:415)
	at org.testng.SuiteRunner.run(SuiteRunner.java:364)
	at org.testng.SuiteRunnerWorker.runSuite(SuiteRunnerWorker.java:52)
	at org.testng.SuiteRunnerWorker.run(SuiteRunnerWorker.java:84)
	at org.testng.TestNG.runSuitesSequentially(TestNG.java:1208)
	at org.testng.TestNG.runSuitesLocally(TestNG.java:1137)
	at org.testng.TestNG.runSuites(TestNG.java:1049)
	at org.testng.TestNG.run(TestNG.java:1017)
	at org.testng.remote.AbstractRemoteTestNG.run(AbstractRemoteTestNG.java:114)
	at org.testng.remote.RemoteTestNG.initAndRun(RemoteTestNG.java:251)
	at org.testng.remote.RemoteTestNG.main(RemoteTestNG.java:77)
</div></td></tr></table><p class="totop"><a href="#summary">back to summary</a></p>
<h3 id="m9">com.ghana.app.qa.testcases.HighCommissionPageApproveTest#verfiyTitleOfCNDocumentVerificatonPage</h3><table class="result"><tr><th>Messages</th></tr><tr><td><div class="messages">About to begin executing following method : HighCommissionPageApproveTest.verfiyTitleOfCNDocumentVerificatonPage<br/>Completed executing following method : HighCommissionPageApproveTest.verfiyTitleOfCNDocumentVerificatonPage</div></td></tr><tr><th>Exception</th></tr><tr><td><div class="stacktrace">java.lang.AssertionError: The following asserts failed:
	Provided and Get Landmark are not matched 2 expected [77436 Fairview Trail, Sekondi-Takoradi,Kumasi,Ashanti[4],Ghana,GA015] but found [77436 Fairview Trail, Sekondi-Takoradi]
	at org.testng.asserts.SoftAssert.assertAll(SoftAssert.java:43)
	at com.ghana.app.qa.testcases.HighCommissionPageApproveTest.verfiyTitleOfCNDocumentVerificatonPage(HighCommissionPageApproveTest.java:257)
	at sun.reflect.NativeMethodAccessorImpl.invoke0(Native Method)
	at sun.reflect.NativeMethodAccessorImpl.invoke(Unknown Source)
	at sun.reflect.DelegatingMethodAccessorImpl.invoke(Unknown Source)
	at java.lang.reflect.Method.invoke(Unknown Source)
	at org.testng.internal.MethodInvocationHelper.invokeMethod(MethodInvocationHelper.java:124)
	at org.testng.internal.Invoker.invokeMethod(Invoker.java:580)
	at org.testng.internal.Invoker.invokeTestMethod(Invoker.java:716)
	at org.testng.internal.Invoker.invokeTestMethods(Invoker.java:988)
	at org.testng.internal.TestMethodWorker.invokeTestMethods(TestMethodWorker.java:125)
	at org.testng.internal.TestMethodWorker.run(TestMethodWorker.java:109)
	at org.testng.TestRunner.privateRun(TestRunner.java:648)
	at org.testng.TestRunner.run(TestRunner.java:505)
	at org.testng.SuiteRunner.runTest(SuiteRunner.java:455)
	at org.testng.SuiteRunner.runSequentially(SuiteRunner.java:450)
	at org.testng.SuiteRunner.privateRun(SuiteRunner.java:415)
	at org.testng.SuiteRunner.run(SuiteRunner.java:364)
	at org.testng.SuiteRunnerWorker.runSuite(SuiteRunnerWorker.java:52)
	at org.testng.SuiteRunnerWorker.run(SuiteRunnerWorker.java:84)
	at org.testng.TestNG.runSuitesSequentially(TestNG.java:1208)
	at org.testng.TestNG.runSuitesLocally(TestNG.java:1137)
	at org.testng.TestNG.runSuites(TestNG.java:1049)
	at org.testng.TestNG.run(TestNG.java:1017)
	at org.testng.remote.AbstractRemoteTestNG.run(AbstractRemoteTestNG.java:114)
	at org.testng.remote.RemoteTestNG.initAndRun(RemoteTestNG.java:251)
	at org.testng.remote.RemoteTestNG.main(RemoteTestNG.java:77)
</div></td></tr></table><p class="totop"><a href="#summary">back to summary</a></p>
<h3 id="m10">com.ghana.app.qa.testcases.HighCommissionPageApproveTest#verifyApplicationSentOpens</h3><table class="result"><tr><th>Messages</th></tr><tr><td><div class="messages">About to begin executing following method : HighCommissionPageApproveTest.verifyApplicationSentOpens<br/>Completed executing following method : HighCommissionPageApproveTest.verifyApplicationSentOpens</div></td></tr><tr><th>Exception</th></tr><tr><td><div class="stacktrace">org.openqa.selenium.NoSuchElementException: no such element: Unable to locate element: {&quot;method&quot;:&quot;xpath&quot;,&quot;selector&quot;:&quot;//label[contains(text(),&apos;This application is already sent to High Commsion&apos;)]&quot;}
  (Session info: chrome=74.0.3729.157)
  (Driver info: chromedriver=74.0.3729.6 (255758eccf3d244491b8a1317aa76e1ce10d57e9-refs/branch-heads/3729@{#29}),platform=Windows NT 6.3.9600 x86_64) (WARNING: The server did not provide any stacktrace information)
>>>>>>> d431cf34496f5e28fcc3fbc057b2d6c3c2319536
Command duration or timeout: 0 milliseconds
For documentation on this error, please visit: https://www.seleniumhq.org/exceptions/no_such_element.html
Build info: version: &apos;3.141.59&apos;, revision: &apos;e82be7d358&apos;, time: &apos;2018-11-14T08:17:03&apos;
System info: host: &apos;TORENZO&apos;, ip: &apos;192.168.1.21&apos;, os.name: &apos;Windows 8.1&apos;, os.arch: &apos;amd64&apos;, os.version: &apos;6.3&apos;, java.version: &apos;1.8.0_151&apos;
Driver info: org.openqa.selenium.chrome.ChromeDriver
<<<<<<< Updated upstream
<<<<<<< HEAD
Capabilities {acceptInsecureCerts: false, acceptSslCerts: false, applicationCacheEnabled: false, browserConnectionEnabled: false, browserName: chrome, chrome: {chromedriverVersion: 74.0.3729.6 (255758eccf3d24..., userDataDir: C:\Users\NIKHIL~1.SON\AppDa...}, cssSelectorsEnabled: true, databaseEnabled: false, goog:chromeOptions: {debuggerAddress: localhost:51092}, handlesAlerts: true, hasTouchScreen: false, javascriptEnabled: true, locationContextEnabled: true, mobileEmulationEnabled: false, nativeEvents: true, networkConnectionEnabled: false, pageLoadStrategy: normal, platform: XP, platformName: XP, proxy: Proxy(), rotatable: false, setWindowRect: true, strictFileInteractability: false, takesHeapSnapshot: true, takesScreenshot: true, timeouts: {implicit: 0, pageLoad: 300000, script: 30000}, unexpectedAlertBehaviour: ignore, unhandledPromptBehavior: ignore, version: 74.0.3729.157, webStorageEnabled: true}
Session ID: 80e69e24d37effa752d935c19a307ce3
*** Element info: {Using=xpath, value=//button[contains(text(),&apos;Partially/Filled Application&apos;)]}
=======
Capabilities {acceptInsecureCerts: false, acceptSslCerts: false, applicationCacheEnabled: false, browserConnectionEnabled: false, browserName: chrome, chrome: {chromedriverVersion: 74.0.3729.6 (255758eccf3d24..., userDataDir: C:\Users\TEJASH~1\AppData\L...}, cssSelectorsEnabled: true, databaseEnabled: false, goog:chromeOptions: {debuggerAddress: localhost:58030}, handlesAlerts: true, hasTouchScreen: false, javascriptEnabled: true, locationContextEnabled: true, mobileEmulationEnabled: false, nativeEvents: true, networkConnectionEnabled: false, pageLoadStrategy: normal, platform: XP, platformName: XP, proxy: Proxy(), rotatable: false, setWindowRect: true, strictFileInteractability: false, takesHeapSnapshot: true, takesScreenshot: true, timeouts: {implicit: 0, pageLoad: 300000, script: 30000}, unexpectedAlertBehaviour: ignore, unhandledPromptBehavior: ignore, version: 74.0.3729.157, webStorageEnabled: true}
Session ID: 7a83a82910c1b880c8c4716bba9aecfa
*** Element info: {Using=xpath, value=//div[@id=&apos;myModal&apos;]//h4[@class=&apos;modal-title&apos;][contains(text(),&apos;Confirmation&apos;)]}
>>>>>>> d431cf34496f5e28fcc3fbc057b2d6c3c2319536
	at sun.reflect.NativeConstructorAccessorImpl.newInstance0(Native Method)
	at sun.reflect.NativeConstructorAccessorImpl.newInstance(Unknown Source)
	at sun.reflect.DelegatingConstructorAccessorImpl.newInstance(Unknown Source)
	at java.lang.reflect.Constructor.newInstance(Unknown Source)
	at org.openqa.selenium.remote.ErrorHandler.createThrowable(ErrorHandler.java:214)
	at org.openqa.selenium.remote.ErrorHandler.throwIfResponseFailed(ErrorHandler.java:166)
<<<<<<< HEAD
	at org.openqa.selenium.remote.http.JsonHttpResponseCodec.reconstructValue(JsonHttpResponseCodec.java:40)
	at org.openqa.selenium.remote.http.AbstractHttpResponseCodec.decode(AbstractHttpResponseCodec.java:80)
	at org.openqa.selenium.remote.http.AbstractHttpResponseCodec.decode(AbstractHttpResponseCodec.java:44)
	at org.openqa.selenium.remote.HttpCommandExecutor.execute(HttpCommandExecutor.java:158)
	at org.openqa.selenium.remote.service.DriverCommandExecutor.execute(DriverCommandExecutor.java:83)
	at org.openqa.selenium.remote.RemoteWebDriver.execute(RemoteWebDriver.java:552)
	at org.openqa.selenium.remote.RemoteWebDriver.findElement(RemoteWebDriver.java:323)
	at org.openqa.selenium.remote.RemoteWebDriver.findElementByXPath(RemoteWebDriver.java:428)
	at org.openqa.selenium.By$ByXPath.findElement(By.java:353)
	at org.openqa.selenium.remote.RemoteWebDriver.findElement(RemoteWebDriver.java:315)
	at org.openqa.selenium.support.pagefactory.DefaultElementLocator.findElement(DefaultElementLocator.java:69)
	at org.openqa.selenium.support.pagefactory.internal.LocatingElementHandler.invoke(LocatingElementHandler.java:38)
	at com.sun.proxy.$Proxy9.click(Unknown Source)
	at com.ghana.app.qa.pages.PartiallyFilledApplicationPage.clickOnpartialFilledTab(PartiallyFilledApplicationPage.java:47)
	at com.ghana.app.qa.testcases.PartiallyFilledApplicatlionTest.AlreadySubmittedPartiallyFilledTest(PartiallyFilledApplicatlionTest.java:91)
	at sun.reflect.NativeMethodAccessorImpl.invoke0(Native Method)
	at sun.reflect.NativeMethodAccessorImpl.invoke(Unknown Source)
	at sun.reflect.DelegatingMethodAccessorImpl.invoke(Unknown Source)
	at java.lang.reflect.Method.invoke(Unknown Source)
	at org.testng.internal.MethodInvocationHelper.invokeMethod(MethodInvocationHelper.java:124)
	at org.testng.internal.Invoker.invokeMethod(Invoker.java:580)
	at org.testng.internal.Invoker.invokeTestMethod(Invoker.java:716)
	at org.testng.internal.Invoker.invokeTestMethods(Invoker.java:988)
	at org.testng.internal.TestMethodWorker.invokeTestMethods(TestMethodWorker.java:125)
	at org.testng.internal.TestMethodWorker.run(TestMethodWorker.java:109)
	at org.testng.TestRunner.privateRun(TestRunner.java:648)
	at org.testng.TestRunner.run(TestRunner.java:505)
	at org.testng.SuiteRunner.runTest(SuiteRunner.java:455)
	at org.testng.SuiteRunner.runSequentially(SuiteRunner.java:450)
	at org.testng.SuiteRunner.privateRun(SuiteRunner.java:415)
	at org.testng.SuiteRunner.run(SuiteRunner.java:364)
	at org.testng.SuiteRunnerWorker.runSuite(SuiteRunnerWorker.java:52)
	at org.testng.SuiteRunnerWorker.run(SuiteRunnerWorker.java:84)
	at org.testng.TestNG.runSuitesSequentially(TestNG.java:1208)
	at org.testng.TestNG.runSuitesLocally(TestNG.java:1137)
	at org.testng.TestNG.runSuites(TestNG.java:1049)
	at org.testng.TestNG.run(TestNG.java:1017)
	at org.testng.remote.AbstractRemoteTestNG.run(AbstractRemoteTestNG.java:114)
	at org.testng.remote.RemoteTestNG.initAndRun(RemoteTestNG.java:251)
	at org.testng.remote.RemoteTestNG.main(RemoteTestNG.java:77)
</div></td></tr></table><p class="totop"><a href="#summary">back to summary</a></p>
<h3 id="m1">com.ghana.app.qa.testcases.PartiallyFilledApplicatlionTest#PartiallyFilledTest</h3><table class="result"><tr><th>Messages</th></tr><tr><td><div class="messages">About to begin executing following method : PartiallyFilledApplicatlionTest.PartiallyFilledTest<br/>Completed executing following method : PartiallyFilledApplicatlionTest.PartiallyFilledTest</div></td></tr><tr><th>Exception</th></tr><tr><td><div class="stacktrace">org.openqa.selenium.NoSuchElementException: no such element: Unable to locate element: {&quot;method&quot;:&quot;xpath&quot;,&quot;selector&quot;:&quot;//div[@class=&apos;alert alert-danger alert-dismissible&apos;]&quot;}
  (Session info: chrome=74.0.3729.157)
  (Driver info: chromedriver=74.0.3729.6 (255758eccf3d244491b8a1317aa76e1ce10d57e9-refs/branch-heads/3729@{#29}),platform=Windows NT 6.1.7601 SP1 x86_64) (WARNING: The server did not provide any stacktrace information)
Command duration or timeout: 0 milliseconds
For documentation on this error, please visit: https://www.seleniumhq.org/exceptions/no_such_element.html
Build info: version: &apos;3.141.59&apos;, revision: &apos;e82be7d358&apos;, time: &apos;2018-11-14T08:17:03&apos;
System info: host: &apos;NAMET5&apos;, ip: &apos;192.168.56.1&apos;, os.name: &apos;Windows 7&apos;, os.arch: &apos;amd64&apos;, os.version: &apos;6.1&apos;, java.version: &apos;1.8.0_171&apos;
Driver info: org.openqa.selenium.chrome.ChromeDriver
Capabilities {acceptInsecureCerts: false, acceptSslCerts: false, applicationCacheEnabled: false, browserConnectionEnabled: false, browserName: chrome, chrome: {chromedriverVersion: 74.0.3729.6 (255758eccf3d24..., userDataDir: C:\Users\NIKHIL~1.SON\AppDa...}, cssSelectorsEnabled: true, databaseEnabled: false, goog:chromeOptions: {debuggerAddress: localhost:51092}, handlesAlerts: true, hasTouchScreen: false, javascriptEnabled: true, locationContextEnabled: true, mobileEmulationEnabled: false, nativeEvents: true, networkConnectionEnabled: false, pageLoadStrategy: normal, platform: XP, platformName: XP, proxy: Proxy(), rotatable: false, setWindowRect: true, strictFileInteractability: false, takesHeapSnapshot: true, takesScreenshot: true, timeouts: {implicit: 0, pageLoad: 300000, script: 30000}, unexpectedAlertBehaviour: ignore, unhandledPromptBehavior: ignore, version: 74.0.3729.157, webStorageEnabled: true}
Session ID: 80e69e24d37effa752d935c19a307ce3
*** Element info: {Using=xpath, value=//div[@class=&apos;alert alert-danger alert-dismissible&apos;]}
=======
Capabilities {acceptInsecureCerts: false, acceptSslCerts: false, applicationCacheEnabled: false, browserConnectionEnabled: false, browserName: chrome, chrome: {chromedriverVersion: 74.0.3729.6 (255758eccf3d24..., userDataDir: C:\Users\TEJASH~1\AppData\L...}, cssSelectorsEnabled: true, databaseEnabled: false, goog:chromeOptions: {debuggerAddress: localhost:53978}, handlesAlerts: true, hasTouchScreen: false, javascriptEnabled: true, locationContextEnabled: true, mobileEmulationEnabled: false, nativeEvents: true, networkConnectionEnabled: false, pageLoadStrategy: normal, platform: XP, platformName: XP, proxy: Proxy(), rotatable: false, setWindowRect: true, strictFileInteractability: false, takesHeapSnapshot: true, takesScreenshot: true, timeouts: {implicit: 0, pageLoad: 300000, script: 30000}, unexpectedAlertBehaviour: ignore, unhandledPromptBehavior: ignore, version: 74.0.3729.157, webStorageEnabled: true}
Session ID: 2bbe2e752b5c898ac71db9e32d5c9581
*** Element info: {Using=xpath, value=//label[contains(text(),&apos;This application is already sent to High Commsion&apos;)]}
>>>>>>> Stashed changes
	at sun.reflect.NativeConstructorAccessorImpl.newInstance0(Native Method)
	at sun.reflect.NativeConstructorAccessorImpl.newInstance(Unknown Source)
	at sun.reflect.DelegatingConstructorAccessorImpl.newInstance(Unknown Source)
	at java.lang.reflect.Constructor.newInstance(Unknown Source)
	at org.openqa.selenium.remote.ErrorHandler.createThrowable(ErrorHandler.java:214)
	at org.openqa.selenium.remote.ErrorHandler.throwIfResponseFailed(ErrorHandler.java:166)
=======
>>>>>>> d431cf34496f5e28fcc3fbc057b2d6c3c2319536
	at org.openqa.selenium.remote.http.JsonHttpResponseCodec.reconstructValue(JsonHttpResponseCodec.java:40)
	at org.openqa.selenium.remote.http.AbstractHttpResponseCodec.decode(AbstractHttpResponseCodec.java:80)
	at org.openqa.selenium.remote.http.AbstractHttpResponseCodec.decode(AbstractHttpResponseCodec.java:44)
	at org.openqa.selenium.remote.HttpCommandExecutor.execute(HttpCommandExecutor.java:158)
	at org.openqa.selenium.remote.service.DriverCommandExecutor.execute(DriverCommandExecutor.java:83)
	at org.openqa.selenium.remote.RemoteWebDriver.execute(RemoteWebDriver.java:552)
	at org.openqa.selenium.remote.RemoteWebDriver.findElement(RemoteWebDriver.java:323)
	at org.openqa.selenium.remote.RemoteWebDriver.findElementByXPath(RemoteWebDriver.java:428)
	at org.openqa.selenium.By$ByXPath.findElement(By.java:353)
	at org.openqa.selenium.remote.RemoteWebDriver.findElement(RemoteWebDriver.java:315)
	at org.openqa.selenium.support.pagefactory.DefaultElementLocator.findElement(DefaultElementLocator.java:69)
	at org.openqa.selenium.support.pagefactory.internal.LocatingElementHandler.invoke(LocatingElementHandler.java:38)
	at com.sun.proxy.$Proxy9.getText(Unknown Source)
<<<<<<< Updated upstream
<<<<<<< HEAD
	at com.ghana.app.qa.pages.PartiallyFilledApplicationPage.getErrorMessage(PartiallyFilledApplicationPage.java:73)
	at com.ghana.app.qa.testcases.PartiallyFilledApplicatlionTest.PartiallyFilledTest(PartiallyFilledApplicatlionTest.java:110)
=======
	at com.ghana.app.qa.pages.ConsulatedashBoardPage.confirmationPop2ApplicationSentToFlag(ConsulatedashBoardPage.java:234)
	at com.ghana.app.qa.testcases.ConsulatePageFlagTest.verifyApplicaInRejectApplicationBucket(ConsulatePageFlagTest.java:193)
>>>>>>> d431cf34496f5e28fcc3fbc057b2d6c3c2319536
=======
	at com.ghana.app.qa.pages.ConsulatedashBoardPage.textFromPop1PopApplicationSentToHCD(ConsulatedashBoardPage.java:222)
	at com.ghana.app.qa.testcases.HighCommissionPageApproveTest.verifyApplicationSentOpens(HighCommissionPageApproveTest.java:371)
	at sun.reflect.NativeMethodAccessorImpl.invoke0(Native Method)
	at sun.reflect.NativeMethodAccessorImpl.invoke(Unknown Source)
	at sun.reflect.DelegatingMethodAccessorImpl.invoke(Unknown Source)
	at java.lang.reflect.Method.invoke(Unknown Source)
	at org.testng.internal.MethodInvocationHelper.invokeMethod(MethodInvocationHelper.java:124)
	at org.testng.internal.Invoker.invokeMethod(Invoker.java:580)
	at org.testng.internal.Invoker.invokeTestMethod(Invoker.java:716)
	at org.testng.internal.Invoker.invokeTestMethods(Invoker.java:988)
	at org.testng.internal.TestMethodWorker.invokeTestMethods(TestMethodWorker.java:125)
	at org.testng.internal.TestMethodWorker.run(TestMethodWorker.java:109)
	at org.testng.TestRunner.privateRun(TestRunner.java:648)
	at org.testng.TestRunner.run(TestRunner.java:505)
	at org.testng.SuiteRunner.runTest(SuiteRunner.java:455)
	at org.testng.SuiteRunner.runSequentially(SuiteRunner.java:450)
	at org.testng.SuiteRunner.privateRun(SuiteRunner.java:415)
	at org.testng.SuiteRunner.run(SuiteRunner.java:364)
	at org.testng.SuiteRunnerWorker.runSuite(SuiteRunnerWorker.java:52)
	at org.testng.SuiteRunnerWorker.run(SuiteRunnerWorker.java:84)
	at org.testng.TestNG.runSuitesSequentially(TestNG.java:1208)
	at org.testng.TestNG.runSuitesLocally(TestNG.java:1137)
	at org.testng.TestNG.runSuites(TestNG.java:1049)
	at org.testng.TestNG.run(TestNG.java:1017)
	at org.testng.remote.AbstractRemoteTestNG.run(AbstractRemoteTestNG.java:114)
	at org.testng.remote.RemoteTestNG.initAndRun(RemoteTestNG.java:251)
	at org.testng.remote.RemoteTestNG.main(RemoteTestNG.java:77)
</div></td></tr></table><p class="totop"><a href="#summary">back to summary</a></p>
<h3 id="m11">com.ghana.app.qa.testcases.HighCommissionPageApproveTest#verifyApproveBucktInCN</h3><table class="result"><tr><th>Messages</th></tr><tr><td><div class="messages">About to begin executing following method : HighCommissionPageApproveTest.verifyApproveBucktInCN<br/>Completed executing following method : HighCommissionPageApproveTest.verifyApproveBucktInCN</div></td></tr><tr><th>Exception</th></tr><tr><td><div class="stacktrace">org.openqa.selenium.NoSuchElementException: no such element: Unable to locate element: {&quot;method&quot;:&quot;xpath&quot;,&quot;selector&quot;:&quot;//input[@value=&apos;Approve&apos;]&quot;}
  (Session info: chrome=74.0.3729.157)
  (Driver info: chromedriver=74.0.3729.6 (255758eccf3d244491b8a1317aa76e1ce10d57e9-refs/branch-heads/3729@{#29}),platform=Windows NT 6.3.9600 x86_64) (WARNING: The server did not provide any stacktrace information)
Command duration or timeout: 0 milliseconds
For documentation on this error, please visit: https://www.seleniumhq.org/exceptions/no_such_element.html
Build info: version: &apos;3.141.59&apos;, revision: &apos;e82be7d358&apos;, time: &apos;2018-11-14T08:17:03&apos;
System info: host: &apos;TORENZO&apos;, ip: &apos;192.168.1.21&apos;, os.name: &apos;Windows 8.1&apos;, os.arch: &apos;amd64&apos;, os.version: &apos;6.3&apos;, java.version: &apos;1.8.0_151&apos;
Driver info: org.openqa.selenium.chrome.ChromeDriver
Capabilities {acceptInsecureCerts: false, acceptSslCerts: false, applicationCacheEnabled: false, browserConnectionEnabled: false, browserName: chrome, chrome: {chromedriverVersion: 74.0.3729.6 (255758eccf3d24..., userDataDir: C:\Users\TEJASH~1\AppData\L...}, cssSelectorsEnabled: true, databaseEnabled: false, goog:chromeOptions: {debuggerAddress: localhost:53978}, handlesAlerts: true, hasTouchScreen: false, javascriptEnabled: true, locationContextEnabled: true, mobileEmulationEnabled: false, nativeEvents: true, networkConnectionEnabled: false, pageLoadStrategy: normal, platform: XP, platformName: XP, proxy: Proxy(), rotatable: false, setWindowRect: true, strictFileInteractability: false, takesHeapSnapshot: true, takesScreenshot: true, timeouts: {implicit: 0, pageLoad: 300000, script: 30000}, unexpectedAlertBehaviour: ignore, unhandledPromptBehavior: ignore, version: 74.0.3729.157, webStorageEnabled: true}
Session ID: 2bbe2e752b5c898ac71db9e32d5c9581
*** Element info: {Using=xpath, value=//input[@value=&apos;Approve&apos;]}
	at sun.reflect.NativeConstructorAccessorImpl.newInstance0(Native Method)
	at sun.reflect.NativeConstructorAccessorImpl.newInstance(Unknown Source)
	at sun.reflect.DelegatingConstructorAccessorImpl.newInstance(Unknown Source)
	at java.lang.reflect.Constructor.newInstance(Unknown Source)
	at org.openqa.selenium.remote.ErrorHandler.createThrowable(ErrorHandler.java:214)
	at org.openqa.selenium.remote.ErrorHandler.throwIfResponseFailed(ErrorHandler.java:166)
	at org.openqa.selenium.remote.http.JsonHttpResponseCodec.reconstructValue(JsonHttpResponseCodec.java:40)
	at org.openqa.selenium.remote.http.AbstractHttpResponseCodec.decode(AbstractHttpResponseCodec.java:80)
	at org.openqa.selenium.remote.http.AbstractHttpResponseCodec.decode(AbstractHttpResponseCodec.java:44)
	at org.openqa.selenium.remote.HttpCommandExecutor.execute(HttpCommandExecutor.java:158)
	at org.openqa.selenium.remote.service.DriverCommandExecutor.execute(DriverCommandExecutor.java:83)
	at org.openqa.selenium.remote.RemoteWebDriver.execute(RemoteWebDriver.java:552)
	at org.openqa.selenium.remote.RemoteWebDriver.findElement(RemoteWebDriver.java:323)
	at org.openqa.selenium.remote.RemoteWebDriver.findElementByXPath(RemoteWebDriver.java:428)
	at org.openqa.selenium.By$ByXPath.findElement(By.java:353)
	at org.openqa.selenium.remote.RemoteWebDriver.findElement(RemoteWebDriver.java:315)
	at org.openqa.selenium.support.pagefactory.DefaultElementLocator.findElement(DefaultElementLocator.java:69)
	at org.openqa.selenium.support.pagefactory.internal.LocatingElementHandler.invoke(LocatingElementHandler.java:38)
	at com.sun.proxy.$Proxy9.getAttribute(Unknown Source)
	at com.ghana.app.qa.pages.HCDDocumentVerificationPage.getTextconfirmFromApproveHCD(HCDDocumentVerificationPage.java:426)
	at com.ghana.app.qa.testcases.HighCommissionPageApproveTest.verifyApproveBucktInCN(HighCommissionPageApproveTest.java:416)
	at sun.reflect.NativeMethodAccessorImpl.invoke0(Native Method)
	at sun.reflect.NativeMethodAccessorImpl.invoke(Unknown Source)
	at sun.reflect.DelegatingMethodAccessorImpl.invoke(Unknown Source)
	at java.lang.reflect.Method.invoke(Unknown Source)
	at org.testng.internal.MethodInvocationHelper.invokeMethod(MethodInvocationHelper.java:124)
	at org.testng.internal.Invoker.invokeMethod(Invoker.java:580)
	at org.testng.internal.Invoker.invokeTestMethod(Invoker.java:716)
	at org.testng.internal.Invoker.invokeTestMethods(Invoker.java:988)
	at org.testng.internal.TestMethodWorker.invokeTestMethods(TestMethodWorker.java:125)
	at org.testng.internal.TestMethodWorker.run(TestMethodWorker.java:109)
	at org.testng.TestRunner.privateRun(TestRunner.java:648)
	at org.testng.TestRunner.run(TestRunner.java:505)
	at org.testng.SuiteRunner.runTest(SuiteRunner.java:455)
	at org.testng.SuiteRunner.runSequentially(SuiteRunner.java:450)
	at org.testng.SuiteRunner.privateRun(SuiteRunner.java:415)
	at org.testng.SuiteRunner.run(SuiteRunner.java:364)
	at org.testng.SuiteRunnerWorker.runSuite(SuiteRunnerWorker.java:52)
	at org.testng.SuiteRunnerWorker.run(SuiteRunnerWorker.java:84)
	at org.testng.TestNG.runSuitesSequentially(TestNG.java:1208)
	at org.testng.TestNG.runSuitesLocally(TestNG.java:1137)
	at org.testng.TestNG.runSuites(TestNG.java:1049)
	at org.testng.TestNG.run(TestNG.java:1017)
	at org.testng.remote.AbstractRemoteTestNG.run(AbstractRemoteTestNG.java:114)
	at org.testng.remote.RemoteTestNG.initAndRun(RemoteTestNG.java:251)
	at org.testng.remote.RemoteTestNG.main(RemoteTestNG.java:77)
</div></td></tr></table><p class="totop"><a href="#summary">back to summary</a></p>
<h3 id="m12">com.ghana.app.qa.testcases.HighCommissionPageApproveTest#verifyApprovedApplicaIsInApproveBucketHCD</h3><table class="result"><tr><th>Messages</th></tr><tr><td><div class="messages">About to begin executing following method : HighCommissionPageApproveTest.verifyApprovedApplicaIsInApproveBucketHCD<br/>Completed executing following method : HighCommissionPageApproveTest.verifyApprovedApplicaIsInApproveBucketHCD</div></td></tr><tr><th>Exception</th></tr><tr><td><div class="stacktrace">org.openqa.selenium.NoSuchElementException: no such element: Unable to locate element: {&quot;method&quot;:&quot;xpath&quot;,&quot;selector&quot;:&quot;//input[@value=&apos;Approve&apos;]&quot;}
  (Session info: chrome=74.0.3729.157)
  (Driver info: chromedriver=74.0.3729.6 (255758eccf3d244491b8a1317aa76e1ce10d57e9-refs/branch-heads/3729@{#29}),platform=Windows NT 6.3.9600 x86_64) (WARNING: The server did not provide any stacktrace information)
Command duration or timeout: 0 milliseconds
For documentation on this error, please visit: https://www.seleniumhq.org/exceptions/no_such_element.html
Build info: version: &apos;3.141.59&apos;, revision: &apos;e82be7d358&apos;, time: &apos;2018-11-14T08:17:03&apos;
System info: host: &apos;TORENZO&apos;, ip: &apos;192.168.1.21&apos;, os.name: &apos;Windows 8.1&apos;, os.arch: &apos;amd64&apos;, os.version: &apos;6.3&apos;, java.version: &apos;1.8.0_151&apos;
Driver info: org.openqa.selenium.chrome.ChromeDriver
Capabilities {acceptInsecureCerts: false, acceptSslCerts: false, applicationCacheEnabled: false, browserConnectionEnabled: false, browserName: chrome, chrome: {chromedriverVersion: 74.0.3729.6 (255758eccf3d24..., userDataDir: C:\Users\TEJASH~1\AppData\L...}, cssSelectorsEnabled: true, databaseEnabled: false, goog:chromeOptions: {debuggerAddress: localhost:53978}, handlesAlerts: true, hasTouchScreen: false, javascriptEnabled: true, locationContextEnabled: true, mobileEmulationEnabled: false, nativeEvents: true, networkConnectionEnabled: false, pageLoadStrategy: normal, platform: XP, platformName: XP, proxy: Proxy(), rotatable: false, setWindowRect: true, strictFileInteractability: false, takesHeapSnapshot: true, takesScreenshot: true, timeouts: {implicit: 0, pageLoad: 300000, script: 30000}, unexpectedAlertBehaviour: ignore, unhandledPromptBehavior: ignore, version: 74.0.3729.157, webStorageEnabled: true}
Session ID: 2bbe2e752b5c898ac71db9e32d5c9581
*** Element info: {Using=xpath, value=//input[@value=&apos;Approve&apos;]}
	at sun.reflect.NativeConstructorAccessorImpl.newInstance0(Native Method)
	at sun.reflect.NativeConstructorAccessorImpl.newInstance(Unknown Source)
	at sun.reflect.DelegatingConstructorAccessorImpl.newInstance(Unknown Source)
	at java.lang.reflect.Constructor.newInstance(Unknown Source)
	at org.openqa.selenium.remote.ErrorHandler.createThrowable(ErrorHandler.java:214)
	at org.openqa.selenium.remote.ErrorHandler.throwIfResponseFailed(ErrorHandler.java:166)
	at org.openqa.selenium.remote.http.JsonHttpResponseCodec.reconstructValue(JsonHttpResponseCodec.java:40)
	at org.openqa.selenium.remote.http.AbstractHttpResponseCodec.decode(AbstractHttpResponseCodec.java:80)
	at org.openqa.selenium.remote.http.AbstractHttpResponseCodec.decode(AbstractHttpResponseCodec.java:44)
	at org.openqa.selenium.remote.HttpCommandExecutor.execute(HttpCommandExecutor.java:158)
	at org.openqa.selenium.remote.service.DriverCommandExecutor.execute(DriverCommandExecutor.java:83)
	at org.openqa.selenium.remote.RemoteWebDriver.execute(RemoteWebDriver.java:552)
	at org.openqa.selenium.remote.RemoteWebDriver.findElement(RemoteWebDriver.java:323)
	at org.openqa.selenium.remote.RemoteWebDriver.findElementByXPath(RemoteWebDriver.java:428)
	at org.openqa.selenium.By$ByXPath.findElement(By.java:353)
	at org.openqa.selenium.remote.RemoteWebDriver.findElement(RemoteWebDriver.java:315)
	at org.openqa.selenium.support.pagefactory.DefaultElementLocator.findElement(DefaultElementLocator.java:69)
	at org.openqa.selenium.support.pagefactory.internal.LocatingElementHandler.invoke(LocatingElementHandler.java:38)
	at com.sun.proxy.$Proxy9.getAttribute(Unknown Source)
	at com.ghana.app.qa.pages.HCDDocumentVerificationPage.getTextconfirmFromApproveHCD(HCDDocumentVerificationPage.java:426)
	at com.ghana.app.qa.testcases.HighCommissionPageApproveTest.verifyApprovedApplicaIsInApproveBucketHCD(HighCommissionPageApproveTest.java:354)
	at sun.reflect.NativeMethodAccessorImpl.invoke0(Native Method)
	at sun.reflect.NativeMethodAccessorImpl.invoke(Unknown Source)
	at sun.reflect.DelegatingMethodAccessorImpl.invoke(Unknown Source)
	at java.lang.reflect.Method.invoke(Unknown Source)
	at org.testng.internal.MethodInvocationHelper.invokeMethod(MethodInvocationHelper.java:124)
	at org.testng.internal.Invoker.invokeMethod(Invoker.java:580)
	at org.testng.internal.Invoker.invokeTestMethod(Invoker.java:716)
	at org.testng.internal.Invoker.invokeTestMethods(Invoker.java:988)
	at org.testng.internal.TestMethodWorker.invokeTestMethods(TestMethodWorker.java:125)
	at org.testng.internal.TestMethodWorker.run(TestMethodWorker.java:109)
	at org.testng.TestRunner.privateRun(TestRunner.java:648)
	at org.testng.TestRunner.run(TestRunner.java:505)
	at org.testng.SuiteRunner.runTest(SuiteRunner.java:455)
	at org.testng.SuiteRunner.runSequentially(SuiteRunner.java:450)
	at org.testng.SuiteRunner.privateRun(SuiteRunner.java:415)
	at org.testng.SuiteRunner.run(SuiteRunner.java:364)
	at org.testng.SuiteRunnerWorker.runSuite(SuiteRunnerWorker.java:52)
	at org.testng.SuiteRunnerWorker.run(SuiteRunnerWorker.java:84)
	at org.testng.TestNG.runSuitesSequentially(TestNG.java:1208)
	at org.testng.TestNG.runSuitesLocally(TestNG.java:1137)
	at org.testng.TestNG.runSuites(TestNG.java:1049)
	at org.testng.TestNG.run(TestNG.java:1017)
	at org.testng.remote.AbstractRemoteTestNG.run(AbstractRemoteTestNG.java:114)
	at org.testng.remote.RemoteTestNG.initAndRun(RemoteTestNG.java:251)
	at org.testng.remote.RemoteTestNG.main(RemoteTestNG.java:77)
</div></td></tr></table><p class="totop"><a href="#summary">back to summary</a></p>
<h3 id="m13">com.ghana.app.qa.testcases.HighCommissionPageApproveTest#verifyCanceAndCrossButton</h3><table class="result"><tr><th>Messages</th></tr><tr><td><div class="messages">About to begin executing following method : HighCommissionPageApproveTest.verifyCanceAndCrossButton<br/>Completed executing following method : HighCommissionPageApproveTest.verifyCanceAndCrossButton</div></td></tr><tr><th>Exception</th></tr><tr><td><div class="stacktrace">java.lang.AssertionError: The following asserts failed:
	Provided and Get Landmark are not matched 2 expected [77436 Fairview Trail, Sekondi-Takoradi,Kumasi,Ashanti[4],Ghana,GA015] but found [77436 Fairview Trail, Sekondi-Takoradi],
	Confirmation popup is not displayed upon clicking on Application which is sent to Approve Bucket expected [Confirmation] but found []
	at org.testng.asserts.SoftAssert.assertAll(SoftAssert.java:43)
	at com.ghana.app.qa.testcases.HighCommissionPageApproveTest.verifyCanceAndCrossButton(HighCommissionPageApproveTest.java:397)
>>>>>>> Stashed changes
	at sun.reflect.NativeMethodAccessorImpl.invoke0(Native Method)
	at sun.reflect.NativeMethodAccessorImpl.invoke(Unknown Source)
	at sun.reflect.DelegatingMethodAccessorImpl.invoke(Unknown Source)
	at java.lang.reflect.Method.invoke(Unknown Source)
	at org.testng.internal.MethodInvocationHelper.invokeMethod(MethodInvocationHelper.java:124)
	at org.testng.internal.Invoker.invokeMethod(Invoker.java:580)
	at org.testng.internal.Invoker.invokeTestMethod(Invoker.java:716)
	at org.testng.internal.Invoker.invokeTestMethods(Invoker.java:988)
	at org.testng.internal.TestMethodWorker.invokeTestMethods(TestMethodWorker.java:125)
	at org.testng.internal.TestMethodWorker.run(TestMethodWorker.java:109)
	at org.testng.TestRunner.privateRun(TestRunner.java:648)
	at org.testng.TestRunner.run(TestRunner.java:505)
	at org.testng.SuiteRunner.runTest(SuiteRunner.java:455)
	at org.testng.SuiteRunner.runSequentially(SuiteRunner.java:450)
	at org.testng.SuiteRunner.privateRun(SuiteRunner.java:415)
	at org.testng.SuiteRunner.run(SuiteRunner.java:364)
	at org.testng.SuiteRunnerWorker.runSuite(SuiteRunnerWorker.java:52)
	at org.testng.SuiteRunnerWorker.run(SuiteRunnerWorker.java:84)
	at org.testng.TestNG.runSuitesSequentially(TestNG.java:1208)
	at org.testng.TestNG.runSuitesLocally(TestNG.java:1137)
	at org.testng.TestNG.runSuites(TestNG.java:1049)
	at org.testng.TestNG.run(TestNG.java:1017)
	at org.testng.remote.AbstractRemoteTestNG.run(AbstractRemoteTestNG.java:114)
	at org.testng.remote.RemoteTestNG.initAndRun(RemoteTestNG.java:251)
	at org.testng.remote.RemoteTestNG.main(RemoteTestNG.java:77)
</div></td></tr></table><p class="totop"><a href="#summary">back to summary</a></p>
<<<<<<< Updated upstream
<<<<<<< HEAD
<h3 id="m2">com.ghana.app.qa.testcases.PartiallyFilledApplicatlionTest#NegativePartiallyFilledTest</h3><table class="result"><tr><th>Messages</th></tr><tr><td><div class="messages">About to begin executing following method : PartiallyFilledApplicatlionTest.NegativePartiallyFilledTest<br/>Completed executing following method : PartiallyFilledApplicatlionTest.NegativePartiallyFilledTest</div></td></tr></table><p class="totop"><a href="#summary">back to summary</a></p>
<h3 id="m3">com.ghana.app.qa.testcases.PartiallyFilledApplicatlionTest#PartiallyFilledAppliTest</h3><table class="result"><tr><th>Messages</th></tr><tr><td><div class="messages">About to begin executing following method : PartiallyFilledApplicatlionTest.PartiallyFilledAppliTest<br/>Completed executing following method : PartiallyFilledApplicatlionTest.PartiallyFilledAppliTest</div></td></tr></table><p class="totop"><a href="#summary">back to summary</a></p>
<h3 id="m4">com.ghana.app.qa.testcases.PartiallyFilledApplicatlionTest#clickOnGenderTest</h3><table class="result"><tr><th>Messages</th></tr><tr><td><div class="messages">About to begin executing following method : PersonalInfoPageTest.clickOnGenderTest<br/>Completed executing following method : PersonalInfoPageTest.clickOnGenderTest</div></td></tr></table><p class="totop"><a href="#summary">back to summary</a></p>
<h3 id="m5">com.ghana.app.qa.testcases.PartiallyFilledApplicatlionTest#fillSignUpFormTest</h3><table class="result"><tr><th>Messages</th></tr><tr><td><div class="messages">About to begin executing following method : PersonalInfoPageTest.fillSignUpFormTest<br/>Completed executing following method : PersonalInfoPageTest.fillSignUpFormTest</div></td></tr></table><p class="totop"><a href="#summary">back to summary</a></p>
<h3 id="m6">com.ghana.app.qa.testcases.PartiallyFilledApplicatlionTest#getApplicationIdTest</h3><table class="result"><tr><th>Messages</th></tr><tr><td><div class="messages">About to begin executing following method : PersonalInfoPageTest.getApplicationIdTest<br/>Completed executing following method : PersonalInfoPageTest.getApplicationIdTest</div></td></tr></table><p class="totop"><a href="#summary">back to summary</a></p>
<h3 id="m7">com.ghana.app.qa.testcases.PartiallyFilledApplicatlionTest#getApplicationPageTitleTest</h3><table class="result"><tr><th>Messages</th></tr><tr><td><div class="messages">About to begin executing following method : PersonalInfoPageTest.getApplicationPageTitleTest<br/>Completed executing following method : PersonalInfoPageTest.getApplicationPageTitleTest</div></td></tr></table><p class="totop"><a href="#summary">back to summary</a></p>
<h3 id="m8">com.ghana.app.qa.testcases.PartiallyFilledApplicatlionTest#passFirstNameTest</h3><table class="result"><tr><th>Messages</th></tr><tr><td><div class="messages">About to begin executing following method : PersonalInfoPageTest.passFirstNameTest<br/>Completed executing following method : PersonalInfoPageTest.passFirstNameTest</div></td></tr></table><p class="totop"><a href="#summary">back to summary</a></p>
<h3 id="m9">com.ghana.app.qa.testcases.PartiallyFilledApplicatlionTest#passLastNameTest</h3><table class="result"><tr><th>Messages</th></tr><tr><td><div class="messages">About to begin executing following method : PersonalInfoPageTest.passLastNameTest<br/>Completed executing following method : PersonalInfoPageTest.passLastNameTest</div></td></tr></table><p class="totop"><a href="#summary">back to summary</a></p>
<h3 id="m10">com.ghana.app.qa.testcases.PartiallyFilledApplicatlionTest#passMiddleNameTest</h3><table class="result"><tr><th>Messages</th></tr><tr><td><div class="messages">About to begin executing following method : PersonalInfoPageTest.passMiddleNameTest<br/>Completed executing following method : PersonalInfoPageTest.passMiddleNameTest</div></td></tr></table><p class="totop"><a href="#summary">back to summary</a></p>
<h3 id="m11">com.ghana.app.qa.testcases.PartiallyFilledApplicatlionTest#passPassportNumberTest</h3><table class="result"><tr><th>Messages</th></tr><tr><td><div class="messages">About to begin executing following method : PersonalInfoPageTest.passPassportNumberTest<br/>Completed executing following method : PersonalInfoPageTest.passPassportNumberTest</div></td></tr></table><p class="totop"><a href="#summary">back to summary</a></p>
<h3 id="m12">com.ghana.app.qa.testcases.PartiallyFilledApplicatlionTest#passPlaceOfBirthTest</h3><table class="result"><tr><th>Messages</th></tr><tr><td><div class="messages">About to begin executing following method : PersonalInfoPageTest.passPlaceOfBirthTest<br/>Completed executing following method : PersonalInfoPageTest.passPlaceOfBirthTest</div></td></tr></table><p class="totop"><a href="#summary">back to summary</a></p>
<h3 id="m13">com.ghana.app.qa.testcases.PartiallyFilledApplicatlionTest#selectPassExpiryDateTest</h3><table class="result"><tr><th>Messages</th></tr><tr><td><div class="messages">About to begin executing following method : PersonalInfoPageTest.selectPassExpiryDateTest<br/>Completed executing following method : PersonalInfoPageTest.selectPassExpiryDateTest</div></td></tr></table><p class="totop"><a href="#summary">back to summary</a></p>
<h3 id="m14">com.ghana.app.qa.testcases.PartiallyFilledApplicatlionTest#selectPassIssueDateTest</h3><table class="result"><tr><th>Messages</th></tr><tr><td><div class="messages">About to begin executing following method : PersonalInfoPageTest.selectPassIssueDateTest<br/>Completed executing following method : PersonalInfoPageTest.selectPassIssueDateTest</div></td></tr></table><p class="totop"><a href="#summary">back to summary</a></p>
<h3 id="m15">com.ghana.app.qa.testcases.PartiallyFilledApplicatlionTest#verifyPersonalInfoTest</h3><table class="result"><tr><th>Messages</th></tr><tr><td><div class="messages">About to begin executing following method : PersonalInfoPageTest.verifyPersonalInfoTest<br/>Completed executing following method : PersonalInfoPageTest.verifyPersonalInfoTest</div></td></tr></table><p class="totop"><a href="#summary">back to summary</a></p>
=======
<h3 id="m1">com.ghana.app.qa.testcases.ConsulatePageFlagTest#clickOnNewApplicationCN</h3><table class="result"><tr><th>Messages</th></tr><tr><td><div class="messages">About to begin executing following method : ConsulatePageFlagTest.clickOnNewApplicationCN<br/>Completed executing following method : ConsulatePageFlagTest.clickOnNewApplicationCN</div></td></tr></table><p class="totop"><a href="#summary">back to summary</a></p>
<h3 id="m2">com.ghana.app.qa.testcases.ConsulatePageFlagTest#clickOnRejectAndVerifyPopText2CN</h3><table class="result"><tr><th>Messages</th></tr><tr><td><div class="messages">About to begin executing following method : ConsulatePageFlagTest.clickOnRejectAndVerifyPopText2CN<br/>Completed executing following method : ConsulatePageFlagTest.clickOnRejectAndVerifyPopText2CN</div></td></tr></table><p class="totop"><a href="#summary">back to summary</a></p>
<h3 id="m3">com.ghana.app.qa.testcases.ConsulatePageFlagTest#loginIntoConsulate</h3><table class="result"><tr><th>Messages</th></tr><tr><td><div class="messages">About to begin executing following method : ConsulatePageFlagTest.loginIntoConsulate<br/>Completed executing following method : ConsulatePageFlagTest.loginIntoConsulate</div></td></tr></table><p class="totop"><a href="#summary">back to summary</a></p>
<h3 id="m4">com.ghana.app.qa.testcases.ConsulatePageFlagTest#signUpAndPayment</h3><table class="result"><tr><th>Messages</th></tr><tr><td><div class="messages">About to begin executing following method : ConsulatePageFlagTest.signUpAndPayment<br/>Completed executing following method : ConsulatePageFlagTest.signUpAndPayment</div></td></tr></table><p class="totop"><a href="#summary">back to summary</a></p>
<h3 id="m5">com.ghana.app.qa.testcases.ConsulatePageFlagTest#verfiyTitleOfCNDocumentVerificatonPageCN</h3><table class="result"><tr><th>Messages</th></tr><tr><td><div class="messages">About to begin executing following method : ConsulatePageFlagTest.verfiyTitleOfCNDocumentVerificatonPageCN<br/>Completed executing following method : ConsulatePageFlagTest.verfiyTitleOfCNDocumentVerificatonPageCN</div></td></tr></table><p class="totop"><a href="#summary">back to summary</a></p>
<h3 id="m6">com.ghana.app.qa.testcases.ConsulatePageFlagTest#verifyApplicationSentToRejectBucketOpens</h3><table class="result"><tr><th>Messages</th></tr><tr><td><div class="messages">About to begin executing following method : ConsulatePageFlagTest.verifyApplicationSentToRejectBucketOpens<br/>Completed executing following method : ConsulatePageFlagTest.verifyApplicationSentToRejectBucketOpens</div></td></tr></table><p class="totop"><a href="#summary">back to summary</a></p>
<h3 id="m7">com.ghana.app.qa.testcases.ConsulatePageFlagTest#verifyCanceAndCrossButton</h3><table class="result"><tr><th>Messages</th></tr><tr><td><div class="messages">About to begin executing following method : ConsulatePageFlagTest.verifyCanceAndCrossButton<br/>Completed executing following method : ConsulatePageFlagTest.verifyCanceAndCrossButton</div></td></tr></table><p class="totop"><a href="#summary">back to summary</a></p>
<h3 id="m8">com.ghana.app.qa.testcases.ConsulatePageFlagTest#verifyTitleOfConsulateTitle</h3><table class="result"><tr><th>Messages</th></tr><tr><td><div class="messages">About to begin executing following method : ConsulatePageFlagTest.verifyTitleOfConsulateTitle<br/>Completed executing following method : ConsulatePageFlagTest.verifyTitleOfConsulateTitle</div></td></tr></table><p class="totop"><a href="#summary">back to summary</a></p>
>>>>>>> d431cf34496f5e28fcc3fbc057b2d6c3c2319536
=======
<h3 id="m14">com.ghana.app.qa.testcases.HighCommissionPageApproveTest#clickOnNewApplication</h3><table class="result"><tr><th>Messages</th></tr><tr><td><div class="messages">About to begin executing following method : HighCommissionPageApproveTest.clickOnNewApplication<br/>Completed executing following method : HighCommissionPageApproveTest.clickOnNewApplication</div></td></tr></table><p class="totop"><a href="#summary">back to summary</a></p>
<h3 id="m15">com.ghana.app.qa.testcases.HighCommissionPageApproveTest#getApproveFromCN</h3><table class="result"><tr><th>Messages</th></tr><tr><td><div class="messages">About to begin executing following method : HighCommissionPageApproveTest.getApproveFromCN<br/>Completed executing following method : HighCommissionPageApproveTest.getApproveFromCN</div></td></tr></table><p class="totop"><a href="#summary">back to summary</a></p>
<h3 id="m16">com.ghana.app.qa.testcases.HighCommissionPageApproveTest#getTextFromAddressInformation</h3><table class="result"><tr><th>Messages</th></tr><tr><td><div class="messages">About to begin executing following method : HighCommissionPageApproveTest.getTextFromAddressInformation<br/>Completed executing following method : HighCommissionPageApproveTest.getTextFromAddressInformation</div></td></tr></table><p class="totop"><a href="#summary">back to summary</a></p>
<h3 id="m17">com.ghana.app.qa.testcases.HighCommissionPageApproveTest#getTextFromApplicantInformation</h3><table class="result"><tr><th>Messages</th></tr><tr><td><div class="messages">About to begin executing following method : HighCommissionPageApproveTest.getTextFromApplicantInformation<br/>Completed executing following method : HighCommissionPageApproveTest.getTextFromApplicantInformation</div></td></tr></table><p class="totop"><a href="#summary">back to summary</a></p>
<h3 id="m18">com.ghana.app.qa.testcases.HighCommissionPageApproveTest#loginIntoConsulate</h3><table class="result"><tr><th>Messages</th></tr><tr><td><div class="messages">About to begin executing following method : HighCommissionPageApproveTest.loginIntoConsulate<br/>Completed executing following method : HighCommissionPageApproveTest.loginIntoConsulate</div></td></tr></table><p class="totop"><a href="#summary">back to summary</a></p>
<h3 id="m19">com.ghana.app.qa.testcases.HighCommissionPageApproveTest#loginIntoHighCommission</h3><table class="result"><tr><th>Messages</th></tr><tr><td><div class="messages">About to begin executing following method : HighCommissionPageApproveTest.loginIntoHighCommission<br/>Completed executing following method : HighCommissionPageApproveTest.loginIntoHighCommission</div></td></tr></table><p class="totop"><a href="#summary">back to summary</a></p>
<h3 id="m20">com.ghana.app.qa.testcases.HighCommissionPageApproveTest#signUpAndPayment</h3><table class="result"><tr><th>Messages</th></tr><tr><td><div class="messages">About to begin executing following method : HighCommissionPageApproveTest.signUpAndPayment<br/>Completed executing following method : HighCommissionPageApproveTest.signUpAndPayment</div></td></tr></table><p class="totop"><a href="#summary">back to summary</a></p>
<h3 id="m21">com.ghana.app.qa.testcases.HighCommissionPageApproveTest#verifHighCommissionPageTitle</h3><table class="result"><tr><th>Messages</th></tr><tr><td><div class="messages">About to begin executing following method : HighCommissionPageApproveTest.verifHighCommissionPageTitle<br/>Completed executing following method : HighCommissionPageApproveTest.verifHighCommissionPageTitle</div></td></tr></table><p class="totop"><a href="#summary">back to summary</a></p>
>>>>>>> Stashed changes
</body>
</html>
