<html>
<head>
<title>TestNG:  TorenzoTest</title>
<link href="../testng.css" rel="stylesheet" type="text/css" />
<link href="../my-testng.css" rel="stylesheet" type="text/css" />

<style type="text/css">
.log { display: none;} 
.stack-trace { display: none;} 
</style>
<script type="text/javascript">
<!--
function flip(e) {
  current = e.style.display;
  if (current == 'block') {
    e.style.display = 'none';
    return 0;
  }
  else {
    e.style.display = 'block';
    return 1;
  }
}

function toggleBox(szDivId, elem, msg1, msg2)
{
  var res = -1;  if (document.getElementById) {
    res = flip(document.getElementById(szDivId));
  }
  else if (document.all) {
    // this is the way old msie versions work
    res = flip(document.all[szDivId]);
  }
  if(elem) {
    if(res == 0) elem.innerHTML = msg1; else elem.innerHTML = msg2;
  }

}

function toggleAllBoxes() {
  if (document.getElementsByTagName) {
    d = document.getElementsByTagName('div');
    for (i = 0; i < d.length; i++) {
      if (d[i].className == 'log') {
        flip(d[i]);
      }
    }
  }
}

// -->
</script>

</head>
<body>
<h2 align='center'>TorenzoTest</h2><table border='1' align="center">
<tr>
<td>Tests passed/Failed/Skipped:</td><td>59/4/0</td>
</tr><tr>
<td>Started on:</td><td>Fri Apr 26 17:27:41 IST 2019</td>
</tr>
<tr><td>Total time:</td><td>834 seconds (834033 ms)</td>
</tr><tr>
<td>Included groups:</td><td></td>
</tr><tr>
<td>Excluded groups:</td><td></td>
</tr>
</table><p/>
<small><i>(Hover the method name to see the test class name)</i></small><p/>
<table width='100%' border='1' class='invocation-failed'>
<tr><td colspan='4' align='center'><b>FAILED TESTS</b></td></tr>
<tr><td><b>Test method</b></td>
<td width="30%"><b>Exception</b></td>
<td width="10%"><b>Time (seconds)</b></td>
<td><b>Instance</b></td>
</tr>
<tr>
<td title='com.ghana.app.qa.testcases.AddressInfoPageTest.SaveAndContinueFromPersonalInfoTest()'><b>SaveAndContinueFromPersonalInfoTest</b><br>Test class: com.ghana.app.qa.testcases.AddressInfoPageTest</td>
<td><div><pre>java.lang.AssertionError: The following asserts failed:
	it is not navigate to address info page expected [Address Information] but found []
	at com.ghana.app.qa.testcases.AddressInfoPageTest.SaveAndContinueFromPersonalInfoTest(AddressInfoPageTest.java:79)
... Removed 26 stack frames</pre></div><a href='#' onClick='toggleBox("stack-trace417167207", this, "Click to show all stack frames", "Click to hide stack frames")'>Click to show all stack frames</a>
<div class='stack-trace' id='stack-trace417167207'><pre>java.lang.AssertionError: The following asserts failed:
	it is not navigate to address info page expected [Address Information] but found []
	at org.testng.asserts.SoftAssert.assertAll(SoftAssert.java:43)
	at com.ghana.app.qa.testcases.AddressInfoPageTest.SaveAndContinueFromPersonalInfoTest(AddressInfoPageTest.java:79)
	at sun.reflect.NativeMethodAccessorImpl.invoke0(Native Method)
	at sun.reflect.NativeMethodAccessorImpl.invoke(Unknown Source)
	at sun.reflect.DelegatingMethodAccessorImpl.invoke(Unknown Source)
	at java.lang.reflect.Method.invoke(Unknown Source)
	at org.testng.internal.MethodInvocationHelper.invokeMethod(MethodInvocationHelper.java:124)
	at org.testng.internal.Invoker.invokeMethod(Invoker.java:580)
	at org.testng.internal.Invoker.invokeTestMethod(Invoker.java:716)
	at org.testng.internal.Invoker.invokeTestMethods(Invoker.java:988)
	at org.testng.internal.TestMethodWorker.invokeTestMethods(TestMethodWorker.java:125)
	at org.testng.internal.TestMethodWorker.run(TestMethodWorker.java:109)
	at org.testng.TestRunner.privateRun(TestRunner.java:648)
	at org.testng.TestRunner.run(TestRunner.java:505)
	at org.testng.SuiteRunner.runTest(SuiteRunner.java:455)
	at org.testng.SuiteRunner.runSequentially(SuiteRunner.java:450)
	at org.testng.SuiteRunner.privateRun(SuiteRunner.java:415)
	at org.testng.SuiteRunner.run(SuiteRunner.java:364)
	at org.testng.SuiteRunnerWorker.runSuite(SuiteRunnerWorker.java:52)
	at org.testng.SuiteRunnerWorker.run(SuiteRunnerWorker.java:84)
	at org.testng.TestNG.runSuitesSequentially(TestNG.java:1208)
	at org.testng.TestNG.runSuitesLocally(TestNG.java:1137)
	at org.testng.TestNG.runSuites(TestNG.java:1049)
	at org.testng.TestNG.run(TestNG.java:1017)
	at org.testng.remote.AbstractRemoteTestNG.run(AbstractRemoteTestNG.java:114)
	at org.testng.remote.RemoteTestNG.initAndRun(RemoteTestNG.java:251)
	at org.testng.remote.RemoteTestNG.main(RemoteTestNG.java:77)
</pre></div></td>
<td>4</td>
<td>com.ghana.app.qa.testcases.AddressInfoPageTest@3578436e</td></tr>
<tr>
<td title='com.ghana.app.qa.testcases.AddressInfoPageTest.filladdressInfoTest()'><b>filladdressInfoTest</b><br>Test class: com.ghana.app.qa.testcases.AddressInfoPageTest</td>
<td><div><pre>org.openqa.selenium.ElementNotInteractableException: element not interactable
  (Session info: chrome=74.0.3729.108)
  (Driver info: chromedriver=74.0.3729.6 (255758eccf3d244491b8a1317aa76e1ce10d57e9-refs/branch-heads/3729@{#29}),platform=Windows NT 10.0.17134 x86_64) (WARNING: The server did not provide any stacktrace information)
Command duration or timeout: 0 milliseconds
Build info: version: &apos;3.141.59&apos;, revision: &apos;e82be7d358&apos;, time: &apos;2018-11-14T08:17:03&apos;
System info: host: &apos;DESKTOP-A3DICO7&apos;, ip: &apos;169.254.89.74&apos;, os.name: &apos;Windows 10&apos;, os.arch: &apos;amd64&apos;, os.version: &apos;10.0&apos;, java.version: &apos;1.8.0_131&apos;
Driver info: org.openqa.selenium.chrome.ChromeDriver
Capabilities {acceptInsecureCerts: false, acceptSslCerts: false, applicationCacheEnabled: false, browserConnectionEnabled: false, browserName: chrome, chrome: {chromedriverVersion: 74.0.3729.6 (255758eccf3d24..., userDataDir: C:\Users\Sachin\AppData\Loc...}, cssSelectorsEnabled: true, databaseEnabled: false, goog:chromeOptions: {debuggerAddress: localhost:60265}, handlesAlerts: true, hasTouchScreen: false, javascriptEnabled: true, locationContextEnabled: true, mobileEmulationEnabled: false, nativeEvents: true, networkConnectionEnabled: false, pageLoadStrategy: normal, platform: XP, platformName: XP, proxy: Proxy(), rotatable: false, setWindowRect: true, strictFileInteractability: false, takesHeapSnapshot: true, takesScreenshot: true, timeouts: {implicit: 0, pageLoad: 300000, script: 30000}, unexpectedAlertBehaviour: ignore, unhandledPromptBehavior: ignore, version: 74.0.3729.108, webStorageEnabled: true}
Session ID: 1ab74b66cad4e9af7ba72741cf6c987d
	at org.openqa.selenium.remote.ErrorHandler.createThrowable(ErrorHandler.java:214)
	at org.openqa.selenium.remote.ErrorHandler.throwIfResponseFailed(ErrorHandler.java:166)
	at org.openqa.selenium.remote.http.JsonHttpResponseCodec.reconstructValue(JsonHttpResponseCodec.java:40)
	at org.openqa.selenium.remote.http.AbstractHttpResponseCodec.decode(AbstractHttpResponseCodec.java:80)
	at org.openqa.selenium.remote.http.AbstractHttpResponseCodec.decode(AbstractHttpResponseCodec.java:44)
	at org.openqa.selenium.remote.HttpCommandExecutor.execute(HttpCommandExecutor.java:158)
	at org.openqa.selenium.remote.service.DriverCommandExecutor.execute(DriverCommandExecutor.java:83)
	at org.openqa.selenium.remote.RemoteWebDriver.execute(RemoteWebDriver.java:552)
	at org.openqa.selenium.remote.RemoteWebElement.execute(RemoteWebElement.java:285)
	at org.openqa.selenium.remote.RemoteWebElement.sendKeys(RemoteWebElement.java:106)
	at org.openqa.selenium.support.pagefactory.internal.LocatingElementHandler.invoke(LocatingElementHandler.java:51)
	at com.sun.proxy.$Proxy9.sendKeys(Unknown Source)
	at com.ghana.app.qa.pages.AddressInfoPage.PassAddressInfofield(AddressInfoPage.java:88)
	at com.ghana.app.qa.testcases.AddressInfoPageTest.filladdressInfoTest(AddressInfoPageTest.java:91)
... Removed 32 stack frames</pre></div><a href='#' onClick='toggleBox("stack-trace942649169", this, "Click to show all stack frames", "Click to hide stack frames")'>Click to show all stack frames</a>
<div class='stack-trace' id='stack-trace942649169'><pre>org.openqa.selenium.ElementNotInteractableException: element not interactable
  (Session info: chrome=74.0.3729.108)
  (Driver info: chromedriver=74.0.3729.6 (255758eccf3d244491b8a1317aa76e1ce10d57e9-refs/branch-heads/3729@{#29}),platform=Windows NT 10.0.17134 x86_64) (WARNING: The server did not provide any stacktrace information)
Command duration or timeout: 0 milliseconds
Build info: version: &apos;3.141.59&apos;, revision: &apos;e82be7d358&apos;, time: &apos;2018-11-14T08:17:03&apos;
System info: host: &apos;DESKTOP-A3DICO7&apos;, ip: &apos;169.254.89.74&apos;, os.name: &apos;Windows 10&apos;, os.arch: &apos;amd64&apos;, os.version: &apos;10.0&apos;, java.version: &apos;1.8.0_131&apos;
Driver info: org.openqa.selenium.chrome.ChromeDriver
Capabilities {acceptInsecureCerts: false, acceptSslCerts: false, applicationCacheEnabled: false, browserConnectionEnabled: false, browserName: chrome, chrome: {chromedriverVersion: 74.0.3729.6 (255758eccf3d24..., userDataDir: C:\Users\Sachin\AppData\Loc...}, cssSelectorsEnabled: true, databaseEnabled: false, goog:chromeOptions: {debuggerAddress: localhost:60265}, handlesAlerts: true, hasTouchScreen: false, javascriptEnabled: true, locationContextEnabled: true, mobileEmulationEnabled: false, nativeEvents: true, networkConnectionEnabled: false, pageLoadStrategy: normal, platform: XP, platformName: XP, proxy: Proxy(), rotatable: false, setWindowRect: true, strictFileInteractability: false, takesHeapSnapshot: true, takesScreenshot: true, timeouts: {implicit: 0, pageLoad: 300000, script: 30000}, unexpectedAlertBehaviour: ignore, unhandledPromptBehavior: ignore, version: 74.0.3729.108, webStorageEnabled: true}
Session ID: 1ab74b66cad4e9af7ba72741cf6c987d
	at sun.reflect.NativeConstructorAccessorImpl.newInstance0(Native Method)
	at sun.reflect.NativeConstructorAccessorImpl.newInstance(Unknown Source)
	at sun.reflect.DelegatingConstructorAccessorImpl.newInstance(Unknown Source)
	at java.lang.reflect.Constructor.newInstance(Unknown Source)
	at org.openqa.selenium.remote.ErrorHandler.createThrowable(ErrorHandler.java:214)
	at org.openqa.selenium.remote.ErrorHandler.throwIfResponseFailed(ErrorHandler.java:166)
	at org.openqa.selenium.remote.http.JsonHttpResponseCodec.reconstructValue(JsonHttpResponseCodec.java:40)
	at org.openqa.selenium.remote.http.AbstractHttpResponseCodec.decode(AbstractHttpResponseCodec.java:80)
	at org.openqa.selenium.remote.http.AbstractHttpResponseCodec.decode(AbstractHttpResponseCodec.java:44)
	at org.openqa.selenium.remote.HttpCommandExecutor.execute(HttpCommandExecutor.java:158)
	at org.openqa.selenium.remote.service.DriverCommandExecutor.execute(DriverCommandExecutor.java:83)
	at org.openqa.selenium.remote.RemoteWebDriver.execute(RemoteWebDriver.java:552)
	at org.openqa.selenium.remote.RemoteWebElement.execute(RemoteWebElement.java:285)
	at org.openqa.selenium.remote.RemoteWebElement.sendKeys(RemoteWebElement.java:106)
	at sun.reflect.GeneratedMethodAccessor3.invoke(Unknown Source)
	at sun.reflect.DelegatingMethodAccessorImpl.invoke(Unknown Source)
	at java.lang.reflect.Method.invoke(Unknown Source)
	at org.openqa.selenium.support.pagefactory.internal.LocatingElementHandler.invoke(LocatingElementHandler.java:51)
	at com.sun.proxy.$Proxy9.sendKeys(Unknown Source)
	at com.ghana.app.qa.pages.AddressInfoPage.PassAddressInfofield(AddressInfoPage.java:88)
	at com.ghana.app.qa.testcases.AddressInfoPageTest.filladdressInfoTest(AddressInfoPageTest.java:91)
	at sun.reflect.NativeMethodAccessorImpl.invoke0(Native Method)
	at sun.reflect.NativeMethodAccessorImpl.invoke(Unknown Source)
	at sun.reflect.DelegatingMethodAccessorImpl.invoke(Unknown Source)
	at java.lang.reflect.Method.invoke(Unknown Source)
	at org.testng.internal.MethodInvocationHelper.invokeMethod(MethodInvocationHelper.java:124)
	at org.testng.internal.Invoker.invokeMethod(Invoker.java:580)
	at org.testng.internal.Invoker.invokeTestMethod(Invoker.java:716)
	at org.testng.internal.Invoker.invokeTestMethods(Invoker.java:988)
	at org.testng.internal.TestMethodWorker.invokeTestMethods(TestMethodWorker.java:125)
	at org.testng.internal.TestMethodWorker.run(TestMethodWorker.java:109)
	at org.testng.TestRunner.privateRun(TestRunner.java:648)
	at org.testng.TestRunner.run(TestRunner.java:505)
	at org.testng.SuiteRunner.runTest(SuiteRunner.java:455)
	at org.testng.SuiteRunner.runSequentially(SuiteRunner.java:450)
	at org.testng.SuiteRunner.privateRun(SuiteRunner.java:415)
	at org.testng.SuiteRunner.run(SuiteRunner.java:364)
	at org.testng.SuiteRunnerWorker.runSuite(SuiteRunnerWorker.java:52)
	at org.testng.SuiteRunnerWorker.run(SuiteRunnerWorker.java:84)
	at org.testng.TestNG.runSuitesSequentially(TestNG.java:1208)
	at org.testng.TestNG.runSuitesLocally(TestNG.java:1137)
	at org.testng.TestNG.runSuites(TestNG.java:1049)
	at org.testng.TestNG.run(TestNG.java:1017)
	at org.testng.remote.AbstractRemoteTestNG.run(AbstractRemoteTestNG.java:114)
	at org.testng.remote.RemoteTestNG.initAndRun(RemoteTestNG.java:251)
	at org.testng.remote.RemoteTestNG.main(RemoteTestNG.java:77)
</pre></div></td>
<td>120</td>
<td>com.ghana.app.qa.testcases.AddressInfoPageTest@3578436e</td></tr>
<tr>
<td title='com.ghana.app.qa.testcases.AddressInfoPageTest.selectFormerNationalityTest()'><b>selectFormerNationalityTest</b><br>Test class: com.ghana.app.qa.testcases.AddressInfoPageTest</td>
<td><div><pre>org.openqa.selenium.ElementNotVisibleException: element not interactable
  (Session info: chrome=74.0.3729.108)
  (Driver info: chromedriver=74.0.3729.6 (255758eccf3d244491b8a1317aa76e1ce10d57e9-refs/branch-heads/3729@{#29}),platform=Windows NT 10.0.17134 x86_64) (WARNING: The server did not provide any stacktrace information)
Command duration or timeout: 0 milliseconds
Build info: version: &apos;3.141.59&apos;, revision: &apos;e82be7d358&apos;, time: &apos;2018-11-14T08:17:03&apos;
System info: host: &apos;DESKTOP-A3DICO7&apos;, ip: &apos;169.254.89.74&apos;, os.name: &apos;Windows 10&apos;, os.arch: &apos;amd64&apos;, os.version: &apos;10.0&apos;, java.version: &apos;1.8.0_131&apos;
Driver info: org.openqa.selenium.chrome.ChromeDriver
Capabilities {acceptInsecureCerts: false, acceptSslCerts: false, applicationCacheEnabled: false, browserConnectionEnabled: false, browserName: chrome, chrome: {chromedriverVersion: 74.0.3729.6 (255758eccf3d24..., userDataDir: C:\Users\Sachin\AppData\Loc...}, cssSelectorsEnabled: true, databaseEnabled: false, goog:chromeOptions: {debuggerAddress: localhost:60265}, handlesAlerts: true, hasTouchScreen: false, javascriptEnabled: true, locationContextEnabled: true, mobileEmulationEnabled: false, nativeEvents: true, networkConnectionEnabled: false, pageLoadStrategy: normal, platform: XP, platformName: XP, proxy: Proxy(), rotatable: false, setWindowRect: true, strictFileInteractability: false, takesHeapSnapshot: true, takesScreenshot: true, timeouts: {implicit: 0, pageLoad: 300000, script: 30000}, unexpectedAlertBehaviour: ignore, unhandledPromptBehavior: ignore, version: 74.0.3729.108, webStorageEnabled: true}
Session ID: 1ab74b66cad4e9af7ba72741cf6c987d
	at org.openqa.selenium.remote.ErrorHandler.createThrowable(ErrorHandler.java:214)
	at org.openqa.selenium.remote.ErrorHandler.throwIfResponseFailed(ErrorHandler.java:166)
	at org.openqa.selenium.remote.http.JsonHttpResponseCodec.reconstructValue(JsonHttpResponseCodec.java:40)
	at org.openqa.selenium.remote.http.AbstractHttpResponseCodec.decode(AbstractHttpResponseCodec.java:80)
	at org.openqa.selenium.remote.http.AbstractHttpResponseCodec.decode(AbstractHttpResponseCodec.java:44)
	at org.openqa.selenium.remote.HttpCommandExecutor.execute(HttpCommandExecutor.java:158)
	at org.openqa.selenium.remote.service.DriverCommandExecutor.execute(DriverCommandExecutor.java:83)
	at org.openqa.selenium.remote.RemoteWebDriver.execute(RemoteWebDriver.java:552)
	at org.openqa.selenium.remote.RemoteWebElement.execute(RemoteWebElement.java:285)
	at org.openqa.selenium.remote.RemoteWebElement.click(RemoteWebElement.java:84)
	at com.ghana.app.qa.pages.AddressInfoPage.selectFormerNaitonality(AddressInfoPage.java:75)
	at com.ghana.app.qa.testcases.AddressInfoPageTest.selectFormerNationalityTest(AddressInfoPageTest.java:86)
... Removed 29 stack frames</pre></div><a href='#' onClick='toggleBox("stack-trace1263567729", this, "Click to show all stack frames", "Click to hide stack frames")'>Click to show all stack frames</a>
<div class='stack-trace' id='stack-trace1263567729'><pre>org.openqa.selenium.ElementNotVisibleException: element not interactable
  (Session info: chrome=74.0.3729.108)
  (Driver info: chromedriver=74.0.3729.6 (255758eccf3d244491b8a1317aa76e1ce10d57e9-refs/branch-heads/3729@{#29}),platform=Windows NT 10.0.17134 x86_64) (WARNING: The server did not provide any stacktrace information)
Command duration or timeout: 0 milliseconds
Build info: version: &apos;3.141.59&apos;, revision: &apos;e82be7d358&apos;, time: &apos;2018-11-14T08:17:03&apos;
System info: host: &apos;DESKTOP-A3DICO7&apos;, ip: &apos;169.254.89.74&apos;, os.name: &apos;Windows 10&apos;, os.arch: &apos;amd64&apos;, os.version: &apos;10.0&apos;, java.version: &apos;1.8.0_131&apos;
Driver info: org.openqa.selenium.chrome.ChromeDriver
Capabilities {acceptInsecureCerts: false, acceptSslCerts: false, applicationCacheEnabled: false, browserConnectionEnabled: false, browserName: chrome, chrome: {chromedriverVersion: 74.0.3729.6 (255758eccf3d24..., userDataDir: C:\Users\Sachin\AppData\Loc...}, cssSelectorsEnabled: true, databaseEnabled: false, goog:chromeOptions: {debuggerAddress: localhost:60265}, handlesAlerts: true, hasTouchScreen: false, javascriptEnabled: true, locationContextEnabled: true, mobileEmulationEnabled: false, nativeEvents: true, networkConnectionEnabled: false, pageLoadStrategy: normal, platform: XP, platformName: XP, proxy: Proxy(), rotatable: false, setWindowRect: true, strictFileInteractability: false, takesHeapSnapshot: true, takesScreenshot: true, timeouts: {implicit: 0, pageLoad: 300000, script: 30000}, unexpectedAlertBehaviour: ignore, unhandledPromptBehavior: ignore, version: 74.0.3729.108, webStorageEnabled: true}
Session ID: 1ab74b66cad4e9af7ba72741cf6c987d
	at sun.reflect.NativeConstructorAccessorImpl.newInstance0(Native Method)
	at sun.reflect.NativeConstructorAccessorImpl.newInstance(Unknown Source)
	at sun.reflect.DelegatingConstructorAccessorImpl.newInstance(Unknown Source)
	at java.lang.reflect.Constructor.newInstance(Unknown Source)
	at org.openqa.selenium.remote.ErrorHandler.createThrowable(ErrorHandler.java:214)
	at org.openqa.selenium.remote.ErrorHandler.throwIfResponseFailed(ErrorHandler.java:166)
	at org.openqa.selenium.remote.http.JsonHttpResponseCodec.reconstructValue(JsonHttpResponseCodec.java:40)
	at org.openqa.selenium.remote.http.AbstractHttpResponseCodec.decode(AbstractHttpResponseCodec.java:80)
	at org.openqa.selenium.remote.http.AbstractHttpResponseCodec.decode(AbstractHttpResponseCodec.java:44)
	at org.openqa.selenium.remote.HttpCommandExecutor.execute(HttpCommandExecutor.java:158)
	at org.openqa.selenium.remote.service.DriverCommandExecutor.execute(DriverCommandExecutor.java:83)
	at org.openqa.selenium.remote.RemoteWebDriver.execute(RemoteWebDriver.java:552)
	at org.openqa.selenium.remote.RemoteWebElement.execute(RemoteWebElement.java:285)
	at org.openqa.selenium.remote.RemoteWebElement.click(RemoteWebElement.java:84)
	at com.ghana.app.qa.pages.AddressInfoPage.selectFormerNaitonality(AddressInfoPage.java:75)
	at com.ghana.app.qa.testcases.AddressInfoPageTest.selectFormerNationalityTest(AddressInfoPageTest.java:86)
	at sun.reflect.NativeMethodAccessorImpl.invoke0(Native Method)
	at sun.reflect.NativeMethodAccessorImpl.invoke(Unknown Source)
	at sun.reflect.DelegatingMethodAccessorImpl.invoke(Unknown Source)
	at java.lang.reflect.Method.invoke(Unknown Source)
	at org.testng.internal.MethodInvocationHelper.invokeMethod(MethodInvocationHelper.java:124)
	at org.testng.internal.Invoker.invokeMethod(Invoker.java:580)
	at org.testng.internal.Invoker.invokeTestMethod(Invoker.java:716)
	at org.testng.internal.Invoker.invokeTestMethods(Invoker.java:988)
	at org.testng.internal.TestMethodWorker.invokeTestMethods(TestMethodWorker.java:125)
	at org.testng.internal.TestMethodWorker.run(TestMethodWorker.java:109)
	at org.testng.TestRunner.privateRun(TestRunner.java:648)
	at org.testng.TestRunner.run(TestRunner.java:505)
	at org.testng.SuiteRunner.runTest(SuiteRunner.java:455)
	at org.testng.SuiteRunner.runSequentially(SuiteRunner.java:450)
	at org.testng.SuiteRunner.privateRun(SuiteRunner.java:415)
	at org.testng.SuiteRunner.run(SuiteRunner.java:364)
	at org.testng.SuiteRunnerWorker.runSuite(SuiteRunnerWorker.java:52)
	at org.testng.SuiteRunnerWorker.run(SuiteRunnerWorker.java:84)
	at org.testng.TestNG.runSuitesSequentially(TestNG.java:1208)
	at org.testng.TestNG.runSuitesLocally(TestNG.java:1137)
	at org.testng.TestNG.runSuites(TestNG.java:1049)
	at org.testng.TestNG.run(TestNG.java:1017)
	at org.testng.remote.AbstractRemoteTestNG.run(AbstractRemoteTestNG.java:114)
	at org.testng.remote.RemoteTestNG.initAndRun(RemoteTestNG.java:251)
	at org.testng.remote.RemoteTestNG.main(RemoteTestNG.java:77)
</pre></div></td>
<td>120</td>
<td>com.ghana.app.qa.testcases.AddressInfoPageTest@3578436e</td></tr>
<tr>
<td title='com.ghana.app.qa.testcases.VisaPaymentPageTest.verifyClickOnSubmitBtnTest()'><b>verifyClickOnSubmitBtnTest</b><br>Test class: com.ghana.app.qa.testcases.VisaPaymentPageTest<br>Test method: Here verifying confirmation message and click on ok btn </td>
<td><div><pre>org.openqa.selenium.NoSuchElementException: no such element: Unable to locate element: {&quot;method&quot;:&quot;xpath&quot;,&quot;selector&quot;:&quot;//input[@name=&apos;creditCardNumber&apos;]&quot;}
  (Session info: chrome=74.0.3729.108)
  (Driver info: chromedriver=74.0.3729.6 (255758eccf3d244491b8a1317aa76e1ce10d57e9-refs/branch-heads/3729@{#29}),platform=Windows NT 10.0.17134 x86_64) (WARNING: The server did not provide any stacktrace information)
Command duration or timeout: 0 milliseconds
For documentation on this error, please visit: https://www.seleniumhq.org/exceptions/no_such_element.html
Build info: version: &apos;3.141.59&apos;, revision: &apos;e82be7d358&apos;, time: &apos;2018-11-14T08:17:03&apos;
System info: host: &apos;DESKTOP-A3DICO7&apos;, ip: &apos;169.254.89.74&apos;, os.name: &apos;Windows 10&apos;, os.arch: &apos;amd64&apos;, os.version: &apos;10.0&apos;, java.version: &apos;1.8.0_131&apos;
Driver info: org.openqa.selenium.chrome.ChromeDriver
Capabilities {acceptInsecureCerts: false, acceptSslCerts: false, applicationCacheEnabled: false, browserConnectionEnabled: false, browserName: chrome, chrome: {chromedriverVersion: 74.0.3729.6 (255758eccf3d24..., userDataDir: C:\Users\Sachin\AppData\Loc...}, cssSelectorsEnabled: true, databaseEnabled: false, goog:chromeOptions: {debuggerAddress: localhost:60986}, handlesAlerts: true, hasTouchScreen: false, javascriptEnabled: true, locationContextEnabled: true, mobileEmulationEnabled: false, nativeEvents: true, networkConnectionEnabled: false, pageLoadStrategy: normal, platform: XP, platformName: XP, proxy: Proxy(), rotatable: false, setWindowRect: true, strictFileInteractability: false, takesHeapSnapshot: true, takesScreenshot: true, timeouts: {implicit: 0, pageLoad: 300000, script: 30000}, unexpectedAlertBehaviour: ignore, unhandledPromptBehavior: ignore, version: 74.0.3729.108, webStorageEnabled: true}
Session ID: 1164bcf83bb4c2da4e1d36f4fd86c941
*** Element info: {Using=xpath, value=//input[@name=&apos;creditCardNumber&apos;]}
	at org.openqa.selenium.remote.ErrorHandler.createThrowable(ErrorHandler.java:214)
	at org.openqa.selenium.remote.ErrorHandler.throwIfResponseFailed(ErrorHandler.java:166)
	at org.openqa.selenium.remote.http.JsonHttpResponseCodec.reconstructValue(JsonHttpResponseCodec.java:40)
	at org.openqa.selenium.remote.http.AbstractHttpResponseCodec.decode(AbstractHttpResponseCodec.java:80)
	at org.openqa.selenium.remote.http.AbstractHttpResponseCodec.decode(AbstractHttpResponseCodec.java:44)
	at org.openqa.selenium.remote.HttpCommandExecutor.execute(HttpCommandExecutor.java:158)
	at org.openqa.selenium.remote.service.DriverCommandExecutor.execute(DriverCommandExecutor.java:83)
	at org.openqa.selenium.remote.RemoteWebDriver.execute(RemoteWebDriver.java:552)
	at org.openqa.selenium.remote.RemoteWebDriver.findElement(RemoteWebDriver.java:323)
	at org.openqa.selenium.remote.RemoteWebDriver.findElementByXPath(RemoteWebDriver.java:428)
	at org.openqa.selenium.By$ByXPath.findElement(By.java:353)
	at org.openqa.selenium.remote.RemoteWebDriver.findElement(RemoteWebDriver.java:315)
	at org.openqa.selenium.support.pagefactory.DefaultElementLocator.findElement(DefaultElementLocator.java:69)
	at org.openqa.selenium.support.pagefactory.internal.LocatingElementHandler.invoke(LocatingElementHandler.java:38)
	at com.sun.proxy.$Proxy9.sendKeys(Unknown Source)
	at com.ghana.app.qa.pages.VisaPaymentPage.passCardNo(VisaPaymentPage.java:74)
	at com.ghana.app.qa.testcases.VisaPaymentPageTest.verifyClickOnSubmitBtnTest(VisaPaymentPageTest.java:120)
... Removed 29 stack frames</pre></div><a href='#' onClick='toggleBox("stack-trace564697484", this, "Click to show all stack frames", "Click to hide stack frames")'>Click to show all stack frames</a>
<div class='stack-trace' id='stack-trace564697484'><pre>org.openqa.selenium.NoSuchElementException: no such element: Unable to locate element: {&quot;method&quot;:&quot;xpath&quot;,&quot;selector&quot;:&quot;//input[@name=&apos;creditCardNumber&apos;]&quot;}
  (Session info: chrome=74.0.3729.108)
  (Driver info: chromedriver=74.0.3729.6 (255758eccf3d244491b8a1317aa76e1ce10d57e9-refs/branch-heads/3729@{#29}),platform=Windows NT 10.0.17134 x86_64) (WARNING: The server did not provide any stacktrace information)
Command duration or timeout: 0 milliseconds
For documentation on this error, please visit: https://www.seleniumhq.org/exceptions/no_such_element.html
Build info: version: &apos;3.141.59&apos;, revision: &apos;e82be7d358&apos;, time: &apos;2018-11-14T08:17:03&apos;
System info: host: &apos;DESKTOP-A3DICO7&apos;, ip: &apos;169.254.89.74&apos;, os.name: &apos;Windows 10&apos;, os.arch: &apos;amd64&apos;, os.version: &apos;10.0&apos;, java.version: &apos;1.8.0_131&apos;
Driver info: org.openqa.selenium.chrome.ChromeDriver
Capabilities {acceptInsecureCerts: false, acceptSslCerts: false, applicationCacheEnabled: false, browserConnectionEnabled: false, browserName: chrome, chrome: {chromedriverVersion: 74.0.3729.6 (255758eccf3d24..., userDataDir: C:\Users\Sachin\AppData\Loc...}, cssSelectorsEnabled: true, databaseEnabled: false, goog:chromeOptions: {debuggerAddress: localhost:60986}, handlesAlerts: true, hasTouchScreen: false, javascriptEnabled: true, locationContextEnabled: true, mobileEmulationEnabled: false, nativeEvents: true, networkConnectionEnabled: false, pageLoadStrategy: normal, platform: XP, platformName: XP, proxy: Proxy(), rotatable: false, setWindowRect: true, strictFileInteractability: false, takesHeapSnapshot: true, takesScreenshot: true, timeouts: {implicit: 0, pageLoad: 300000, script: 30000}, unexpectedAlertBehaviour: ignore, unhandledPromptBehavior: ignore, version: 74.0.3729.108, webStorageEnabled: true}
Session ID: 1164bcf83bb4c2da4e1d36f4fd86c941
*** Element info: {Using=xpath, value=//input[@name=&apos;creditCardNumber&apos;]}
	at sun.reflect.NativeConstructorAccessorImpl.newInstance0(Native Method)
	at sun.reflect.NativeConstructorAccessorImpl.newInstance(Unknown Source)
	at sun.reflect.DelegatingConstructorAccessorImpl.newInstance(Unknown Source)
	at java.lang.reflect.Constructor.newInstance(Unknown Source)
	at org.openqa.selenium.remote.ErrorHandler.createThrowable(ErrorHandler.java:214)
	at org.openqa.selenium.remote.ErrorHandler.throwIfResponseFailed(ErrorHandler.java:166)
	at org.openqa.selenium.remote.http.JsonHttpResponseCodec.reconstructValue(JsonHttpResponseCodec.java:40)
	at org.openqa.selenium.remote.http.AbstractHttpResponseCodec.decode(AbstractHttpResponseCodec.java:80)
	at org.openqa.selenium.remote.http.AbstractHttpResponseCodec.decode(AbstractHttpResponseCodec.java:44)
	at org.openqa.selenium.remote.HttpCommandExecutor.execute(HttpCommandExecutor.java:158)
	at org.openqa.selenium.remote.service.DriverCommandExecutor.execute(DriverCommandExecutor.java:83)
	at org.openqa.selenium.remote.RemoteWebDriver.execute(RemoteWebDriver.java:552)
	at org.openqa.selenium.remote.RemoteWebDriver.findElement(RemoteWebDriver.java:323)
	at org.openqa.selenium.remote.RemoteWebDriver.findElementByXPath(RemoteWebDriver.java:428)
	at org.openqa.selenium.By$ByXPath.findElement(By.java:353)
	at org.openqa.selenium.remote.RemoteWebDriver.findElement(RemoteWebDriver.java:315)
	at org.openqa.selenium.support.pagefactory.DefaultElementLocator.findElement(DefaultElementLocator.java:69)
	at org.openqa.selenium.support.pagefactory.internal.LocatingElementHandler.invoke(LocatingElementHandler.java:38)
	at com.sun.proxy.$Proxy9.sendKeys(Unknown Source)
	at com.ghana.app.qa.pages.VisaPaymentPage.passCardNo(VisaPaymentPage.java:74)
	at com.ghana.app.qa.testcases.VisaPaymentPageTest.verifyClickOnSubmitBtnTest(VisaPaymentPageTest.java:120)
	at sun.reflect.NativeMethodAccessorImpl.invoke0(Native Method)
	at sun.reflect.NativeMethodAccessorImpl.invoke(Unknown Source)
	at sun.reflect.DelegatingMethodAccessorImpl.invoke(Unknown Source)
	at java.lang.reflect.Method.invoke(Unknown Source)
	at org.testng.internal.MethodInvocationHelper.invokeMethod(MethodInvocationHelper.java:124)
	at org.testng.internal.Invoker.invokeMethod(Invoker.java:580)
	at org.testng.internal.Invoker.invokeTestMethod(Invoker.java:716)
	at org.testng.internal.Invoker.invokeTestMethods(Invoker.java:988)
	at org.testng.internal.TestMethodWorker.invokeTestMethods(TestMethodWorker.java:125)
	at org.testng.internal.TestMethodWorker.run(TestMethodWorker.java:109)
	at org.testng.TestRunner.privateRun(TestRunner.java:648)
	at org.testng.TestRunner.run(TestRunner.java:505)
	at org.testng.SuiteRunner.runTest(SuiteRunner.java:455)
	at org.testng.SuiteRunner.runSequentially(SuiteRunner.java:450)
	at org.testng.SuiteRunner.privateRun(SuiteRunner.java:415)
	at org.testng.SuiteRunner.run(SuiteRunner.java:364)
	at org.testng.SuiteRunnerWorker.runSuite(SuiteRunnerWorker.java:52)
	at org.testng.SuiteRunnerWorker.run(SuiteRunnerWorker.java:84)
	at org.testng.TestNG.runSuitesSequentially(TestNG.java:1208)
	at org.testng.TestNG.runSuitesLocally(TestNG.java:1137)
	at org.testng.TestNG.runSuites(TestNG.java:1049)
	at org.testng.TestNG.run(TestNG.java:1017)
	at org.testng.remote.AbstractRemoteTestNG.run(AbstractRemoteTestNG.java:114)
	at org.testng.remote.RemoteTestNG.initAndRun(RemoteTestNG.java:251)
	at org.testng.remote.RemoteTestNG.main(RemoteTestNG.java:77)
</pre></div></td>
<td>132</td>
<td>com.ghana.app.qa.testcases.VisaPaymentPageTest@47db50c5</td></tr>
</table><p>
<table width='100%' border='1' class='invocation-passed'>
<tr><td colspan='4' align='center'><b>PASSED TESTS</b></td></tr>
<tr><td><b>Test method</b></td>
<td width="30%"><b>Exception</b></td>
<td width="10%"><b>Time (seconds)</b></td>
<td><b>Instance</b></td>
</tr>
<tr>
<td title='com.ghana.app.qa.testcases.TravelInfoPageTest.ContinueAndSaveEmergTest()'><b>ContinueAndSaveEmergTest</b><br>Test class: com.ghana.app.qa.testcases.TravelInfoPageTest</td>
<td></td>
<td>4</td>
<td>com.ghana.app.qa.testcases.TravelInfoPageTest@6eceb130</td></tr>
<tr>
<td title='com.ghana.app.qa.testcases.TravelInfoPageTest.PassSecondaryRefDetailsTest()'><b>PassSecondaryRefDetailsTest</b><br>Test class: com.ghana.app.qa.testcases.TravelInfoPageTest</td>
<td></td>
<td>1</td>
<td>com.ghana.app.qa.testcases.TravelInfoPageTest@6eceb130</td></tr>
<tr>
<td title='com.ghana.app.qa.testcases.EmergencyContactPageTest.SaveAndContinueAddressInfoTest()'><b>SaveAndContinueAddressInfoTest</b><br>Test class: com.ghana.app.qa.testcases.EmergencyContactPageTest</td>
<td></td>
<td>0</td>
<td>com.ghana.app.qa.testcases.EmergencyContactPageTest@706a04ae</td></tr>
<tr>
<td title='com.ghana.app.qa.testcases.PersonalInfoPageTest.clickOnGenderTest()'><b>clickOnGenderTest</b><br>Test class: com.ghana.app.qa.testcases.PersonalInfoPageTest</td>
<td></td>
<td>2</td>
<td>com.ghana.app.qa.testcases.PersonalInfoPageTest@2eda0940</td></tr>
<tr>
<td title='com.ghana.app.qa.testcases.TravelInfoPageTest.clickOnIsApplicantPossessionRoundTicketTest()'><b>clickOnIsApplicantPossessionRoundTicketTest</b><br>Test class: com.ghana.app.qa.testcases.TravelInfoPageTest</td>
<td></td>
<td>0</td>
<td>com.ghana.app.qa.testcases.TravelInfoPageTest@6eceb130</td></tr>
<tr>
<td title='com.ghana.app.qa.testcases.TravelInfoPageTest.clickOnTravelByTest()'><b>clickOnTravelByTest</b><br>Test class: com.ghana.app.qa.testcases.TravelInfoPageTest</td>
<td></td>
<td>0</td>
<td>com.ghana.app.qa.testcases.TravelInfoPageTest@6eceb130</td></tr>
<tr>
<td title='com.ghana.app.qa.testcases.VisaCategoriesPageTest.clickOnVisaTypeTest()'><b>clickOnVisaTypeTest</b><br>Test class: com.ghana.app.qa.testcases.VisaCategoriesPageTest</td>
<td></td>
<td>7</td>
<td>com.ghana.app.qa.testcases.VisaCategoriesPageTest@43a0cee9</td></tr>
<tr>
<td title='com.ghana.app.qa.testcases.TravelInfoPageTest.clickPurpose_of_journeyTest()'><b>clickPurpose_of_journeyTest</b><br>Test class: com.ghana.app.qa.testcases.TravelInfoPageTest</td>
<td></td>
<td>0</td>
<td>com.ghana.app.qa.testcases.TravelInfoPageTest@6eceb130</td></tr>
<tr>
<td title='com.ghana.app.qa.testcases.EmergencyContactPageTest.emergencyContactDetailsTest()'><b>emergencyContactDetailsTest</b><br>Test class: com.ghana.app.qa.testcases.EmergencyContactPageTest</td>
<td></td>
<td>0</td>
<td>com.ghana.app.qa.testcases.EmergencyContactPageTest@706a04ae</td></tr>
<tr>
<td title='com.ghana.app.qa.testcases.EmergencyContactPageTest.emergencyProfessionDetailsTest()'><b>emergencyProfessionDetailsTest</b><br>Test class: com.ghana.app.qa.testcases.EmergencyContactPageTest</td>
<td></td>
<td>1</td>
<td>com.ghana.app.qa.testcases.EmergencyContactPageTest@706a04ae</td></tr>
<tr>
<td title='com.ghana.app.qa.testcases.SignUpPageTest.enterCaptchaFieldTest()'><b>enterCaptchaFieldTest</b><br>Test class: com.ghana.app.qa.testcases.SignUpPageTest</td>
<td></td>
<td>4</td>
<td>com.ghana.app.qa.testcases.SignUpPageTest@eb21112</td></tr>
<tr>
<td title='com.ghana.app.qa.testcases.PersonalInfoPageTest.fillSignUpFormTest()'><b>fillSignUpFormTest</b><br>Test class: com.ghana.app.qa.testcases.PersonalInfoPageTest</td>
<td></td>
<td>34</td>
<td>com.ghana.app.qa.testcases.PersonalInfoPageTest@2eda0940</td></tr>
<tr>
<td title='com.ghana.app.qa.testcases.PersonalInfoPageTest.getApplicationIdTest()'><b>getApplicationIdTest</b><br>Test class: com.ghana.app.qa.testcases.PersonalInfoPageTest</td>
<td></td>
<td>0</td>
<td>com.ghana.app.qa.testcases.PersonalInfoPageTest@2eda0940</td></tr>
<tr>
<td title='com.ghana.app.qa.testcases.PersonalInfoPageTest.getApplicationPageTitleTest()'><b>getApplicationPageTitleTest</b><br>Test class: com.ghana.app.qa.testcases.PersonalInfoPageTest</td>
<td></td>
<td>2</td>
<td>com.ghana.app.qa.testcases.PersonalInfoPageTest@2eda0940</td></tr>
<tr>
<td title='com.ghana.app.qa.testcases.ReviewApplicationPageTest.getTextAddressInfoTest()'><b>getTextAddressInfoTest</b><br>Test class: com.ghana.app.qa.testcases.ReviewApplicationPageTest</td>
<td></td>
<td>0</td>
<td>com.ghana.app.qa.testcases.ReviewApplicationPageTest@67b467e9</td></tr>
<tr>
<td title='com.ghana.app.qa.testcases.ReviewApplicationPageTest.getTextEmergencyContactTest()'><b>getTextEmergencyContactTest</b><br>Test class: com.ghana.app.qa.testcases.ReviewApplicationPageTest</td>
<td></td>
<td>0</td>
<td>com.ghana.app.qa.testcases.ReviewApplicationPageTest@67b467e9</td></tr>
<tr>
<td title='com.ghana.app.qa.testcases.ReviewApplicationPageTest.getTextPersonalInfoTest()'><b>getTextPersonalInfoTest</b><br>Test class: com.ghana.app.qa.testcases.ReviewApplicationPageTest</td>
<td></td>
<td>0</td>
<td>com.ghana.app.qa.testcases.ReviewApplicationPageTest@67b467e9</td></tr>
<tr>
<td title='com.ghana.app.qa.testcases.ReviewApplicationPageTest.getTextTravelInfoTest()'><b>getTextTravelInfoTest</b><br>Test class: com.ghana.app.qa.testcases.ReviewApplicationPageTest</td>
<td></td>
<td>1</td>
<td>com.ghana.app.qa.testcases.ReviewApplicationPageTest@67b467e9</td></tr>
<tr>
<td title='com.ghana.app.qa.testcases.UploadDocPageTest.getUploadDocTest()'><b>getUploadDocTest</b><br>Test class: com.ghana.app.qa.testcases.UploadDocPageTest</td>
<td></td>
<td>0</td>
<td>com.ghana.app.qa.testcases.UploadDocPageTest@10a035a0</td></tr>
<tr>
<td title='com.ghana.app.qa.testcases.VisaCategoriesPageTest.getVisaCategoriesText()'><b>getVisaCategoriesText</b><br>Test class: com.ghana.app.qa.testcases.VisaCategoriesPageTest</td>
<td></td>
<td>0</td>
<td>com.ghana.app.qa.testcases.VisaCategoriesPageTest@43a0cee9</td></tr>
<tr>
<td title='com.ghana.app.qa.testcases.SignUpPageTest.launchAndGotoSignUP()'><b>launchAndGotoSignUP</b><br>Test class: com.ghana.app.qa.testcases.SignUpPageTest</td>
<td></td>
<td>13</td>
<td>com.ghana.app.qa.testcases.SignUpPageTest@eb21112</td></tr>
<tr>
<td title='com.ghana.app.qa.testcases.TravelInfoPageTest.passDateOfDepartureTest()'><b>passDateOfDepartureTest</b><br>Test class: com.ghana.app.qa.testcases.TravelInfoPageTest</td>
<td></td>
<td>0</td>
<td>com.ghana.app.qa.testcases.TravelInfoPageTest@6eceb130</td></tr>
<tr>
<td title='com.ghana.app.qa.testcases.SignUpPageTest.passEmailIdTest()'><b>passEmailIdTest</b><br>Test class: com.ghana.app.qa.testcases.SignUpPageTest</td>
<td></td>
<td>0</td>
<td>com.ghana.app.qa.testcases.SignUpPageTest@eb21112</td></tr>
<tr>
<td title='com.ghana.app.qa.testcases.PersonalInfoPageTest.passFirstNameTest()'><b>passFirstNameTest</b><br>Test class: com.ghana.app.qa.testcases.PersonalInfoPageTest</td>
<td></td>
<td>0</td>
<td>com.ghana.app.qa.testcases.PersonalInfoPageTest@2eda0940</td></tr>
<tr>
<td title='com.ghana.app.qa.testcases.PersonalInfoPageTest.passLastNameTest()'><b>passLastNameTest</b><br>Test class: com.ghana.app.qa.testcases.PersonalInfoPageTest</td>
<td></td>
<td>0</td>
<td>com.ghana.app.qa.testcases.PersonalInfoPageTest@2eda0940</td></tr>
<tr>
<td title='com.ghana.app.qa.testcases.PersonalInfoPageTest.passMiddleNameTest()'><b>passMiddleNameTest</b><br>Test class: com.ghana.app.qa.testcases.PersonalInfoPageTest</td>
<td></td>
<td>0</td>
<td>com.ghana.app.qa.testcases.PersonalInfoPageTest@2eda0940</td></tr>
<tr>
<td title='com.ghana.app.qa.testcases.PersonalInfoPageTest.passPassportNumberTest()'><b>passPassportNumberTest</b><br>Test class: com.ghana.app.qa.testcases.PersonalInfoPageTest</td>
<td></td>
<td>0</td>
<td>com.ghana.app.qa.testcases.PersonalInfoPageTest@2eda0940</td></tr>
<tr>
<td title='com.ghana.app.qa.testcases.SignUpPageTest.passPhoneNoTest()'><b>passPhoneNoTest</b><br>Test class: com.ghana.app.qa.testcases.SignUpPageTest</td>
<td></td>
<td>0</td>
<td>com.ghana.app.qa.testcases.SignUpPageTest@eb21112</td></tr>
<tr>
<td title='com.ghana.app.qa.testcases.PersonalInfoPageTest.passPlaceOfBirthTest()'><b>passPlaceOfBirthTest</b><br>Test class: com.ghana.app.qa.testcases.PersonalInfoPageTest</td>
<td></td>
<td>0</td>
<td>com.ghana.app.qa.testcases.PersonalInfoPageTest@2eda0940</td></tr>
<tr>
<td title='com.ghana.app.qa.testcases.TravelInfoPageTest.passPrimaryRefFirstnameTest()'><b>passPrimaryRefFirstnameTest</b><br>Test class: com.ghana.app.qa.testcases.TravelInfoPageTest</td>
<td></td>
<td>0</td>
<td>com.ghana.app.qa.testcases.TravelInfoPageTest@6eceb130</td></tr>
<tr>
<td title='com.ghana.app.qa.testcases.TravelInfoPageTest.passPrimaryRefLastnameTest()'><b>passPrimaryRefLastnameTest</b><br>Test class: com.ghana.app.qa.testcases.TravelInfoPageTest</td>
<td></td>
<td>0</td>
<td>com.ghana.app.qa.testcases.TravelInfoPageTest@6eceb130</td></tr>
<tr>
<td title='com.ghana.app.qa.testcases.SignUpPageTest.passReEmailIdTest()'><b>passReEmailIdTest</b><br>Test class: com.ghana.app.qa.testcases.SignUpPageTest</td>
<td></td>
<td>0</td>
<td>com.ghana.app.qa.testcases.SignUpPageTest@eb21112</td></tr>
<tr>
<td title='com.ghana.app.qa.testcases.TravelInfoPageTest.passTicketNumberTest()'><b>passTicketNumberTest</b><br>Test class: com.ghana.app.qa.testcases.TravelInfoPageTest</td>
<td></td>
<td>0</td>
<td>com.ghana.app.qa.testcases.TravelInfoPageTest@6eceb130</td></tr>
<tr>
<td title='com.ghana.app.qa.testcases.TravelInfoPageTest.pass_Primary_ref_addressTest()'><b>pass_Primary_ref_addressTest</b><br>Test class: com.ghana.app.qa.testcases.TravelInfoPageTest</td>
<td></td>
<td>0</td>
<td>com.ghana.app.qa.testcases.TravelInfoPageTest@6eceb130</td></tr>
<tr>
<td title='com.ghana.app.qa.testcases.TravelInfoPageTest.pass_primary_ref_cityTest()'><b>pass_primary_ref_cityTest</b><br>Test class: com.ghana.app.qa.testcases.TravelInfoPageTest</td>
<td></td>
<td>0</td>
<td>com.ghana.app.qa.testcases.TravelInfoPageTest@6eceb130</td></tr>
<tr>
<td title='com.ghana.app.qa.testcases.TravelInfoPageTest.pass_primary_ref_countryTest()'><b>pass_primary_ref_countryTest</b><br>Test class: com.ghana.app.qa.testcases.TravelInfoPageTest</td>
<td></td>
<td>0</td>
<td>com.ghana.app.qa.testcases.TravelInfoPageTest@6eceb130</td></tr>
<tr>
<td title='com.ghana.app.qa.testcases.TravelInfoPageTest.pass_primary_ref_phone_numberTest()'><b>pass_primary_ref_phone_numberTest</b><br>Test class: com.ghana.app.qa.testcases.TravelInfoPageTest</td>
<td></td>
<td>0</td>
<td>com.ghana.app.qa.testcases.TravelInfoPageTest@6eceb130</td></tr>
<tr>
<td title='com.ghana.app.qa.testcases.TravelInfoPageTest.pass_primary_ref_pincodeTest()'><b>pass_primary_ref_pincodeTest</b><br>Test class: com.ghana.app.qa.testcases.TravelInfoPageTest</td>
<td></td>
<td>0</td>
<td>com.ghana.app.qa.testcases.TravelInfoPageTest@6eceb130</td></tr>
<tr>
<td title='com.ghana.app.qa.testcases.TravelInfoPageTest.pass_primary_ref_stateTest()'><b>pass_primary_ref_stateTest</b><br>Test class: com.ghana.app.qa.testcases.TravelInfoPageTest</td>
<td></td>
<td>0</td>
<td>com.ghana.app.qa.testcases.TravelInfoPageTest@6eceb130</td></tr>
<tr>
<td title='com.ghana.app.qa.testcases.SignUpPageTest.selectDateOfBirthTest()'><b>selectDateOfBirthTest</b><br>Test class: com.ghana.app.qa.testcases.SignUpPageTest</td>
<td></td>
<td>3</td>
<td>com.ghana.app.qa.testcases.SignUpPageTest@eb21112</td></tr>
<tr>
<td title='com.ghana.app.qa.testcases.SignUpPageTest.selectNationalityTest()'><b>selectNationalityTest</b><br>Test class: com.ghana.app.qa.testcases.SignUpPageTest</td>
<td></td>
<td>0</td>
<td>com.ghana.app.qa.testcases.SignUpPageTest@eb21112</td></tr>
<tr>
<td title='com.ghana.app.qa.testcases.PersonalInfoPageTest.selectPassExpiryDateTest()'><b>selectPassExpiryDateTest</b><br>Test class: com.ghana.app.qa.testcases.PersonalInfoPageTest</td>
<td></td>
<td>0</td>
<td>com.ghana.app.qa.testcases.PersonalInfoPageTest@2eda0940</td></tr>
<tr>
<td title='com.ghana.app.qa.testcases.PersonalInfoPageTest.selectPassIssueDateTest()'><b>selectPassIssueDateTest</b><br>Test class: com.ghana.app.qa.testcases.PersonalInfoPageTest</td>
<td></td>
<td>0</td>
<td>com.ghana.app.qa.testcases.PersonalInfoPageTest@2eda0940</td></tr>
<tr>
<td title='com.ghana.app.qa.testcases.SignUpPageTest.selectPassportTypeTest()'><b>selectPassportTypeTest</b><br>Test class: com.ghana.app.qa.testcases.SignUpPageTest</td>
<td></td>
<td>0</td>
<td>com.ghana.app.qa.testcases.SignUpPageTest@eb21112</td></tr>
<tr>
<td title='com.ghana.app.qa.testcases.SignUpPageTest.selectPortOfArrivalTest()'><b>selectPortOfArrivalTest</b><br>Test class: com.ghana.app.qa.testcases.SignUpPageTest</td>
<td></td>
<td>0</td>
<td>com.ghana.app.qa.testcases.SignUpPageTest@eb21112</td></tr>
<tr>
<td title='com.ghana.app.qa.testcases.EmergencyContactPageTest.selectRelationTest()'><b>selectRelationTest</b><br>Test class: com.ghana.app.qa.testcases.EmergencyContactPageTest</td>
<td></td>
<td>0</td>
<td>com.ghana.app.qa.testcases.EmergencyContactPageTest@706a04ae</td></tr>
<tr>
<td title='com.ghana.app.qa.testcases.SignUpPageTest.selectVisaLocation()'><b>selectVisaLocation</b><br>Test class: com.ghana.app.qa.testcases.SignUpPageTest</td>
<td></td>
<td>0</td>
<td>com.ghana.app.qa.testcases.SignUpPageTest@eb21112</td></tr>
<tr>
<td title='com.ghana.app.qa.testcases.SignUpPageTest.selectVisaType()'><b>selectVisaType</b><br>Test class: com.ghana.app.qa.testcases.SignUpPageTest</td>
<td></td>
<td>0</td>
<td>com.ghana.app.qa.testcases.SignUpPageTest@eb21112</td></tr>
<tr>
<td title='com.ghana.app.qa.testcases.EmergencyContactPageTest.signUpAndFillAddressInfo()'><b>signUpAndFillAddressInfo</b><br>Test class: com.ghana.app.qa.testcases.EmergencyContactPageTest</td>
<td></td>
<td>33</td>
<td>com.ghana.app.qa.testcases.EmergencyContactPageTest@706a04ae</td></tr>
<tr>
<td title='com.ghana.app.qa.testcases.TravelInfoPageTest.signUpAndFillEmergInfo()'><b>signUpAndFillEmergInfo</b><br>Test class: com.ghana.app.qa.testcases.TravelInfoPageTest</td>
<td></td>
<td>37</td>
<td>com.ghana.app.qa.testcases.TravelInfoPageTest@6eceb130</td></tr>
<tr>
<td title='com.ghana.app.qa.testcases.AddressInfoPageTest.signUpAndFillPersonalInfo()'><b>signUpAndFillPersonalInfo</b><br>Test class: com.ghana.app.qa.testcases.AddressInfoPageTest</td>
<td></td>
<td>28</td>
<td>com.ghana.app.qa.testcases.AddressInfoPageTest@3578436e</td></tr>
<tr>
<td title='com.ghana.app.qa.testcases.UploadDocPageTest.signUpAndFillTravelInfo()'><b>signUpAndFillTravelInfo</b><br>Test class: com.ghana.app.qa.testcases.UploadDocPageTest</td>
<td></td>
<td>44</td>
<td>com.ghana.app.qa.testcases.UploadDocPageTest@10a035a0</td></tr>
<tr>
<td title='com.ghana.app.qa.testcases.VisaPaymentPageTest.signUpAndPayment()'><b>signUpAndPayment</b><br>Test class: com.ghana.app.qa.testcases.VisaPaymentPageTest</td>
<td></td>
<td>60</td>
<td>com.ghana.app.qa.testcases.VisaPaymentPageTest@47db50c5</td></tr>
<tr>
<td title='com.ghana.app.qa.testcases.ReviewApplicationPageTest.signUpAndValidateReviewApp()'><b>signUpAndValidateReviewApp</b><br>Test class: com.ghana.app.qa.testcases.ReviewApplicationPageTest</td>
<td></td>
<td>56</td>
<td>com.ghana.app.qa.testcases.ReviewApplicationPageTest@67b467e9</td></tr>
<tr>
<td title='com.ghana.app.qa.testcases.VisaCategoriesPageTest.validateVisaPageTiltleTest()'><b>validateVisaPageTiltleTest</b><br>Test class: com.ghana.app.qa.testcases.VisaCategoriesPageTest</td>
<td></td>
<td>2</td>
<td>com.ghana.app.qa.testcases.VisaCategoriesPageTest@43a0cee9</td></tr>
<tr>
<td title='com.ghana.app.qa.testcases.TravelInfoPageTest.verifyCheckBoxTest()'><b>verifyCheckBoxTest</b><br>Test class: com.ghana.app.qa.testcases.TravelInfoPageTest</td>
<td></td>
<td>0</td>
<td>com.ghana.app.qa.testcases.TravelInfoPageTest@6eceb130</td></tr>
<tr>
<td title='com.ghana.app.qa.testcases.HomePageTest.verifyHomePageTitleTest()'><b>verifyHomePageTitleTest</b><br>Test class: com.ghana.app.qa.testcases.HomePageTest</td>
<td></td>
<td>0</td>
<td>com.ghana.app.qa.testcases.HomePageTest@704d6e83</td></tr>
<tr>
<td title='com.ghana.app.qa.testcases.PersonalInfoPageTest.verifyPersonalInfoTest()'><b>verifyPersonalInfoTest</b><br>Test class: com.ghana.app.qa.testcases.PersonalInfoPageTest</td>
<td></td>
<td>2</td>
<td>com.ghana.app.qa.testcases.PersonalInfoPageTest@2eda0940</td></tr>
<tr>
<td title='com.ghana.app.qa.testcases.HomePageTest.verifyVisaCategoriesTest()'><b>verifyVisaCategoriesTest</b><br>Test class: com.ghana.app.qa.testcases.HomePageTest</td>
<td></td>
<td>0</td>
<td>com.ghana.app.qa.testcases.HomePageTest@704d6e83</td></tr>
</table><p>
</body>
</html>